INFO  2016-09-29T22:48:14,016 [main] com.roxoft.hierarchy.io.printers.CompanySystemPrinter:printCompanySystem(77): 
Company System
INFO  2016-09-29T22:48:14,017 [main] com.roxoft.hierarchy.io.printers.CompanySystemPrinter:printCompanySystem(80): 
Company: MAPID.
INFO  2016-09-29T22:48:14,017 [main] com.roxoft.hierarchy.io.printers.CompanySystemPrinter:printCompanySystem(81): Address: R.Luxemburg st., 205, 220036, Minsk.
INFO  2016-09-29T22:48:14,017 [main] com.roxoft.hierarchy.io.printers.CompanySystemPrinter:printCompanySystem(90): Company MAPID: number of projects = 0.
INFO  2016-09-29T22:48:14,017 [main] com.roxoft.hierarchy.io.printers.CompanySystemPrinter:printCompanySystem(80): 
Company: MTZ.
INFO  2016-09-29T22:48:14,017 [main] com.roxoft.hierarchy.io.printers.CompanySystemPrinter:printCompanySystem(81): Address: Dolgobrodskaya st., 29, 220009, Minsk.
INFO  2016-09-29T22:48:14,018 [main] com.roxoft.hierarchy.io.printers.CompanySystemPrinter:printCompanySystem(86): Project: project No991, team: [ENGINEER-TECHNOLOGIST, ENGINEER-BUILDER].
INFO  2016-09-29T22:48:14,018 [main] com.roxoft.hierarchy.io.printers.CompanySystemPrinter:printCompanySystem(86): Project: project No999, team: [ENGINEER-BUILDER, ENGINEER-PROGRAMMER, ACCOUNTANT].
INFO  2016-09-29T22:48:14,018 [main] com.roxoft.hierarchy.io.printers.CompanySystemPrinter:printCompanySystem(86): Project: increase productivity project, team: [ENGINEER-TECHNOLOGIST, ENGINEER-BUILDER, ACCOUNTANT, ENGINEER-BUILDER].
INFO  2016-09-29T22:48:14,018 [main] com.roxoft.hierarchy.io.printers.CompanySystemPrinter:printCompanySystem(86): Project: project secret object No21, team: [ACCOUNTANT, ACCOUNTANT, ENGINEER-TECHNOLOGIST].
INFO  2016-09-29T22:48:14,018 [main] com.roxoft.hierarchy.io.printers.CompanySystemPrinter:printCompanySystem(90): Company MTZ: number of projects = 4.
INFO  2016-09-29T22:48:14,018 [main] com.roxoft.hierarchy.io.printers.CompanySystemPrinter:printCompanySystem(80): 
Company: BELAVIA.
INFO  2016-09-29T22:48:14,018 [main] com.roxoft.hierarchy.io.printers.CompanySystemPrinter:printCompanySystem(81): Address: Nemiga st., 14A, 220004, Minsk.
INFO  2016-09-29T22:48:14,018 [main] com.roxoft.hierarchy.io.printers.CompanySystemPrinter:printCompanySystem(86): Project: project No95, team: [ECONOMIST, PETROLEUM-ENGINEER].
INFO  2016-09-29T22:48:14,018 [main] com.roxoft.hierarchy.io.printers.CompanySystemPrinter:printCompanySystem(86): Project: innovative production project, team: [ENGINEER-TECHNOLOGIST, PETROLEUM-ENGINEER, ENGINEER-BUILDER].
INFO  2016-09-29T22:48:14,018 [main] com.roxoft.hierarchy.io.printers.CompanySystemPrinter:printCompanySystem(90): Company BELAVIA: number of projects = 2.
INFO  2016-09-29T22:48:14,019 [main] com.roxoft.hierarchy.io.printers.CompanySystemPrinter:purePrint(34): 
Company System

INFO  2016-09-29T22:48:14,019 [main] com.roxoft.hierarchy.io.printers.CompanySystemPrinter:purePrint(35): Number of projects: 6.
INFO  2016-09-29T22:48:14,019 [main] com.roxoft.hierarchy.io.printers.CompanySystemPrinter:purePrint(37): Project 1: project No991, company: MTZ, team: [ENGINEER-TECHNOLOGIST, ENGINEER-BUILDER].
INFO  2016-09-29T22:48:14,019 [main] com.roxoft.hierarchy.io.printers.CompanySystemPrinter:purePrint(37): Project 2: project No999, company: MTZ, team: [ENGINEER-BUILDER, ENGINEER-PROGRAMMER, ACCOUNTANT].
INFO  2016-09-29T22:48:14,019 [main] com.roxoft.hierarchy.io.printers.CompanySystemPrinter:purePrint(37): Project 3: increase productivity project, company: MTZ, team: [ENGINEER-TECHNOLOGIST, ENGINEER-BUILDER, ACCOUNTANT, ENGINEER-BUILDER].
INFO  2016-09-29T22:48:14,019 [main] com.roxoft.hierarchy.io.printers.CompanySystemPrinter:purePrint(37): Project 4: project secret object No21, company: MTZ, team: [ACCOUNTANT, ACCOUNTANT, ENGINEER-TECHNOLOGIST].
INFO  2016-09-29T22:48:14,019 [main] com.roxoft.hierarchy.io.printers.CompanySystemPrinter:purePrint(37): Project 5: project No95, company: BELAVIA, team: [ECONOMIST, PETROLEUM-ENGINEER].
INFO  2016-09-29T22:48:14,019 [main] com.roxoft.hierarchy.io.printers.CompanySystemPrinter:purePrint(37): Project 6: innovative production project, company: BELAVIA, team: [ENGINEER-TECHNOLOGIST, PETROLEUM-ENGINEER, ENGINEER-BUILDER].
INFO  2016-09-29T22:48:14,019 [main] com.roxoft.hierarchy.io.printers.CompanySystemPrinter:purePrint(41): Number of companies: 3.
INFO  2016-09-29T22:48:14,020 [main] com.roxoft.hierarchy.io.printers.CompanySystemPrinter:purePrint(43): Company 1: MAPID; address: R.Luxemburg st., 205, 220036, Minsk.
INFO  2016-09-29T22:48:14,020 [main] com.roxoft.hierarchy.io.printers.CompanySystemPrinter:purePrint(43): Company 2: MTZ; address: Dolgobrodskaya st., 29, 220009, Minsk.
INFO  2016-09-29T22:48:14,020 [main] com.roxoft.hierarchy.io.printers.CompanySystemPrinter:purePrint(43): Company 3: BELAVIA; address: Nemiga st., 14A, 220004, Minsk.
INFO  2016-09-29T22:48:14,052 [main] com.roxoft.hierarchy.io.printers.CompanySystemPrinter:printCompanySystem(77): 
Company System
INFO  2016-09-29T22:48:14,052 [main] com.roxoft.hierarchy.io.printers.CompanySystemPrinter:printCompanySystem(80): 
Company: MAPID.
INFO  2016-09-29T22:48:14,053 [main] com.roxoft.hierarchy.io.printers.CompanySystemPrinter:printCompanySystem(81): Address: R.Luxemburg st., 205, 220036, Minsk.
INFO  2016-09-29T22:48:14,053 [main] com.roxoft.hierarchy.io.printers.CompanySystemPrinter:printCompanySystem(90): Company MAPID: number of projects = 0.
INFO  2016-09-29T22:48:14,053 [main] com.roxoft.hierarchy.io.printers.CompanySystemPrinter:printCompanySystem(80): 
Company: MTZ.
INFO  2016-09-29T22:48:14,053 [main] com.roxoft.hierarchy.io.printers.CompanySystemPrinter:printCompanySystem(81): Address: Dolgobrodskaya st., 29, 220009, Minsk.
INFO  2016-09-29T22:48:14,053 [main] com.roxoft.hierarchy.io.printers.CompanySystemPrinter:printCompanySystem(86): Project: project No991, team: [ENGINEER-TECHNOLOGIST, ENGINEER-BUILDER].
INFO  2016-09-29T22:48:14,055 [main] com.roxoft.hierarchy.io.printers.CompanySystemPrinter:printCompanySystem(86): Project: project No999, team: [ENGINEER-BUILDER, ENGINEER-PROGRAMMER, ACCOUNTANT].
INFO  2016-09-29T22:48:14,055 [main] com.roxoft.hierarchy.io.printers.CompanySystemPrinter:printCompanySystem(86): Project: increase productivity project, team: [ENGINEER-TECHNOLOGIST, ENGINEER-BUILDER, ACCOUNTANT, ENGINEER-BUILDER].
INFO  2016-09-29T22:48:14,055 [main] com.roxoft.hierarchy.io.printers.CompanySystemPrinter:printCompanySystem(86): Project: project secret object No21, team: [ACCOUNTANT, ACCOUNTANT, ENGINEER-TECHNOLOGIST].
INFO  2016-09-29T22:48:14,056 [main] com.roxoft.hierarchy.io.printers.CompanySystemPrinter:printCompanySystem(90): Company MTZ: number of projects = 4.
INFO  2016-09-29T22:48:14,056 [main] com.roxoft.hierarchy.io.printers.CompanySystemPrinter:printCompanySystem(80): 
Company: BELAVIA.
INFO  2016-09-29T22:48:14,056 [main] com.roxoft.hierarchy.io.printers.CompanySystemPrinter:printCompanySystem(81): Address: Nemiga st., 14A, 220004, Minsk.
INFO  2016-09-29T22:48:14,056 [main] com.roxoft.hierarchy.io.printers.CompanySystemPrinter:printCompanySystem(86): Project: project No95, team: [ECONOMIST, PETROLEUM-ENGINEER].
INFO  2016-09-29T22:48:14,056 [main] com.roxoft.hierarchy.io.printers.CompanySystemPrinter:printCompanySystem(86): Project: innovative production project, team: [ENGINEER-TECHNOLOGIST, PETROLEUM-ENGINEER, ENGINEER-BUILDER].
INFO  2016-09-29T22:48:14,056 [main] com.roxoft.hierarchy.io.printers.CompanySystemPrinter:printCompanySystem(90): Company BELAVIA: number of projects = 2.
INFO  2016-09-29T22:48:14,056 [main] com.roxoft.hierarchy.io.printers.CompanySystemPrinter:purePrint(34): 
Company System

INFO  2016-09-29T22:48:14,056 [main] com.roxoft.hierarchy.io.printers.CompanySystemPrinter:purePrint(35): Number of projects: 6.
INFO  2016-09-29T22:48:14,056 [main] com.roxoft.hierarchy.io.printers.CompanySystemPrinter:purePrint(37): Project 1: project No991, company: MTZ, team: [ENGINEER-TECHNOLOGIST, ENGINEER-BUILDER].
INFO  2016-09-29T22:48:14,056 [main] com.roxoft.hierarchy.io.printers.CompanySystemPrinter:purePrint(37): Project 2: project No999, company: MTZ, team: [ENGINEER-BUILDER, ENGINEER-PROGRAMMER, ACCOUNTANT].
INFO  2016-09-29T22:48:14,057 [main] com.roxoft.hierarchy.io.printers.CompanySystemPrinter:purePrint(37): Project 3: increase productivity project, company: MTZ, team: [ENGINEER-TECHNOLOGIST, ENGINEER-BUILDER, ACCOUNTANT, ENGINEER-BUILDER].
INFO  2016-09-29T22:48:14,057 [main] com.roxoft.hierarchy.io.printers.CompanySystemPrinter:purePrint(37): Project 4: project secret object No21, company: MTZ, team: [ACCOUNTANT, ACCOUNTANT, ENGINEER-TECHNOLOGIST].
INFO  2016-09-29T22:48:14,057 [main] com.roxoft.hierarchy.io.printers.CompanySystemPrinter:purePrint(37): Project 5: project No95, company: BELAVIA, team: [ECONOMIST, PETROLEUM-ENGINEER].
INFO  2016-09-29T22:48:14,057 [main] com.roxoft.hierarchy.io.printers.CompanySystemPrinter:purePrint(37): Project 6: innovative production project, company: BELAVIA, team: [ENGINEER-TECHNOLOGIST, PETROLEUM-ENGINEER, ENGINEER-BUILDER].
INFO  2016-09-29T22:48:14,057 [main] com.roxoft.hierarchy.io.printers.CompanySystemPrinter:purePrint(41): Number of companies: 3.
INFO  2016-09-29T22:48:14,057 [main] com.roxoft.hierarchy.io.printers.CompanySystemPrinter:purePrint(43): Company 1: MAPID; address: R.Luxemburg st., 205, 220036, Minsk.
INFO  2016-09-29T22:48:14,057 [main] com.roxoft.hierarchy.io.printers.CompanySystemPrinter:purePrint(43): Company 2: MTZ; address: Dolgobrodskaya st., 29, 220009, Minsk.
INFO  2016-09-29T22:48:14,057 [main] com.roxoft.hierarchy.io.printers.CompanySystemPrinter:purePrint(43): Company 3: BELAVIA; address: Nemiga st., 14A, 220004, Minsk.
INFO  2016-09-29T22:52:21,492 [main] com.roxoft.hierarchy.io.printers.CompanySystemPrinter:printCompanySystem(77): 
Company System
INFO  2016-09-29T22:52:21,493 [main] com.roxoft.hierarchy.io.printers.CompanySystemPrinter:printCompanySystem(80): 
Company: MAPID.
INFO  2016-09-29T22:52:21,493 [main] com.roxoft.hierarchy.io.printers.CompanySystemPrinter:printCompanySystem(81): Address: R.Luxemburg st., 205, 220036, Minsk.
INFO  2016-09-29T22:52:21,493 [main] com.roxoft.hierarchy.io.printers.CompanySystemPrinter:printCompanySystem(86): Project: project No999, team: [PETROLEUM-ENGINEER, LOGIST].
INFO  2016-09-29T22:52:21,493 [main] com.roxoft.hierarchy.io.printers.CompanySystemPrinter:printCompanySystem(86): Project: project secret object No21, team: [ENGINEER-PROGRAMMER, ACCOUNTANT].
INFO  2016-09-29T22:52:21,493 [main] com.roxoft.hierarchy.io.printers.CompanySystemPrinter:printCompanySystem(90): Company MAPID: number of projects = 2.
INFO  2016-09-29T22:52:21,493 [main] com.roxoft.hierarchy.io.printers.CompanySystemPrinter:printCompanySystem(80): 
Company: MTZ.
INFO  2016-09-29T22:52:21,493 [main] com.roxoft.hierarchy.io.printers.CompanySystemPrinter:printCompanySystem(81): Address: Dolgobrodskaya st., 29, 220009, Minsk.
INFO  2016-09-29T22:52:21,493 [main] com.roxoft.hierarchy.io.printers.CompanySystemPrinter:printCompanySystem(86): Project: project No991, team: [ACCOUNTANT, ENGINEER-PROGRAMMER, ENGINEER-BUILDER].
INFO  2016-09-29T22:52:21,493 [main] com.roxoft.hierarchy.io.printers.CompanySystemPrinter:printCompanySystem(86): Project: project No95, team: [ENGINEER-PROGRAMMER, ENGINEER-BUILDER, ENGINEER-PROGRAMMER].
INFO  2016-09-29T22:52:21,493 [main] com.roxoft.hierarchy.io.printers.CompanySystemPrinter:printCompanySystem(86): Project: increase productivity project, team: [ECONOMIST, PETROLEUM-ENGINEER, ENGINEER-PROGRAMMER].
INFO  2016-09-29T22:52:21,494 [main] com.roxoft.hierarchy.io.printers.CompanySystemPrinter:printCompanySystem(86): Project: innovative production project, team: [ENGINEER-BUILDER, ENGINEER-BUILDER, ENGINEER-TECHNOLOGIST, ENGINEER-PROGRAMMER].
INFO  2016-09-29T22:52:21,495 [main] com.roxoft.hierarchy.io.printers.CompanySystemPrinter:printCompanySystem(90): Company MTZ: number of projects = 4.
INFO  2016-09-29T22:52:21,495 [main] com.roxoft.hierarchy.io.printers.CompanySystemPrinter:printCompanySystem(80): 
Company: BELAVIA.
INFO  2016-09-29T22:52:21,495 [main] com.roxoft.hierarchy.io.printers.CompanySystemPrinter:printCompanySystem(81): Address: Nemiga st., 14A, 220004, Minsk.
INFO  2016-09-29T22:52:21,495 [main] com.roxoft.hierarchy.io.printers.CompanySystemPrinter:printCompanySystem(90): Company BELAVIA: number of projects = 0.
INFO  2016-09-29T22:52:21,495 [main] com.roxoft.hierarchy.io.printers.CompanySystemPrinter:purePrint(34): 
Company System

INFO  2016-09-29T22:52:21,495 [main] com.roxoft.hierarchy.io.printers.CompanySystemPrinter:purePrint(35): Number of projects: 6.
INFO  2016-09-29T22:52:21,495 [main] com.roxoft.hierarchy.io.printers.CompanySystemPrinter:purePrint(37): Project 1: project No999, company: MAPID, team: [PETROLEUM-ENGINEER, LOGIST].
INFO  2016-09-29T22:52:21,495 [main] com.roxoft.hierarchy.io.printers.CompanySystemPrinter:purePrint(37): Project 2: project secret object No21, company: MAPID, team: [ENGINEER-PROGRAMMER, ACCOUNTANT].
INFO  2016-09-29T22:52:21,495 [main] com.roxoft.hierarchy.io.printers.CompanySystemPrinter:purePrint(37): Project 3: project No991, company: MTZ, team: [ACCOUNTANT, ENGINEER-PROGRAMMER, ENGINEER-BUILDER].
INFO  2016-09-29T22:52:21,496 [main] com.roxoft.hierarchy.io.printers.CompanySystemPrinter:purePrint(37): Project 4: project No95, company: MTZ, team: [ENGINEER-PROGRAMMER, ENGINEER-BUILDER, ENGINEER-PROGRAMMER].
INFO  2016-09-29T22:52:21,496 [main] com.roxoft.hierarchy.io.printers.CompanySystemPrinter:purePrint(37): Project 5: increase productivity project, company: MTZ, team: [ECONOMIST, PETROLEUM-ENGINEER, ENGINEER-PROGRAMMER].
INFO  2016-09-29T22:52:21,496 [main] com.roxoft.hierarchy.io.printers.CompanySystemPrinter:purePrint(37): Project 6: innovative production project, company: MTZ, team: [ENGINEER-BUILDER, ENGINEER-BUILDER, ENGINEER-TECHNOLOGIST, ENGINEER-PROGRAMMER].
INFO  2016-09-29T22:52:21,496 [main] com.roxoft.hierarchy.io.printers.CompanySystemPrinter:purePrint(41): Number of companies: 3.
INFO  2016-09-29T22:52:21,497 [main] com.roxoft.hierarchy.io.printers.CompanySystemPrinter:purePrint(43): Company 1: MAPID; address: R.Luxemburg st., 205, 220036, Minsk.
INFO  2016-09-29T22:52:21,497 [main] com.roxoft.hierarchy.io.printers.CompanySystemPrinter:purePrint(43): Company 2: MTZ; address: Dolgobrodskaya st., 29, 220009, Minsk.
INFO  2016-09-29T22:52:21,497 [main] com.roxoft.hierarchy.io.printers.CompanySystemPrinter:purePrint(43): Company 3: BELAVIA; address: Nemiga st., 14A, 220004, Minsk.
INFO  2016-09-29T22:52:21,523 [main] com.roxoft.hierarchy.io.printers.CompanySystemPrinter:printCompanySystem(77): 
Company System
INFO  2016-09-29T22:52:21,523 [main] com.roxoft.hierarchy.io.printers.CompanySystemPrinter:printCompanySystem(80): 
Company: MAPID.
INFO  2016-09-29T22:52:21,523 [main] com.roxoft.hierarchy.io.printers.CompanySystemPrinter:printCompanySystem(81): Address: R.Luxemburg st., 205, 220036, Minsk.
INFO  2016-09-29T22:52:21,524 [main] com.roxoft.hierarchy.io.printers.CompanySystemPrinter:printCompanySystem(86): Project: project No999, team: [PETROLEUM-ENGINEER, LOGIST].
INFO  2016-09-29T22:52:21,524 [main] com.roxoft.hierarchy.io.printers.CompanySystemPrinter:printCompanySystem(86): Project: project secret object No21, team: [ENGINEER-PROGRAMMER, ACCOUNTANT].
INFO  2016-09-29T22:52:21,524 [main] com.roxoft.hierarchy.io.printers.CompanySystemPrinter:printCompanySystem(90): Company MAPID: number of projects = 2.
INFO  2016-09-29T22:52:21,524 [main] com.roxoft.hierarchy.io.printers.CompanySystemPrinter:printCompanySystem(80): 
Company: MTZ.
INFO  2016-09-29T22:52:21,524 [main] com.roxoft.hierarchy.io.printers.CompanySystemPrinter:printCompanySystem(81): Address: Dolgobrodskaya st., 29, 220009, Minsk.
INFO  2016-09-29T22:52:21,524 [main] com.roxoft.hierarchy.io.printers.CompanySystemPrinter:printCompanySystem(86): Project: project No991, team: [ACCOUNTANT, ENGINEER-PROGRAMMER, ENGINEER-BUILDER].
INFO  2016-09-29T22:52:21,524 [main] com.roxoft.hierarchy.io.printers.CompanySystemPrinter:printCompanySystem(86): Project: project No95, team: [ENGINEER-PROGRAMMER, ENGINEER-BUILDER, ENGINEER-PROGRAMMER].
INFO  2016-09-29T22:52:21,524 [main] com.roxoft.hierarchy.io.printers.CompanySystemPrinter:printCompanySystem(86): Project: increase productivity project, team: [ECONOMIST, PETROLEUM-ENGINEER, ENGINEER-PROGRAMMER].
INFO  2016-09-29T22:52:21,524 [main] com.roxoft.hierarchy.io.printers.CompanySystemPrinter:printCompanySystem(86): Project: innovative production project, team: [ENGINEER-BUILDER, ENGINEER-BUILDER, ENGINEER-TECHNOLOGIST, ENGINEER-PROGRAMMER].
INFO  2016-09-29T22:52:21,524 [main] com.roxoft.hierarchy.io.printers.CompanySystemPrinter:printCompanySystem(90): Company MTZ: number of projects = 4.
INFO  2016-09-29T22:52:21,525 [main] com.roxoft.hierarchy.io.printers.CompanySystemPrinter:printCompanySystem(80): 
Company: BELAVIA.
INFO  2016-09-29T22:52:21,525 [main] com.roxoft.hierarchy.io.printers.CompanySystemPrinter:printCompanySystem(81): Address: Nemiga st., 14A, 220004, Minsk.
INFO  2016-09-29T22:52:21,525 [main] com.roxoft.hierarchy.io.printers.CompanySystemPrinter:printCompanySystem(90): Company BELAVIA: number of projects = 0.
INFO  2016-09-29T22:52:21,525 [main] com.roxoft.hierarchy.io.printers.CompanySystemPrinter:purePrint(34): 
Company System

INFO  2016-09-29T22:52:21,525 [main] com.roxoft.hierarchy.io.printers.CompanySystemPrinter:purePrint(35): Number of projects: 6.
INFO  2016-09-29T22:52:21,525 [main] com.roxoft.hierarchy.io.printers.CompanySystemPrinter:purePrint(37): Project 1: project No999, company: MAPID, team: [PETROLEUM-ENGINEER, LOGIST].
INFO  2016-09-29T22:52:21,525 [main] com.roxoft.hierarchy.io.printers.CompanySystemPrinter:purePrint(37): Project 2: project secret object No21, company: MAPID, team: [ENGINEER-PROGRAMMER, ACCOUNTANT].
INFO  2016-09-29T22:52:21,525 [main] com.roxoft.hierarchy.io.printers.CompanySystemPrinter:purePrint(37): Project 3: project No991, company: MTZ, team: [ACCOUNTANT, ENGINEER-PROGRAMMER, ENGINEER-BUILDER].
INFO  2016-09-29T22:52:21,525 [main] com.roxoft.hierarchy.io.printers.CompanySystemPrinter:purePrint(37): Project 4: project No95, company: MTZ, team: [ENGINEER-PROGRAMMER, ENGINEER-BUILDER, ENGINEER-PROGRAMMER].
INFO  2016-09-29T22:52:21,525 [main] com.roxoft.hierarchy.io.printers.CompanySystemPrinter:purePrint(37): Project 5: increase productivity project, company: MTZ, team: [ECONOMIST, PETROLEUM-ENGINEER, ENGINEER-PROGRAMMER].
INFO  2016-09-29T22:52:21,525 [main] com.roxoft.hierarchy.io.printers.CompanySystemPrinter:purePrint(37): Project 6: innovative production project, company: MTZ, team: [ENGINEER-BUILDER, ENGINEER-BUILDER, ENGINEER-TECHNOLOGIST, ENGINEER-PROGRAMMER].
INFO  2016-09-29T22:52:21,525 [main] com.roxoft.hierarchy.io.printers.CompanySystemPrinter:purePrint(41): Number of companies: 3.
INFO  2016-09-29T22:52:21,525 [main] com.roxoft.hierarchy.io.printers.CompanySystemPrinter:purePrint(43): Company 1: MAPID; address: R.Luxemburg st., 205, 220036, Minsk.
INFO  2016-09-29T22:52:21,525 [main] com.roxoft.hierarchy.io.printers.CompanySystemPrinter:purePrint(43): Company 2: MTZ; address: Dolgobrodskaya st., 29, 220009, Minsk.
INFO  2016-09-29T22:52:21,525 [main] com.roxoft.hierarchy.io.printers.CompanySystemPrinter:purePrint(43): Company 3: BELAVIA; address: Nemiga st., 14A, 220004, Minsk.
