INFO  2016-09-29T22:48:13,805 [main] com.roxoft.hierarchy.io.printers.SchoolSystemPrinter:printSchoolSystem(92): 
School System
INFO  2016-09-29T22:48:13,806 [main] com.roxoft.hierarchy.io.printers.SchoolSystemPrinter:printSchoolSystem(95): 
School: SCHOOL_N21.
INFO  2016-09-29T22:48:13,807 [main] com.roxoft.hierarchy.io.printers.SchoolSystemPrinter:printSchoolSystem(96): Address: Kuibyshev st., 19, 220029, Minsk.
INFO  2016-09-29T22:48:13,807 [main] com.roxoft.hierarchy.io.printers.SchoolSystemPrinter:printSchoolSystem(101): Teacher: ELLA MALAYA.
INFO  2016-09-29T22:48:13,807 [main] com.roxoft.hierarchy.io.printers.SchoolSystemPrinter:printSchoolSystem(106): Pupil: VALERIY DETS.
INFO  2016-09-29T22:48:13,807 [main] com.roxoft.hierarchy.io.printers.SchoolSystemPrinter:printSchoolSystem(106): Pupil: VADIM BABICH.
INFO  2016-09-29T22:48:13,807 [main] com.roxoft.hierarchy.io.printers.SchoolSystemPrinter:printSchoolSystem(106): Pupil: MARIYA SOBOLEVSKAYA.
INFO  2016-09-29T22:48:13,808 [main] com.roxoft.hierarchy.io.printers.SchoolSystemPrinter:printSchoolSystem(106): Pupil: DENIS TRUBETSKOI.
INFO  2016-09-29T22:48:13,808 [main] com.roxoft.hierarchy.io.printers.SchoolSystemPrinter:printSchoolSystem(106): Pupil: ELVIRA ABRAMOVA.
INFO  2016-09-29T22:48:13,808 [main] com.roxoft.hierarchy.io.printers.SchoolSystemPrinter:printSchoolSystem(110): School SCHOOL_N21: number of teachers = 1, number of pupils = 5.
INFO  2016-09-29T22:48:13,808 [main] com.roxoft.hierarchy.io.printers.SchoolSystemPrinter:printSchoolSystem(95): 
School: SCHOOL_N4.
INFO  2016-09-29T22:48:13,808 [main] com.roxoft.hierarchy.io.printers.SchoolSystemPrinter:printSchoolSystem(96): Address: Red Army st., 11, 220030, Minsk.
INFO  2016-09-29T22:48:13,808 [main] com.roxoft.hierarchy.io.printers.SchoolSystemPrinter:printSchoolSystem(101): Teacher: LEONID PAVLOV.
INFO  2016-09-29T22:48:13,809 [main] com.roxoft.hierarchy.io.printers.SchoolSystemPrinter:printSchoolSystem(101): Teacher: EKATERINA RYBCHAK.
INFO  2016-09-29T22:48:13,809 [main] com.roxoft.hierarchy.io.printers.SchoolSystemPrinter:printSchoolSystem(101): Teacher: ALEXANDRA ULYEVA.
INFO  2016-09-29T22:48:13,809 [main] com.roxoft.hierarchy.io.printers.SchoolSystemPrinter:printSchoolSystem(101): Teacher: KSENIYA SINITSYNA.
INFO  2016-09-29T22:48:13,809 [main] com.roxoft.hierarchy.io.printers.SchoolSystemPrinter:printSchoolSystem(101): Teacher: ZAHAR PEREDELKIN.
INFO  2016-09-29T22:48:13,809 [main] com.roxoft.hierarchy.io.printers.SchoolSystemPrinter:printSchoolSystem(106): Pupil: IRINA BEZMEN.
INFO  2016-09-29T22:48:13,809 [main] com.roxoft.hierarchy.io.printers.SchoolSystemPrinter:printSchoolSystem(106): Pupil: LILIYA KUZMINA.
INFO  2016-09-29T22:48:13,810 [main] com.roxoft.hierarchy.io.printers.SchoolSystemPrinter:printSchoolSystem(106): Pupil: ALEXANDRA FOKINA.
INFO  2016-09-29T22:48:13,810 [main] com.roxoft.hierarchy.io.printers.SchoolSystemPrinter:printSchoolSystem(106): Pupil: ANTONINA DOROFEEVA.
INFO  2016-09-29T22:48:13,810 [main] com.roxoft.hierarchy.io.printers.SchoolSystemPrinter:printSchoolSystem(106): Pupil: ANATILIY YABLOCHKIN.
INFO  2016-09-29T22:48:13,810 [main] com.roxoft.hierarchy.io.printers.SchoolSystemPrinter:printSchoolSystem(106): Pupil: YURY VAVILOV.
INFO  2016-09-29T22:48:13,810 [main] com.roxoft.hierarchy.io.printers.SchoolSystemPrinter:printSchoolSystem(110): School SCHOOL_N4: number of teachers = 5, number of pupils = 6.
INFO  2016-09-29T22:48:13,810 [main] com.roxoft.hierarchy.io.printers.SchoolSystemPrinter:printSchoolSystem(95): 
School: SCHOOL_N50.
INFO  2016-09-29T22:48:13,811 [main] com.roxoft.hierarchy.io.printers.SchoolSystemPrinter:printSchoolSystem(96): Address: Kiselev st., 9, 220029, Minsk.
INFO  2016-09-29T22:48:13,811 [main] com.roxoft.hierarchy.io.printers.SchoolSystemPrinter:printSchoolSystem(106): Pupil: PAVEL TRUBETSKOI.
INFO  2016-09-29T22:48:13,811 [main] com.roxoft.hierarchy.io.printers.SchoolSystemPrinter:printSchoolSystem(106): Pupil: YURY HAMENYA.
INFO  2016-09-29T22:48:13,812 [main] com.roxoft.hierarchy.io.printers.SchoolSystemPrinter:printSchoolSystem(106): Pupil: SERGEY CHERNOV.
INFO  2016-09-29T22:48:13,812 [main] com.roxoft.hierarchy.io.printers.SchoolSystemPrinter:printSchoolSystem(106): Pupil: ANDREY YABLOCHKIN.
INFO  2016-09-29T22:48:13,812 [main] com.roxoft.hierarchy.io.printers.SchoolSystemPrinter:printSchoolSystem(106): Pupil: ANASTASIA SOBOLEVSKAYA.
INFO  2016-09-29T22:48:13,813 [main] com.roxoft.hierarchy.io.printers.SchoolSystemPrinter:printSchoolSystem(106): Pupil: ANTONINA CHERNYKH.
INFO  2016-09-29T22:48:13,813 [main] com.roxoft.hierarchy.io.printers.SchoolSystemPrinter:printSchoolSystem(106): Pupil: ELVIRA FOKINA.
INFO  2016-09-29T22:48:13,813 [main] com.roxoft.hierarchy.io.printers.SchoolSystemPrinter:printSchoolSystem(110): School SCHOOL_N50: number of teachers = 0, number of pupils = 7.
INFO  2016-09-29T22:48:13,813 [main] com.roxoft.hierarchy.io.printers.SchoolSystemPrinter:printSchoolSystem(95): 
School: SCHOOL_N6.
INFO  2016-09-29T22:48:13,813 [main] com.roxoft.hierarchy.io.printers.SchoolSystemPrinter:printSchoolSystem(96): Address: Jankowski st., 23, 220019, Minsk.
INFO  2016-09-29T22:48:13,813 [main] com.roxoft.hierarchy.io.printers.SchoolSystemPrinter:printSchoolSystem(101): Teacher: MAKSIM LYSENKO.
INFO  2016-09-29T22:48:13,813 [main] com.roxoft.hierarchy.io.printers.SchoolSystemPrinter:printSchoolSystem(101): Teacher: INNA BORISENKO.
INFO  2016-09-29T22:48:13,813 [main] com.roxoft.hierarchy.io.printers.SchoolSystemPrinter:printSchoolSystem(106): Pupil: DANIIL NIKONOV.
INFO  2016-09-29T22:48:13,814 [main] com.roxoft.hierarchy.io.printers.SchoolSystemPrinter:printSchoolSystem(106): Pupil: VLADIMIR KOTOV.
INFO  2016-09-29T22:48:13,814 [main] com.roxoft.hierarchy.io.printers.SchoolSystemPrinter:printSchoolSystem(106): Pupil: ALISA RYBCHAK.
INFO  2016-09-29T22:48:13,814 [main] com.roxoft.hierarchy.io.printers.SchoolSystemPrinter:printSchoolSystem(106): Pupil: DANIIL PRISCHEPOV.
INFO  2016-09-29T22:48:13,814 [main] com.roxoft.hierarchy.io.printers.SchoolSystemPrinter:printSchoolSystem(106): Pupil: ARKADIY ZOLOTNIKOV.
INFO  2016-09-29T22:48:13,814 [main] com.roxoft.hierarchy.io.printers.SchoolSystemPrinter:printSchoolSystem(106): Pupil: EVGENIA SOLOVEY.
INFO  2016-09-29T22:48:13,814 [main] com.roxoft.hierarchy.io.printers.SchoolSystemPrinter:printSchoolSystem(110): School SCHOOL_N6: number of teachers = 2, number of pupils = 6.
INFO  2016-09-29T22:48:13,815 [main] com.roxoft.hierarchy.io.printers.SchoolSystemPrinter:purePrint(40): 
School System

INFO  2016-09-29T22:48:13,815 [main] com.roxoft.hierarchy.io.printers.SchoolSystemPrinter:purePrint(41): Number of pupils: 24.
INFO  2016-09-29T22:48:13,815 [main] com.roxoft.hierarchy.io.printers.SchoolSystemPrinter:purePrint(43): Pupil 1: VALERIY DETS, school: SCHOOL_N21.
INFO  2016-09-29T22:48:13,815 [main] com.roxoft.hierarchy.io.printers.SchoolSystemPrinter:purePrint(43): Pupil 2: VADIM BABICH, school: SCHOOL_N21.
INFO  2016-09-29T22:48:13,815 [main] com.roxoft.hierarchy.io.printers.SchoolSystemPrinter:purePrint(43): Pupil 3: MARIYA SOBOLEVSKAYA, school: SCHOOL_N21.
INFO  2016-09-29T22:48:13,815 [main] com.roxoft.hierarchy.io.printers.SchoolSystemPrinter:purePrint(43): Pupil 4: DENIS TRUBETSKOI, school: SCHOOL_N21.
INFO  2016-09-29T22:48:13,815 [main] com.roxoft.hierarchy.io.printers.SchoolSystemPrinter:purePrint(43): Pupil 5: ELVIRA ABRAMOVA, school: SCHOOL_N21.
INFO  2016-09-29T22:48:13,816 [main] com.roxoft.hierarchy.io.printers.SchoolSystemPrinter:purePrint(43): Pupil 6: IRINA BEZMEN, school: SCHOOL_N4.
INFO  2016-09-29T22:48:13,816 [main] com.roxoft.hierarchy.io.printers.SchoolSystemPrinter:purePrint(43): Pupil 7: LILIYA KUZMINA, school: SCHOOL_N4.
INFO  2016-09-29T22:48:13,816 [main] com.roxoft.hierarchy.io.printers.SchoolSystemPrinter:purePrint(43): Pupil 8: ALEXANDRA FOKINA, school: SCHOOL_N4.
INFO  2016-09-29T22:48:13,816 [main] com.roxoft.hierarchy.io.printers.SchoolSystemPrinter:purePrint(43): Pupil 9: ANTONINA DOROFEEVA, school: SCHOOL_N4.
INFO  2016-09-29T22:48:13,817 [main] com.roxoft.hierarchy.io.printers.SchoolSystemPrinter:purePrint(43): Pupil 10: ANATILIY YABLOCHKIN, school: SCHOOL_N4.
INFO  2016-09-29T22:48:13,817 [main] com.roxoft.hierarchy.io.printers.SchoolSystemPrinter:purePrint(43): Pupil 11: YURY VAVILOV, school: SCHOOL_N4.
INFO  2016-09-29T22:48:13,817 [main] com.roxoft.hierarchy.io.printers.SchoolSystemPrinter:purePrint(43): Pupil 12: PAVEL TRUBETSKOI, school: SCHOOL_N50.
INFO  2016-09-29T22:48:13,818 [main] com.roxoft.hierarchy.io.printers.SchoolSystemPrinter:purePrint(43): Pupil 13: YURY HAMENYA, school: SCHOOL_N50.
INFO  2016-09-29T22:48:13,818 [main] com.roxoft.hierarchy.io.printers.SchoolSystemPrinter:purePrint(43): Pupil 14: SERGEY CHERNOV, school: SCHOOL_N50.
INFO  2016-09-29T22:48:13,819 [main] com.roxoft.hierarchy.io.printers.SchoolSystemPrinter:purePrint(43): Pupil 15: ANDREY YABLOCHKIN, school: SCHOOL_N50.
INFO  2016-09-29T22:48:13,819 [main] com.roxoft.hierarchy.io.printers.SchoolSystemPrinter:purePrint(43): Pupil 16: ANASTASIA SOBOLEVSKAYA, school: SCHOOL_N50.
INFO  2016-09-29T22:48:13,820 [main] com.roxoft.hierarchy.io.printers.SchoolSystemPrinter:purePrint(43): Pupil 17: ANTONINA CHERNYKH, school: SCHOOL_N50.
INFO  2016-09-29T22:48:13,820 [main] com.roxoft.hierarchy.io.printers.SchoolSystemPrinter:purePrint(43): Pupil 18: ELVIRA FOKINA, school: SCHOOL_N50.
INFO  2016-09-29T22:48:13,820 [main] com.roxoft.hierarchy.io.printers.SchoolSystemPrinter:purePrint(43): Pupil 19: DANIIL NIKONOV, school: SCHOOL_N6.
INFO  2016-09-29T22:48:13,820 [main] com.roxoft.hierarchy.io.printers.SchoolSystemPrinter:purePrint(43): Pupil 20: VLADIMIR KOTOV, school: SCHOOL_N6.
INFO  2016-09-29T22:48:13,820 [main] com.roxoft.hierarchy.io.printers.SchoolSystemPrinter:purePrint(43): Pupil 21: ALISA RYBCHAK, school: SCHOOL_N6.
INFO  2016-09-29T22:48:13,820 [main] com.roxoft.hierarchy.io.printers.SchoolSystemPrinter:purePrint(43): Pupil 22: DANIIL PRISCHEPOV, school: SCHOOL_N6.
INFO  2016-09-29T22:48:13,821 [main] com.roxoft.hierarchy.io.printers.SchoolSystemPrinter:purePrint(43): Pupil 23: ARKADIY ZOLOTNIKOV, school: SCHOOL_N6.
INFO  2016-09-29T22:48:13,821 [main] com.roxoft.hierarchy.io.printers.SchoolSystemPrinter:purePrint(43): Pupil 24: EVGENIA SOLOVEY, school: SCHOOL_N6.
INFO  2016-09-29T22:48:13,821 [main] com.roxoft.hierarchy.io.printers.SchoolSystemPrinter:purePrint(46): Number of teachers: 8.
INFO  2016-09-29T22:48:13,821 [main] com.roxoft.hierarchy.io.printers.SchoolSystemPrinter:purePrint(48): Teacher 1: ELLA MALAYA, school: SCHOOL_N21.
INFO  2016-09-29T22:48:13,821 [main] com.roxoft.hierarchy.io.printers.SchoolSystemPrinter:purePrint(48): Teacher 2: LEONID PAVLOV, school: SCHOOL_N4.
INFO  2016-09-29T22:48:13,821 [main] com.roxoft.hierarchy.io.printers.SchoolSystemPrinter:purePrint(48): Teacher 3: EKATERINA RYBCHAK, school: SCHOOL_N4.
INFO  2016-09-29T22:48:13,822 [main] com.roxoft.hierarchy.io.printers.SchoolSystemPrinter:purePrint(48): Teacher 4: ALEXANDRA ULYEVA, school: SCHOOL_N4.
INFO  2016-09-29T22:48:13,822 [main] com.roxoft.hierarchy.io.printers.SchoolSystemPrinter:purePrint(48): Teacher 5: KSENIYA SINITSYNA, school: SCHOOL_N4.
INFO  2016-09-29T22:48:13,822 [main] com.roxoft.hierarchy.io.printers.SchoolSystemPrinter:purePrint(48): Teacher 6: ZAHAR PEREDELKIN, school: SCHOOL_N4.
INFO  2016-09-29T22:48:13,822 [main] com.roxoft.hierarchy.io.printers.SchoolSystemPrinter:purePrint(48): Teacher 7: MAKSIM LYSENKO, school: SCHOOL_N6.
INFO  2016-09-29T22:48:13,822 [main] com.roxoft.hierarchy.io.printers.SchoolSystemPrinter:purePrint(48): Teacher 8: INNA BORISENKO, school: SCHOOL_N6.
INFO  2016-09-29T22:48:13,822 [main] com.roxoft.hierarchy.io.printers.SchoolSystemPrinter:purePrint(51): Number of schools: 4.
INFO  2016-09-29T22:48:13,822 [main] com.roxoft.hierarchy.io.printers.SchoolSystemPrinter:purePrint(53): School 1: SCHOOL_N21; address: Kuibyshev st., 19, 220029, Minsk.
INFO  2016-09-29T22:48:13,822 [main] com.roxoft.hierarchy.io.printers.SchoolSystemPrinter:purePrint(53): School 2: SCHOOL_N4; address: Red Army st., 11, 220030, Minsk.
INFO  2016-09-29T22:48:13,822 [main] com.roxoft.hierarchy.io.printers.SchoolSystemPrinter:purePrint(53): School 3: SCHOOL_N50; address: Kiselev st., 9, 220029, Minsk.
INFO  2016-09-29T22:48:13,823 [main] com.roxoft.hierarchy.io.printers.SchoolSystemPrinter:purePrint(53): School 4: SCHOOL_N6; address: Jankowski st., 23, 220019, Minsk.
INFO  2016-09-29T22:48:13,851 [main] com.roxoft.hierarchy.io.printers.SchoolSystemPrinter:printSchoolSystem(92): 
School System
INFO  2016-09-29T22:48:13,851 [main] com.roxoft.hierarchy.io.printers.SchoolSystemPrinter:printSchoolSystem(95): 
School: SCHOOL_N21.
INFO  2016-09-29T22:48:13,851 [main] com.roxoft.hierarchy.io.printers.SchoolSystemPrinter:printSchoolSystem(96): Address: Kuibyshev st., 19, 220029, Minsk.
INFO  2016-09-29T22:48:13,851 [main] com.roxoft.hierarchy.io.printers.SchoolSystemPrinter:printSchoolSystem(101): Teacher: ELLA MALAYA.
INFO  2016-09-29T22:48:13,852 [main] com.roxoft.hierarchy.io.printers.SchoolSystemPrinter:printSchoolSystem(106): Pupil: VALERIY DETS.
INFO  2016-09-29T22:48:13,852 [main] com.roxoft.hierarchy.io.printers.SchoolSystemPrinter:printSchoolSystem(106): Pupil: VADIM BABICH.
INFO  2016-09-29T22:48:13,852 [main] com.roxoft.hierarchy.io.printers.SchoolSystemPrinter:printSchoolSystem(106): Pupil: MARIYA SOBOLEVSKAYA.
INFO  2016-09-29T22:48:13,852 [main] com.roxoft.hierarchy.io.printers.SchoolSystemPrinter:printSchoolSystem(106): Pupil: DENIS TRUBETSKOI.
INFO  2016-09-29T22:48:13,852 [main] com.roxoft.hierarchy.io.printers.SchoolSystemPrinter:printSchoolSystem(106): Pupil: ELVIRA ABRAMOVA.
INFO  2016-09-29T22:48:13,852 [main] com.roxoft.hierarchy.io.printers.SchoolSystemPrinter:printSchoolSystem(110): School SCHOOL_N21: number of teachers = 1, number of pupils = 5.
INFO  2016-09-29T22:48:13,852 [main] com.roxoft.hierarchy.io.printers.SchoolSystemPrinter:printSchoolSystem(95): 
School: SCHOOL_N4.
INFO  2016-09-29T22:48:13,853 [main] com.roxoft.hierarchy.io.printers.SchoolSystemPrinter:printSchoolSystem(96): Address: Red Army st., 11, 220030, Minsk.
INFO  2016-09-29T22:48:13,853 [main] com.roxoft.hierarchy.io.printers.SchoolSystemPrinter:printSchoolSystem(101): Teacher: LEONID PAVLOV.
INFO  2016-09-29T22:48:13,853 [main] com.roxoft.hierarchy.io.printers.SchoolSystemPrinter:printSchoolSystem(101): Teacher: EKATERINA RYBCHAK.
INFO  2016-09-29T22:48:13,853 [main] com.roxoft.hierarchy.io.printers.SchoolSystemPrinter:printSchoolSystem(101): Teacher: ALEXANDRA ULYEVA.
INFO  2016-09-29T22:48:13,853 [main] com.roxoft.hierarchy.io.printers.SchoolSystemPrinter:printSchoolSystem(101): Teacher: KSENIYA SINITSYNA.
INFO  2016-09-29T22:48:13,853 [main] com.roxoft.hierarchy.io.printers.SchoolSystemPrinter:printSchoolSystem(101): Teacher: ZAHAR PEREDELKIN.
INFO  2016-09-29T22:48:13,853 [main] com.roxoft.hierarchy.io.printers.SchoolSystemPrinter:printSchoolSystem(106): Pupil: IRINA BEZMEN.
INFO  2016-09-29T22:48:13,853 [main] com.roxoft.hierarchy.io.printers.SchoolSystemPrinter:printSchoolSystem(106): Pupil: LILIYA KUZMINA.
INFO  2016-09-29T22:48:13,853 [main] com.roxoft.hierarchy.io.printers.SchoolSystemPrinter:printSchoolSystem(106): Pupil: ALEXANDRA FOKINA.
INFO  2016-09-29T22:48:13,854 [main] com.roxoft.hierarchy.io.printers.SchoolSystemPrinter:printSchoolSystem(106): Pupil: ANTONINA DOROFEEVA.
INFO  2016-09-29T22:48:13,854 [main] com.roxoft.hierarchy.io.printers.SchoolSystemPrinter:printSchoolSystem(106): Pupil: ANATILIY YABLOCHKIN.
INFO  2016-09-29T22:48:13,854 [main] com.roxoft.hierarchy.io.printers.SchoolSystemPrinter:printSchoolSystem(106): Pupil: YURY VAVILOV.
INFO  2016-09-29T22:48:13,854 [main] com.roxoft.hierarchy.io.printers.SchoolSystemPrinter:printSchoolSystem(110): School SCHOOL_N4: number of teachers = 5, number of pupils = 6.
INFO  2016-09-29T22:48:13,854 [main] com.roxoft.hierarchy.io.printers.SchoolSystemPrinter:printSchoolSystem(95): 
School: SCHOOL_N50.
INFO  2016-09-29T22:48:13,854 [main] com.roxoft.hierarchy.io.printers.SchoolSystemPrinter:printSchoolSystem(96): Address: Kiselev st., 9, 220029, Minsk.
INFO  2016-09-29T22:48:13,854 [main] com.roxoft.hierarchy.io.printers.SchoolSystemPrinter:printSchoolSystem(106): Pupil: PAVEL TRUBETSKOI.
INFO  2016-09-29T22:48:13,855 [main] com.roxoft.hierarchy.io.printers.SchoolSystemPrinter:printSchoolSystem(106): Pupil: YURY HAMENYA.
INFO  2016-09-29T22:48:13,855 [main] com.roxoft.hierarchy.io.printers.SchoolSystemPrinter:printSchoolSystem(106): Pupil: SERGEY CHERNOV.
INFO  2016-09-29T22:48:13,855 [main] com.roxoft.hierarchy.io.printers.SchoolSystemPrinter:printSchoolSystem(106): Pupil: ANDREY YABLOCHKIN.
INFO  2016-09-29T22:48:13,855 [main] com.roxoft.hierarchy.io.printers.SchoolSystemPrinter:printSchoolSystem(106): Pupil: ANASTASIA SOBOLEVSKAYA.
INFO  2016-09-29T22:48:13,855 [main] com.roxoft.hierarchy.io.printers.SchoolSystemPrinter:printSchoolSystem(106): Pupil: ANTONINA CHERNYKH.
INFO  2016-09-29T22:48:13,855 [main] com.roxoft.hierarchy.io.printers.SchoolSystemPrinter:printSchoolSystem(106): Pupil: ELVIRA FOKINA.
INFO  2016-09-29T22:48:13,855 [main] com.roxoft.hierarchy.io.printers.SchoolSystemPrinter:printSchoolSystem(110): School SCHOOL_N50: number of teachers = 0, number of pupils = 7.
INFO  2016-09-29T22:48:13,855 [main] com.roxoft.hierarchy.io.printers.SchoolSystemPrinter:printSchoolSystem(95): 
School: SCHOOL_N6.
INFO  2016-09-29T22:48:13,856 [main] com.roxoft.hierarchy.io.printers.SchoolSystemPrinter:printSchoolSystem(96): Address: Jankowski st., 23, 220019, Minsk.
INFO  2016-09-29T22:48:13,856 [main] com.roxoft.hierarchy.io.printers.SchoolSystemPrinter:printSchoolSystem(101): Teacher: MAKSIM LYSENKO.
INFO  2016-09-29T22:48:13,856 [main] com.roxoft.hierarchy.io.printers.SchoolSystemPrinter:printSchoolSystem(101): Teacher: INNA BORISENKO.
INFO  2016-09-29T22:48:13,856 [main] com.roxoft.hierarchy.io.printers.SchoolSystemPrinter:printSchoolSystem(106): Pupil: DANIIL NIKONOV.
INFO  2016-09-29T22:48:13,856 [main] com.roxoft.hierarchy.io.printers.SchoolSystemPrinter:printSchoolSystem(106): Pupil: VLADIMIR KOTOV.
INFO  2016-09-29T22:48:13,856 [main] com.roxoft.hierarchy.io.printers.SchoolSystemPrinter:printSchoolSystem(106): Pupil: ALISA RYBCHAK.
INFO  2016-09-29T22:48:13,856 [main] com.roxoft.hierarchy.io.printers.SchoolSystemPrinter:printSchoolSystem(106): Pupil: DANIIL PRISCHEPOV.
INFO  2016-09-29T22:48:13,856 [main] com.roxoft.hierarchy.io.printers.SchoolSystemPrinter:printSchoolSystem(106): Pupil: ARKADIY ZOLOTNIKOV.
INFO  2016-09-29T22:48:13,857 [main] com.roxoft.hierarchy.io.printers.SchoolSystemPrinter:printSchoolSystem(106): Pupil: EVGENIA SOLOVEY.
INFO  2016-09-29T22:48:13,857 [main] com.roxoft.hierarchy.io.printers.SchoolSystemPrinter:printSchoolSystem(110): School SCHOOL_N6: number of teachers = 2, number of pupils = 6.
INFO  2016-09-29T22:48:13,857 [main] com.roxoft.hierarchy.io.printers.SchoolSystemPrinter:purePrint(40): 
School System

INFO  2016-09-29T22:48:13,857 [main] com.roxoft.hierarchy.io.printers.SchoolSystemPrinter:purePrint(41): Number of pupils: 24.
INFO  2016-09-29T22:48:13,857 [main] com.roxoft.hierarchy.io.printers.SchoolSystemPrinter:purePrint(43): Pupil 1: VALERIY DETS, school: SCHOOL_N21.
INFO  2016-09-29T22:48:13,857 [main] com.roxoft.hierarchy.io.printers.SchoolSystemPrinter:purePrint(43): Pupil 2: VADIM BABICH, school: SCHOOL_N21.
INFO  2016-09-29T22:48:13,857 [main] com.roxoft.hierarchy.io.printers.SchoolSystemPrinter:purePrint(43): Pupil 3: MARIYA SOBOLEVSKAYA, school: SCHOOL_N21.
INFO  2016-09-29T22:48:13,857 [main] com.roxoft.hierarchy.io.printers.SchoolSystemPrinter:purePrint(43): Pupil 4: DENIS TRUBETSKOI, school: SCHOOL_N21.
INFO  2016-09-29T22:48:13,858 [main] com.roxoft.hierarchy.io.printers.SchoolSystemPrinter:purePrint(43): Pupil 5: ELVIRA ABRAMOVA, school: SCHOOL_N21.
INFO  2016-09-29T22:48:13,858 [main] com.roxoft.hierarchy.io.printers.SchoolSystemPrinter:purePrint(43): Pupil 6: IRINA BEZMEN, school: SCHOOL_N4.
INFO  2016-09-29T22:48:13,858 [main] com.roxoft.hierarchy.io.printers.SchoolSystemPrinter:purePrint(43): Pupil 7: LILIYA KUZMINA, school: SCHOOL_N4.
INFO  2016-09-29T22:48:13,858 [main] com.roxoft.hierarchy.io.printers.SchoolSystemPrinter:purePrint(43): Pupil 8: ALEXANDRA FOKINA, school: SCHOOL_N4.
INFO  2016-09-29T22:48:13,858 [main] com.roxoft.hierarchy.io.printers.SchoolSystemPrinter:purePrint(43): Pupil 9: ANTONINA DOROFEEVA, school: SCHOOL_N4.
INFO  2016-09-29T22:48:13,858 [main] com.roxoft.hierarchy.io.printers.SchoolSystemPrinter:purePrint(43): Pupil 10: ANATILIY YABLOCHKIN, school: SCHOOL_N4.
INFO  2016-09-29T22:48:13,858 [main] com.roxoft.hierarchy.io.printers.SchoolSystemPrinter:purePrint(43): Pupil 11: YURY VAVILOV, school: SCHOOL_N4.
INFO  2016-09-29T22:48:13,859 [main] com.roxoft.hierarchy.io.printers.SchoolSystemPrinter:purePrint(43): Pupil 12: PAVEL TRUBETSKOI, school: SCHOOL_N50.
INFO  2016-09-29T22:48:13,859 [main] com.roxoft.hierarchy.io.printers.SchoolSystemPrinter:purePrint(43): Pupil 13: YURY HAMENYA, school: SCHOOL_N50.
INFO  2016-09-29T22:48:13,859 [main] com.roxoft.hierarchy.io.printers.SchoolSystemPrinter:purePrint(43): Pupil 14: SERGEY CHERNOV, school: SCHOOL_N50.
INFO  2016-09-29T22:48:13,859 [main] com.roxoft.hierarchy.io.printers.SchoolSystemPrinter:purePrint(43): Pupil 15: ANDREY YABLOCHKIN, school: SCHOOL_N50.
INFO  2016-09-29T22:48:13,859 [main] com.roxoft.hierarchy.io.printers.SchoolSystemPrinter:purePrint(43): Pupil 16: ANASTASIA SOBOLEVSKAYA, school: SCHOOL_N50.
INFO  2016-09-29T22:48:13,860 [main] com.roxoft.hierarchy.io.printers.SchoolSystemPrinter:purePrint(43): Pupil 17: ANTONINA CHERNYKH, school: SCHOOL_N50.
INFO  2016-09-29T22:48:13,860 [main] com.roxoft.hierarchy.io.printers.SchoolSystemPrinter:purePrint(43): Pupil 18: ELVIRA FOKINA, school: SCHOOL_N50.
INFO  2016-09-29T22:48:13,860 [main] com.roxoft.hierarchy.io.printers.SchoolSystemPrinter:purePrint(43): Pupil 19: DANIIL NIKONOV, school: SCHOOL_N6.
INFO  2016-09-29T22:48:13,861 [main] com.roxoft.hierarchy.io.printers.SchoolSystemPrinter:purePrint(43): Pupil 20: VLADIMIR KOTOV, school: SCHOOL_N6.
INFO  2016-09-29T22:48:13,861 [main] com.roxoft.hierarchy.io.printers.SchoolSystemPrinter:purePrint(43): Pupil 21: ALISA RYBCHAK, school: SCHOOL_N6.
INFO  2016-09-29T22:48:13,861 [main] com.roxoft.hierarchy.io.printers.SchoolSystemPrinter:purePrint(43): Pupil 22: DANIIL PRISCHEPOV, school: SCHOOL_N6.
INFO  2016-09-29T22:48:13,861 [main] com.roxoft.hierarchy.io.printers.SchoolSystemPrinter:purePrint(43): Pupil 23: ARKADIY ZOLOTNIKOV, school: SCHOOL_N6.
INFO  2016-09-29T22:48:13,861 [main] com.roxoft.hierarchy.io.printers.SchoolSystemPrinter:purePrint(43): Pupil 24: EVGENIA SOLOVEY, school: SCHOOL_N6.
INFO  2016-09-29T22:48:13,861 [main] com.roxoft.hierarchy.io.printers.SchoolSystemPrinter:purePrint(46): Number of teachers: 8.
INFO  2016-09-29T22:48:13,861 [main] com.roxoft.hierarchy.io.printers.SchoolSystemPrinter:purePrint(48): Teacher 1: ELLA MALAYA, school: SCHOOL_N21.
INFO  2016-09-29T22:48:13,861 [main] com.roxoft.hierarchy.io.printers.SchoolSystemPrinter:purePrint(48): Teacher 2: LEONID PAVLOV, school: SCHOOL_N4.
INFO  2016-09-29T22:48:13,861 [main] com.roxoft.hierarchy.io.printers.SchoolSystemPrinter:purePrint(48): Teacher 3: EKATERINA RYBCHAK, school: SCHOOL_N4.
INFO  2016-09-29T22:48:13,862 [main] com.roxoft.hierarchy.io.printers.SchoolSystemPrinter:purePrint(48): Teacher 4: ALEXANDRA ULYEVA, school: SCHOOL_N4.
INFO  2016-09-29T22:48:13,862 [main] com.roxoft.hierarchy.io.printers.SchoolSystemPrinter:purePrint(48): Teacher 5: KSENIYA SINITSYNA, school: SCHOOL_N4.
INFO  2016-09-29T22:48:13,862 [main] com.roxoft.hierarchy.io.printers.SchoolSystemPrinter:purePrint(48): Teacher 6: ZAHAR PEREDELKIN, school: SCHOOL_N4.
INFO  2016-09-29T22:48:13,862 [main] com.roxoft.hierarchy.io.printers.SchoolSystemPrinter:purePrint(48): Teacher 7: MAKSIM LYSENKO, school: SCHOOL_N6.
INFO  2016-09-29T22:48:13,862 [main] com.roxoft.hierarchy.io.printers.SchoolSystemPrinter:purePrint(48): Teacher 8: INNA BORISENKO, school: SCHOOL_N6.
INFO  2016-09-29T22:48:13,862 [main] com.roxoft.hierarchy.io.printers.SchoolSystemPrinter:purePrint(51): Number of schools: 4.
INFO  2016-09-29T22:48:13,863 [main] com.roxoft.hierarchy.io.printers.SchoolSystemPrinter:purePrint(53): School 1: SCHOOL_N21; address: Kuibyshev st., 19, 220029, Minsk.
INFO  2016-09-29T22:48:13,863 [main] com.roxoft.hierarchy.io.printers.SchoolSystemPrinter:purePrint(53): School 2: SCHOOL_N4; address: Red Army st., 11, 220030, Minsk.
INFO  2016-09-29T22:48:13,863 [main] com.roxoft.hierarchy.io.printers.SchoolSystemPrinter:purePrint(53): School 3: SCHOOL_N50; address: Kiselev st., 9, 220029, Minsk.
INFO  2016-09-29T22:48:13,863 [main] com.roxoft.hierarchy.io.printers.SchoolSystemPrinter:purePrint(53): School 4: SCHOOL_N6; address: Jankowski st., 23, 220019, Minsk.
INFO  2016-09-29T22:52:21,208 [main] com.roxoft.hierarchy.io.printers.SchoolSystemPrinter:printSchoolSystem(92): 
School System
INFO  2016-09-29T22:52:21,208 [main] com.roxoft.hierarchy.io.printers.SchoolSystemPrinter:printSchoolSystem(95): 
School: SCHOOL_N1.
INFO  2016-09-29T22:52:21,208 [main] com.roxoft.hierarchy.io.printers.SchoolSystemPrinter:printSchoolSystem(96): Address: Chkalov st., 3A, 220039, Minsk.
INFO  2016-09-29T22:52:21,209 [main] com.roxoft.hierarchy.io.printers.SchoolSystemPrinter:printSchoolSystem(101): Teacher: GLEB HAMENYA.
INFO  2016-09-29T22:52:21,209 [main] com.roxoft.hierarchy.io.printers.SchoolSystemPrinter:printSchoolSystem(101): Teacher: EKATERINA IZVITSKAYA.
INFO  2016-09-29T22:52:21,209 [main] com.roxoft.hierarchy.io.printers.SchoolSystemPrinter:printSchoolSystem(101): Teacher: MIKHAIL ZUBOV.
INFO  2016-09-29T22:52:21,209 [main] com.roxoft.hierarchy.io.printers.SchoolSystemPrinter:printSchoolSystem(101): Teacher: VERONIKA RYBCHAK.
INFO  2016-09-29T22:52:21,209 [main] com.roxoft.hierarchy.io.printers.SchoolSystemPrinter:printSchoolSystem(106): Pupil: BORIS CHIZHIKOV.
INFO  2016-09-29T22:52:21,209 [main] com.roxoft.hierarchy.io.printers.SchoolSystemPrinter:printSchoolSystem(106): Pupil: IVAN ARKANOV.
INFO  2016-09-29T22:52:21,209 [main] com.roxoft.hierarchy.io.printers.SchoolSystemPrinter:printSchoolSystem(106): Pupil: EVGENIA SHMIDT.
INFO  2016-09-29T22:52:21,209 [main] com.roxoft.hierarchy.io.printers.SchoolSystemPrinter:printSchoolSystem(106): Pupil: ANTON VAVILOV.
INFO  2016-09-29T22:52:21,210 [main] com.roxoft.hierarchy.io.printers.SchoolSystemPrinter:printSchoolSystem(106): Pupil: NIKOLAY VAVILOV.
INFO  2016-09-29T22:52:21,210 [main] com.roxoft.hierarchy.io.printers.SchoolSystemPrinter:printSchoolSystem(106): Pupil: ANATILIY SHIROKOV.
INFO  2016-09-29T22:52:21,210 [main] com.roxoft.hierarchy.io.printers.SchoolSystemPrinter:printSchoolSystem(110): School SCHOOL_N1: number of teachers = 4, number of pupils = 6.
INFO  2016-09-29T22:52:21,210 [main] com.roxoft.hierarchy.io.printers.SchoolSystemPrinter:printSchoolSystem(95): 
School: SCHOOL_N21.
INFO  2016-09-29T22:52:21,210 [main] com.roxoft.hierarchy.io.printers.SchoolSystemPrinter:printSchoolSystem(96): Address: Kuibyshev st., 19, 220029, Minsk.
INFO  2016-09-29T22:52:21,210 [main] com.roxoft.hierarchy.io.printers.SchoolSystemPrinter:printSchoolSystem(101): Teacher: ANDREY SHIROKOV.
INFO  2016-09-29T22:52:21,210 [main] com.roxoft.hierarchy.io.printers.SchoolSystemPrinter:printSchoolSystem(106): Pupil: ROSA SOBOLEVSKAYA.
INFO  2016-09-29T22:52:21,210 [main] com.roxoft.hierarchy.io.printers.SchoolSystemPrinter:printSchoolSystem(106): Pupil: EVGENIA TUMANOVA.
INFO  2016-09-29T22:52:21,210 [main] com.roxoft.hierarchy.io.printers.SchoolSystemPrinter:printSchoolSystem(106): Pupil: VERONIKA SHMIDT.
INFO  2016-09-29T22:52:21,211 [main] com.roxoft.hierarchy.io.printers.SchoolSystemPrinter:printSchoolSystem(106): Pupil: MATVEY BABICH.
INFO  2016-09-29T22:52:21,211 [main] com.roxoft.hierarchy.io.printers.SchoolSystemPrinter:printSchoolSystem(106): Pupil: VERONIKA SINITSYNA.
INFO  2016-09-29T22:52:21,211 [main] com.roxoft.hierarchy.io.printers.SchoolSystemPrinter:printSchoolSystem(106): Pupil: DIANA OLEGOVA.
INFO  2016-09-29T22:52:21,211 [main] com.roxoft.hierarchy.io.printers.SchoolSystemPrinter:printSchoolSystem(106): Pupil: DENIS NECHAEV.
INFO  2016-09-29T22:52:21,211 [main] com.roxoft.hierarchy.io.printers.SchoolSystemPrinter:printSchoolSystem(106): Pupil: ALEXANDRA MARATOVA.
INFO  2016-09-29T22:52:21,211 [main] com.roxoft.hierarchy.io.printers.SchoolSystemPrinter:printSchoolSystem(106): Pupil: ALEKSEY NIKONOV.
INFO  2016-09-29T22:52:21,211 [main] com.roxoft.hierarchy.io.printers.SchoolSystemPrinter:printSchoolSystem(110): School SCHOOL_N21: number of teachers = 1, number of pupils = 9.
INFO  2016-09-29T22:52:21,211 [main] com.roxoft.hierarchy.io.printers.SchoolSystemPrinter:printSchoolSystem(95): 
School: SCHOOL_N4.
INFO  2016-09-29T22:52:21,212 [main] com.roxoft.hierarchy.io.printers.SchoolSystemPrinter:printSchoolSystem(96): Address: Red Army st., 11, 220030, Minsk.
INFO  2016-09-29T22:52:21,212 [main] com.roxoft.hierarchy.io.printers.SchoolSystemPrinter:printSchoolSystem(101): Teacher: PAVEL KOVAL.
INFO  2016-09-29T22:52:21,212 [main] com.roxoft.hierarchy.io.printers.SchoolSystemPrinter:printSchoolSystem(106): Pupil: MAKSIM NIKONOV.
INFO  2016-09-29T22:52:21,212 [main] com.roxoft.hierarchy.io.printers.SchoolSystemPrinter:printSchoolSystem(106): Pupil: ANTONINA RYBCHAK.
INFO  2016-09-29T22:52:21,212 [main] com.roxoft.hierarchy.io.printers.SchoolSystemPrinter:printSchoolSystem(110): School SCHOOL_N4: number of teachers = 1, number of pupils = 2.
INFO  2016-09-29T22:52:21,212 [main] com.roxoft.hierarchy.io.printers.SchoolSystemPrinter:printSchoolSystem(95): 
School: SCHOOL_N50.
INFO  2016-09-29T22:52:21,212 [main] com.roxoft.hierarchy.io.printers.SchoolSystemPrinter:printSchoolSystem(96): Address: Kiselev st., 9, 220029, Minsk.
INFO  2016-09-29T22:52:21,212 [main] com.roxoft.hierarchy.io.printers.SchoolSystemPrinter:printSchoolSystem(101): Teacher: VERA SINITSYNA.
INFO  2016-09-29T22:52:21,212 [main] com.roxoft.hierarchy.io.printers.SchoolSystemPrinter:printSchoolSystem(101): Teacher: LEONID NECHAEV.
INFO  2016-09-29T22:52:21,213 [main] com.roxoft.hierarchy.io.printers.SchoolSystemPrinter:printSchoolSystem(106): Pupil: ANATILIY DRAGUN.
INFO  2016-09-29T22:52:21,213 [main] com.roxoft.hierarchy.io.printers.SchoolSystemPrinter:printSchoolSystem(106): Pupil: LILIYA OLEGOVA.
INFO  2016-09-29T22:52:21,213 [main] com.roxoft.hierarchy.io.printers.SchoolSystemPrinter:printSchoolSystem(106): Pupil: ROSA ZHAROVA.
INFO  2016-09-29T22:52:21,213 [main] com.roxoft.hierarchy.io.printers.SchoolSystemPrinter:printSchoolSystem(106): Pupil: VIKTOR DETS.
INFO  2016-09-29T22:52:21,213 [main] com.roxoft.hierarchy.io.printers.SchoolSystemPrinter:printSchoolSystem(106): Pupil: NINA SINITSYNA.
INFO  2016-09-29T22:52:21,213 [main] com.roxoft.hierarchy.io.printers.SchoolSystemPrinter:printSchoolSystem(106): Pupil: EVGENIA SOBOLEVSKAYA.
INFO  2016-09-29T22:52:21,214 [main] com.roxoft.hierarchy.io.printers.SchoolSystemPrinter:printSchoolSystem(106): Pupil: VALERIA VOROBYOVA.
INFO  2016-09-29T22:52:21,214 [main] com.roxoft.hierarchy.io.printers.SchoolSystemPrinter:printSchoolSystem(110): School SCHOOL_N50: number of teachers = 2, number of pupils = 7.
INFO  2016-09-29T22:52:21,214 [main] com.roxoft.hierarchy.io.printers.SchoolSystemPrinter:purePrint(40): 
School System

INFO  2016-09-29T22:52:21,214 [main] com.roxoft.hierarchy.io.printers.SchoolSystemPrinter:purePrint(41): Number of pupils: 24.
INFO  2016-09-29T22:52:21,214 [main] com.roxoft.hierarchy.io.printers.SchoolSystemPrinter:purePrint(43): Pupil 1: BORIS CHIZHIKOV, school: SCHOOL_N1.
INFO  2016-09-29T22:52:21,214 [main] com.roxoft.hierarchy.io.printers.SchoolSystemPrinter:purePrint(43): Pupil 2: IVAN ARKANOV, school: SCHOOL_N1.
INFO  2016-09-29T22:52:21,214 [main] com.roxoft.hierarchy.io.printers.SchoolSystemPrinter:purePrint(43): Pupil 3: EVGENIA SHMIDT, school: SCHOOL_N1.
INFO  2016-09-29T22:52:21,214 [main] com.roxoft.hierarchy.io.printers.SchoolSystemPrinter:purePrint(43): Pupil 4: ANTON VAVILOV, school: SCHOOL_N1.
INFO  2016-09-29T22:52:21,215 [main] com.roxoft.hierarchy.io.printers.SchoolSystemPrinter:purePrint(43): Pupil 5: NIKOLAY VAVILOV, school: SCHOOL_N1.
INFO  2016-09-29T22:52:21,215 [main] com.roxoft.hierarchy.io.printers.SchoolSystemPrinter:purePrint(43): Pupil 6: ANATILIY SHIROKOV, school: SCHOOL_N1.
INFO  2016-09-29T22:52:21,215 [main] com.roxoft.hierarchy.io.printers.SchoolSystemPrinter:purePrint(43): Pupil 7: ROSA SOBOLEVSKAYA, school: SCHOOL_N21.
INFO  2016-09-29T22:52:21,215 [main] com.roxoft.hierarchy.io.printers.SchoolSystemPrinter:purePrint(43): Pupil 8: EVGENIA TUMANOVA, school: SCHOOL_N21.
INFO  2016-09-29T22:52:21,215 [main] com.roxoft.hierarchy.io.printers.SchoolSystemPrinter:purePrint(43): Pupil 9: VERONIKA SHMIDT, school: SCHOOL_N21.
INFO  2016-09-29T22:52:21,215 [main] com.roxoft.hierarchy.io.printers.SchoolSystemPrinter:purePrint(43): Pupil 10: MATVEY BABICH, school: SCHOOL_N21.
INFO  2016-09-29T22:52:21,215 [main] com.roxoft.hierarchy.io.printers.SchoolSystemPrinter:purePrint(43): Pupil 11: VERONIKA SINITSYNA, school: SCHOOL_N21.
INFO  2016-09-29T22:52:21,215 [main] com.roxoft.hierarchy.io.printers.SchoolSystemPrinter:purePrint(43): Pupil 12: DIANA OLEGOVA, school: SCHOOL_N21.
INFO  2016-09-29T22:52:21,215 [main] com.roxoft.hierarchy.io.printers.SchoolSystemPrinter:purePrint(43): Pupil 13: DENIS NECHAEV, school: SCHOOL_N21.
INFO  2016-09-29T22:52:21,216 [main] com.roxoft.hierarchy.io.printers.SchoolSystemPrinter:purePrint(43): Pupil 14: ALEXANDRA MARATOVA, school: SCHOOL_N21.
INFO  2016-09-29T22:52:21,216 [main] com.roxoft.hierarchy.io.printers.SchoolSystemPrinter:purePrint(43): Pupil 15: ALEKSEY NIKONOV, school: SCHOOL_N21.
INFO  2016-09-29T22:52:21,216 [main] com.roxoft.hierarchy.io.printers.SchoolSystemPrinter:purePrint(43): Pupil 16: MAKSIM NIKONOV, school: SCHOOL_N4.
INFO  2016-09-29T22:52:21,216 [main] com.roxoft.hierarchy.io.printers.SchoolSystemPrinter:purePrint(43): Pupil 17: ANTONINA RYBCHAK, school: SCHOOL_N4.
INFO  2016-09-29T22:52:21,216 [main] com.roxoft.hierarchy.io.printers.SchoolSystemPrinter:purePrint(43): Pupil 18: ANATILIY DRAGUN, school: SCHOOL_N50.
INFO  2016-09-29T22:52:21,216 [main] com.roxoft.hierarchy.io.printers.SchoolSystemPrinter:purePrint(43): Pupil 19: LILIYA OLEGOVA, school: SCHOOL_N50.
INFO  2016-09-29T22:52:21,216 [main] com.roxoft.hierarchy.io.printers.SchoolSystemPrinter:purePrint(43): Pupil 20: ROSA ZHAROVA, school: SCHOOL_N50.
INFO  2016-09-29T22:52:21,216 [main] com.roxoft.hierarchy.io.printers.SchoolSystemPrinter:purePrint(43): Pupil 21: VIKTOR DETS, school: SCHOOL_N50.
INFO  2016-09-29T22:52:21,217 [main] com.roxoft.hierarchy.io.printers.SchoolSystemPrinter:purePrint(43): Pupil 22: NINA SINITSYNA, school: SCHOOL_N50.
INFO  2016-09-29T22:52:21,217 [main] com.roxoft.hierarchy.io.printers.SchoolSystemPrinter:purePrint(43): Pupil 23: EVGENIA SOBOLEVSKAYA, school: SCHOOL_N50.
INFO  2016-09-29T22:52:21,217 [main] com.roxoft.hierarchy.io.printers.SchoolSystemPrinter:purePrint(43): Pupil 24: VALERIA VOROBYOVA, school: SCHOOL_N50.
INFO  2016-09-29T22:52:21,217 [main] com.roxoft.hierarchy.io.printers.SchoolSystemPrinter:purePrint(46): Number of teachers: 8.
INFO  2016-09-29T22:52:21,217 [main] com.roxoft.hierarchy.io.printers.SchoolSystemPrinter:purePrint(48): Teacher 1: GLEB HAMENYA, school: SCHOOL_N1.
INFO  2016-09-29T22:52:21,217 [main] com.roxoft.hierarchy.io.printers.SchoolSystemPrinter:purePrint(48): Teacher 2: EKATERINA IZVITSKAYA, school: SCHOOL_N1.
INFO  2016-09-29T22:52:21,217 [main] com.roxoft.hierarchy.io.printers.SchoolSystemPrinter:purePrint(48): Teacher 3: MIKHAIL ZUBOV, school: SCHOOL_N1.
INFO  2016-09-29T22:52:21,217 [main] com.roxoft.hierarchy.io.printers.SchoolSystemPrinter:purePrint(48): Teacher 4: VERONIKA RYBCHAK, school: SCHOOL_N1.
INFO  2016-09-29T22:52:21,218 [main] com.roxoft.hierarchy.io.printers.SchoolSystemPrinter:purePrint(48): Teacher 5: ANDREY SHIROKOV, school: SCHOOL_N21.
INFO  2016-09-29T22:52:21,218 [main] com.roxoft.hierarchy.io.printers.SchoolSystemPrinter:purePrint(48): Teacher 6: PAVEL KOVAL, school: SCHOOL_N4.
INFO  2016-09-29T22:52:21,218 [main] com.roxoft.hierarchy.io.printers.SchoolSystemPrinter:purePrint(48): Teacher 7: VERA SINITSYNA, school: SCHOOL_N50.
INFO  2016-09-29T22:52:21,218 [main] com.roxoft.hierarchy.io.printers.SchoolSystemPrinter:purePrint(48): Teacher 8: LEONID NECHAEV, school: SCHOOL_N50.
INFO  2016-09-29T22:52:21,218 [main] com.roxoft.hierarchy.io.printers.SchoolSystemPrinter:purePrint(51): Number of schools: 4.
INFO  2016-09-29T22:52:21,218 [main] com.roxoft.hierarchy.io.printers.SchoolSystemPrinter:purePrint(53): School 1: SCHOOL_N1; address: Chkalov st., 3A, 220039, Minsk.
INFO  2016-09-29T22:52:21,218 [main] com.roxoft.hierarchy.io.printers.SchoolSystemPrinter:purePrint(53): School 2: SCHOOL_N21; address: Kuibyshev st., 19, 220029, Minsk.
INFO  2016-09-29T22:52:21,218 [main] com.roxoft.hierarchy.io.printers.SchoolSystemPrinter:purePrint(53): School 3: SCHOOL_N4; address: Red Army st., 11, 220030, Minsk.
INFO  2016-09-29T22:52:21,219 [main] com.roxoft.hierarchy.io.printers.SchoolSystemPrinter:purePrint(53): School 4: SCHOOL_N50; address: Kiselev st., 9, 220029, Minsk.
INFO  2016-09-29T22:52:21,263 [main] com.roxoft.hierarchy.io.printers.SchoolSystemPrinter:printSchoolSystem(92): 
School System
INFO  2016-09-29T22:52:21,264 [main] com.roxoft.hierarchy.io.printers.SchoolSystemPrinter:printSchoolSystem(95): 
School: SCHOOL_N1.
INFO  2016-09-29T22:52:21,264 [main] com.roxoft.hierarchy.io.printers.SchoolSystemPrinter:printSchoolSystem(96): Address: Chkalov st., 3A, 220039, Minsk.
INFO  2016-09-29T22:52:21,264 [main] com.roxoft.hierarchy.io.printers.SchoolSystemPrinter:printSchoolSystem(101): Teacher: GLEB HAMENYA.
INFO  2016-09-29T22:52:21,264 [main] com.roxoft.hierarchy.io.printers.SchoolSystemPrinter:printSchoolSystem(101): Teacher: EKATERINA IZVITSKAYA.
INFO  2016-09-29T22:52:21,264 [main] com.roxoft.hierarchy.io.printers.SchoolSystemPrinter:printSchoolSystem(101): Teacher: MIKHAIL ZUBOV.
INFO  2016-09-29T22:52:21,264 [main] com.roxoft.hierarchy.io.printers.SchoolSystemPrinter:printSchoolSystem(101): Teacher: VERONIKA RYBCHAK.
INFO  2016-09-29T22:52:21,264 [main] com.roxoft.hierarchy.io.printers.SchoolSystemPrinter:printSchoolSystem(106): Pupil: BORIS CHIZHIKOV.
INFO  2016-09-29T22:52:21,264 [main] com.roxoft.hierarchy.io.printers.SchoolSystemPrinter:printSchoolSystem(106): Pupil: IVAN ARKANOV.
INFO  2016-09-29T22:52:21,265 [main] com.roxoft.hierarchy.io.printers.SchoolSystemPrinter:printSchoolSystem(106): Pupil: EVGENIA SHMIDT.
INFO  2016-09-29T22:52:21,265 [main] com.roxoft.hierarchy.io.printers.SchoolSystemPrinter:printSchoolSystem(106): Pupil: ANTON VAVILOV.
INFO  2016-09-29T22:52:21,265 [main] com.roxoft.hierarchy.io.printers.SchoolSystemPrinter:printSchoolSystem(106): Pupil: NIKOLAY VAVILOV.
INFO  2016-09-29T22:52:21,265 [main] com.roxoft.hierarchy.io.printers.SchoolSystemPrinter:printSchoolSystem(106): Pupil: ANATILIY SHIROKOV.
INFO  2016-09-29T22:52:21,265 [main] com.roxoft.hierarchy.io.printers.SchoolSystemPrinter:printSchoolSystem(110): School SCHOOL_N1: number of teachers = 4, number of pupils = 6.
INFO  2016-09-29T22:52:21,265 [main] com.roxoft.hierarchy.io.printers.SchoolSystemPrinter:printSchoolSystem(95): 
School: SCHOOL_N21.
INFO  2016-09-29T22:52:21,265 [main] com.roxoft.hierarchy.io.printers.SchoolSystemPrinter:printSchoolSystem(96): Address: Kuibyshev st., 19, 220029, Minsk.
INFO  2016-09-29T22:52:21,265 [main] com.roxoft.hierarchy.io.printers.SchoolSystemPrinter:printSchoolSystem(101): Teacher: ANDREY SHIROKOV.
INFO  2016-09-29T22:52:21,266 [main] com.roxoft.hierarchy.io.printers.SchoolSystemPrinter:printSchoolSystem(106): Pupil: ROSA SOBOLEVSKAYA.
INFO  2016-09-29T22:52:21,266 [main] com.roxoft.hierarchy.io.printers.SchoolSystemPrinter:printSchoolSystem(106): Pupil: EVGENIA TUMANOVA.
INFO  2016-09-29T22:52:21,266 [main] com.roxoft.hierarchy.io.printers.SchoolSystemPrinter:printSchoolSystem(106): Pupil: VERONIKA SHMIDT.
INFO  2016-09-29T22:52:21,275 [main] com.roxoft.hierarchy.io.printers.SchoolSystemPrinter:printSchoolSystem(106): Pupil: MATVEY BABICH.
INFO  2016-09-29T22:52:21,276 [main] com.roxoft.hierarchy.io.printers.SchoolSystemPrinter:printSchoolSystem(106): Pupil: VERONIKA SINITSYNA.
INFO  2016-09-29T22:52:21,276 [main] com.roxoft.hierarchy.io.printers.SchoolSystemPrinter:printSchoolSystem(106): Pupil: DIANA OLEGOVA.
INFO  2016-09-29T22:52:21,276 [main] com.roxoft.hierarchy.io.printers.SchoolSystemPrinter:printSchoolSystem(106): Pupil: DENIS NECHAEV.
INFO  2016-09-29T22:52:21,276 [main] com.roxoft.hierarchy.io.printers.SchoolSystemPrinter:printSchoolSystem(106): Pupil: ALEXANDRA MARATOVA.
INFO  2016-09-29T22:52:21,276 [main] com.roxoft.hierarchy.io.printers.SchoolSystemPrinter:printSchoolSystem(106): Pupil: ALEKSEY NIKONOV.
INFO  2016-09-29T22:52:21,276 [main] com.roxoft.hierarchy.io.printers.SchoolSystemPrinter:printSchoolSystem(110): School SCHOOL_N21: number of teachers = 1, number of pupils = 9.
INFO  2016-09-29T22:52:21,276 [main] com.roxoft.hierarchy.io.printers.SchoolSystemPrinter:printSchoolSystem(95): 
School: SCHOOL_N4.
INFO  2016-09-29T22:52:21,276 [main] com.roxoft.hierarchy.io.printers.SchoolSystemPrinter:printSchoolSystem(96): Address: Red Army st., 11, 220030, Minsk.
INFO  2016-09-29T22:52:21,276 [main] com.roxoft.hierarchy.io.printers.SchoolSystemPrinter:printSchoolSystem(101): Teacher: PAVEL KOVAL.
INFO  2016-09-29T22:52:21,277 [main] com.roxoft.hierarchy.io.printers.SchoolSystemPrinter:printSchoolSystem(106): Pupil: MAKSIM NIKONOV.
INFO  2016-09-29T22:52:21,277 [main] com.roxoft.hierarchy.io.printers.SchoolSystemPrinter:printSchoolSystem(106): Pupil: ANTONINA RYBCHAK.
INFO  2016-09-29T22:52:21,277 [main] com.roxoft.hierarchy.io.printers.SchoolSystemPrinter:printSchoolSystem(110): School SCHOOL_N4: number of teachers = 1, number of pupils = 2.
INFO  2016-09-29T22:52:21,277 [main] com.roxoft.hierarchy.io.printers.SchoolSystemPrinter:printSchoolSystem(95): 
School: SCHOOL_N50.
INFO  2016-09-29T22:52:21,277 [main] com.roxoft.hierarchy.io.printers.SchoolSystemPrinter:printSchoolSystem(96): Address: Kiselev st., 9, 220029, Minsk.
INFO  2016-09-29T22:52:21,277 [main] com.roxoft.hierarchy.io.printers.SchoolSystemPrinter:printSchoolSystem(101): Teacher: VERA SINITSYNA.
INFO  2016-09-29T22:52:21,277 [main] com.roxoft.hierarchy.io.printers.SchoolSystemPrinter:printSchoolSystem(101): Teacher: LEONID NECHAEV.
INFO  2016-09-29T22:52:21,277 [main] com.roxoft.hierarchy.io.printers.SchoolSystemPrinter:printSchoolSystem(106): Pupil: ANATILIY DRAGUN.
INFO  2016-09-29T22:52:21,279 [main] com.roxoft.hierarchy.io.printers.SchoolSystemPrinter:printSchoolSystem(106): Pupil: LILIYA OLEGOVA.
INFO  2016-09-29T22:52:21,279 [main] com.roxoft.hierarchy.io.printers.SchoolSystemPrinter:printSchoolSystem(106): Pupil: ROSA ZHAROVA.
INFO  2016-09-29T22:52:21,279 [main] com.roxoft.hierarchy.io.printers.SchoolSystemPrinter:printSchoolSystem(106): Pupil: VIKTOR DETS.
INFO  2016-09-29T22:52:21,280 [main] com.roxoft.hierarchy.io.printers.SchoolSystemPrinter:printSchoolSystem(106): Pupil: NINA SINITSYNA.
INFO  2016-09-29T22:52:21,280 [main] com.roxoft.hierarchy.io.printers.SchoolSystemPrinter:printSchoolSystem(106): Pupil: EVGENIA SOBOLEVSKAYA.
INFO  2016-09-29T22:52:21,280 [main] com.roxoft.hierarchy.io.printers.SchoolSystemPrinter:printSchoolSystem(106): Pupil: VALERIA VOROBYOVA.
INFO  2016-09-29T22:52:21,280 [main] com.roxoft.hierarchy.io.printers.SchoolSystemPrinter:printSchoolSystem(110): School SCHOOL_N50: number of teachers = 2, number of pupils = 7.
INFO  2016-09-29T22:52:21,280 [main] com.roxoft.hierarchy.io.printers.SchoolSystemPrinter:purePrint(40): 
School System

INFO  2016-09-29T22:52:21,281 [main] com.roxoft.hierarchy.io.printers.SchoolSystemPrinter:purePrint(41): Number of pupils: 24.
INFO  2016-09-29T22:52:21,281 [main] com.roxoft.hierarchy.io.printers.SchoolSystemPrinter:purePrint(43): Pupil 1: BORIS CHIZHIKOV, school: SCHOOL_N1.
INFO  2016-09-29T22:52:21,281 [main] com.roxoft.hierarchy.io.printers.SchoolSystemPrinter:purePrint(43): Pupil 2: IVAN ARKANOV, school: SCHOOL_N1.
INFO  2016-09-29T22:52:21,281 [main] com.roxoft.hierarchy.io.printers.SchoolSystemPrinter:purePrint(43): Pupil 3: EVGENIA SHMIDT, school: SCHOOL_N1.
INFO  2016-09-29T22:52:21,281 [main] com.roxoft.hierarchy.io.printers.SchoolSystemPrinter:purePrint(43): Pupil 4: ANTON VAVILOV, school: SCHOOL_N1.
INFO  2016-09-29T22:52:21,281 [main] com.roxoft.hierarchy.io.printers.SchoolSystemPrinter:purePrint(43): Pupil 5: NIKOLAY VAVILOV, school: SCHOOL_N1.
INFO  2016-09-29T22:52:21,282 [main] com.roxoft.hierarchy.io.printers.SchoolSystemPrinter:purePrint(43): Pupil 6: ANATILIY SHIROKOV, school: SCHOOL_N1.
INFO  2016-09-29T22:52:21,282 [main] com.roxoft.hierarchy.io.printers.SchoolSystemPrinter:purePrint(43): Pupil 7: ROSA SOBOLEVSKAYA, school: SCHOOL_N21.
INFO  2016-09-29T22:52:21,282 [main] com.roxoft.hierarchy.io.printers.SchoolSystemPrinter:purePrint(43): Pupil 8: EVGENIA TUMANOVA, school: SCHOOL_N21.
INFO  2016-09-29T22:52:21,282 [main] com.roxoft.hierarchy.io.printers.SchoolSystemPrinter:purePrint(43): Pupil 9: VERONIKA SHMIDT, school: SCHOOL_N21.
INFO  2016-09-29T22:52:21,282 [main] com.roxoft.hierarchy.io.printers.SchoolSystemPrinter:purePrint(43): Pupil 10: MATVEY BABICH, school: SCHOOL_N21.
INFO  2016-09-29T22:52:21,282 [main] com.roxoft.hierarchy.io.printers.SchoolSystemPrinter:purePrint(43): Pupil 11: VERONIKA SINITSYNA, school: SCHOOL_N21.
INFO  2016-09-29T22:52:21,282 [main] com.roxoft.hierarchy.io.printers.SchoolSystemPrinter:purePrint(43): Pupil 12: DIANA OLEGOVA, school: SCHOOL_N21.
INFO  2016-09-29T22:52:21,282 [main] com.roxoft.hierarchy.io.printers.SchoolSystemPrinter:purePrint(43): Pupil 13: DENIS NECHAEV, school: SCHOOL_N21.
INFO  2016-09-29T22:52:21,282 [main] com.roxoft.hierarchy.io.printers.SchoolSystemPrinter:purePrint(43): Pupil 14: ALEXANDRA MARATOVA, school: SCHOOL_N21.
INFO  2016-09-29T22:52:21,282 [main] com.roxoft.hierarchy.io.printers.SchoolSystemPrinter:purePrint(43): Pupil 15: ALEKSEY NIKONOV, school: SCHOOL_N21.
INFO  2016-09-29T22:52:21,282 [main] com.roxoft.hierarchy.io.printers.SchoolSystemPrinter:purePrint(43): Pupil 16: MAKSIM NIKONOV, school: SCHOOL_N4.
INFO  2016-09-29T22:52:21,283 [main] com.roxoft.hierarchy.io.printers.SchoolSystemPrinter:purePrint(43): Pupil 17: ANTONINA RYBCHAK, school: SCHOOL_N4.
INFO  2016-09-29T22:52:21,283 [main] com.roxoft.hierarchy.io.printers.SchoolSystemPrinter:purePrint(43): Pupil 18: ANATILIY DRAGUN, school: SCHOOL_N50.
INFO  2016-09-29T22:52:21,283 [main] com.roxoft.hierarchy.io.printers.SchoolSystemPrinter:purePrint(43): Pupil 19: LILIYA OLEGOVA, school: SCHOOL_N50.
INFO  2016-09-29T22:52:21,283 [main] com.roxoft.hierarchy.io.printers.SchoolSystemPrinter:purePrint(43): Pupil 20: ROSA ZHAROVA, school: SCHOOL_N50.
INFO  2016-09-29T22:52:21,283 [main] com.roxoft.hierarchy.io.printers.SchoolSystemPrinter:purePrint(43): Pupil 21: VIKTOR DETS, school: SCHOOL_N50.
INFO  2016-09-29T22:52:21,283 [main] com.roxoft.hierarchy.io.printers.SchoolSystemPrinter:purePrint(43): Pupil 22: NINA SINITSYNA, school: SCHOOL_N50.
INFO  2016-09-29T22:52:21,283 [main] com.roxoft.hierarchy.io.printers.SchoolSystemPrinter:purePrint(43): Pupil 23: EVGENIA SOBOLEVSKAYA, school: SCHOOL_N50.
INFO  2016-09-29T22:52:21,283 [main] com.roxoft.hierarchy.io.printers.SchoolSystemPrinter:purePrint(43): Pupil 24: VALERIA VOROBYOVA, school: SCHOOL_N50.
INFO  2016-09-29T22:52:21,284 [main] com.roxoft.hierarchy.io.printers.SchoolSystemPrinter:purePrint(46): Number of teachers: 8.
INFO  2016-09-29T22:52:21,284 [main] com.roxoft.hierarchy.io.printers.SchoolSystemPrinter:purePrint(48): Teacher 1: GLEB HAMENYA, school: SCHOOL_N1.
INFO  2016-09-29T22:52:21,284 [main] com.roxoft.hierarchy.io.printers.SchoolSystemPrinter:purePrint(48): Teacher 2: EKATERINA IZVITSKAYA, school: SCHOOL_N1.
INFO  2016-09-29T22:52:21,284 [main] com.roxoft.hierarchy.io.printers.SchoolSystemPrinter:purePrint(48): Teacher 3: MIKHAIL ZUBOV, school: SCHOOL_N1.
INFO  2016-09-29T22:52:21,284 [main] com.roxoft.hierarchy.io.printers.SchoolSystemPrinter:purePrint(48): Teacher 4: VERONIKA RYBCHAK, school: SCHOOL_N1.
INFO  2016-09-29T22:52:21,284 [main] com.roxoft.hierarchy.io.printers.SchoolSystemPrinter:purePrint(48): Teacher 5: ANDREY SHIROKOV, school: SCHOOL_N21.
INFO  2016-09-29T22:52:21,284 [main] com.roxoft.hierarchy.io.printers.SchoolSystemPrinter:purePrint(48): Teacher 6: PAVEL KOVAL, school: SCHOOL_N4.
INFO  2016-09-29T22:52:21,284 [main] com.roxoft.hierarchy.io.printers.SchoolSystemPrinter:purePrint(48): Teacher 7: VERA SINITSYNA, school: SCHOOL_N50.
INFO  2016-09-29T22:52:21,284 [main] com.roxoft.hierarchy.io.printers.SchoolSystemPrinter:purePrint(48): Teacher 8: LEONID NECHAEV, school: SCHOOL_N50.
INFO  2016-09-29T22:52:21,284 [main] com.roxoft.hierarchy.io.printers.SchoolSystemPrinter:purePrint(51): Number of schools: 4.
INFO  2016-09-29T22:52:21,284 [main] com.roxoft.hierarchy.io.printers.SchoolSystemPrinter:purePrint(53): School 1: SCHOOL_N1; address: Chkalov st., 3A, 220039, Minsk.
INFO  2016-09-29T22:52:21,285 [main] com.roxoft.hierarchy.io.printers.SchoolSystemPrinter:purePrint(53): School 2: SCHOOL_N21; address: Kuibyshev st., 19, 220029, Minsk.
INFO  2016-09-29T22:52:21,285 [main] com.roxoft.hierarchy.io.printers.SchoolSystemPrinter:purePrint(53): School 3: SCHOOL_N4; address: Red Army st., 11, 220030, Minsk.
INFO  2016-09-29T22:52:21,285 [main] com.roxoft.hierarchy.io.printers.SchoolSystemPrinter:purePrint(53): School 4: SCHOOL_N50; address: Kiselev st., 9, 220029, Minsk.
