INFO  2016-09-29T22:48:13,924 [main] com.roxoft.hierarchy.io.printers.UniversitySystemPrinter:printUniversitySystem(100): 
University System
INFO  2016-09-29T22:48:13,924 [main] com.roxoft.hierarchy.io.printers.UniversitySystemPrinter:printUniversitySystem(103): 
University: BNTU.
INFO  2016-09-29T22:48:13,924 [main] com.roxoft.hierarchy.io.printers.UniversitySystemPrinter:printUniversitySystem(104): Address: Independence Av., 65, 220013, Minsk.
INFO  2016-09-29T22:48:13,924 [main] com.roxoft.hierarchy.io.printers.UniversitySystemPrinter:printUniversitySystem(108): Specialities: [ENGINEER-BUILDER, ENGINEER-TECHNOLOGIST, PETROLEUM-ENGINEER].
INFO  2016-09-29T22:48:13,925 [main] com.roxoft.hierarchy.io.printers.UniversitySystemPrinter:printUniversitySystem(110): Lecturer: BORIS ZOLOTNIKOV.
INFO  2016-09-29T22:48:13,925 [main] com.roxoft.hierarchy.io.printers.UniversitySystemPrinter:printUniversitySystem(110): Lecturer: BORIS TSYGANKOV.
INFO  2016-09-29T22:48:13,925 [main] com.roxoft.hierarchy.io.printers.UniversitySystemPrinter:printUniversitySystem(115): Student: VLADIMIR GOLUB, spesiality: ENGINEER-TECHNOLOGIST.
INFO  2016-09-29T22:48:13,925 [main] com.roxoft.hierarchy.io.printers.UniversitySystemPrinter:printUniversitySystem(115): Student: DANIIL GOLUB, spesiality: ENGINEER-BUILDER.
INFO  2016-09-29T22:48:13,925 [main] com.roxoft.hierarchy.io.printers.UniversitySystemPrinter:printUniversitySystem(115): Student: TAMARA ULYEVA, spesiality: PETROLEUM-ENGINEER.
INFO  2016-09-29T22:48:13,925 [main] com.roxoft.hierarchy.io.printers.UniversitySystemPrinter:printUniversitySystem(115): Student: GLEB SHATILO, spesiality: ENGINEER-TECHNOLOGIST.
INFO  2016-09-29T22:48:13,925 [main] com.roxoft.hierarchy.io.printers.UniversitySystemPrinter:printUniversitySystem(115): Student: KLARA ABRAMOVA, spesiality: ENGINEER-BUILDER.
INFO  2016-09-29T22:48:13,925 [main] com.roxoft.hierarchy.io.printers.UniversitySystemPrinter:printUniversitySystem(115): Student: SERGEY CHIZHIKOV, spesiality: ENGINEER-TECHNOLOGIST.
INFO  2016-09-29T22:48:13,926 [main] com.roxoft.hierarchy.io.printers.UniversitySystemPrinter:printUniversitySystem(115): Student: VERONIKA VOROBYOVA, spesiality: ENGINEER-TECHNOLOGIST.
INFO  2016-09-29T22:48:13,926 [main] com.roxoft.hierarchy.io.printers.UniversitySystemPrinter:printUniversitySystem(115): Student: IVAN NIKONOV, spesiality: ENGINEER-TECHNOLOGIST.
INFO  2016-09-29T22:48:13,926 [main] com.roxoft.hierarchy.io.printers.UniversitySystemPrinter:printUniversitySystem(115): Student: NIKOLAY ARKANOV, spesiality: PETROLEUM-ENGINEER.
INFO  2016-09-29T22:48:13,926 [main] com.roxoft.hierarchy.io.printers.UniversitySystemPrinter:printUniversitySystem(115): Student: ALISA SOBOLEVSKAYA, spesiality: ENGINEER-BUILDER.
INFO  2016-09-29T22:48:13,926 [main] com.roxoft.hierarchy.io.printers.UniversitySystemPrinter:printUniversitySystem(115): Student: ELVIRA ABRAMOVA, spesiality: ENGINEER-TECHNOLOGIST.
INFO  2016-09-29T22:48:13,926 [main] com.roxoft.hierarchy.io.printers.UniversitySystemPrinter:printUniversitySystem(115): Student: LILIYA KORCHAK, spesiality: ENGINEER-TECHNOLOGIST.
INFO  2016-09-29T22:48:13,926 [main] com.roxoft.hierarchy.io.printers.UniversitySystemPrinter:printUniversitySystem(120): University BNTU: number of lecturers = 2, number of students = 12.
INFO  2016-09-29T22:48:13,926 [main] com.roxoft.hierarchy.io.printers.UniversitySystemPrinter:printUniversitySystem(103): 
University: BSEU.
INFO  2016-09-29T22:48:13,927 [main] com.roxoft.hierarchy.io.printers.UniversitySystemPrinter:printUniversitySystem(104): Address: Partisan Av., 26, 220070, Minsk.
INFO  2016-09-29T22:48:13,927 [main] com.roxoft.hierarchy.io.printers.UniversitySystemPrinter:printUniversitySystem(108): Specialities: [ECONOMIST, ACCOUNTANT].
INFO  2016-09-29T22:48:13,927 [main] com.roxoft.hierarchy.io.printers.UniversitySystemPrinter:printUniversitySystem(110): Lecturer: ANTON CHERNOV.
INFO  2016-09-29T22:48:13,927 [main] com.roxoft.hierarchy.io.printers.UniversitySystemPrinter:printUniversitySystem(110): Lecturer: IRINA MARATOVA.
INFO  2016-09-29T22:48:13,927 [main] com.roxoft.hierarchy.io.printers.UniversitySystemPrinter:printUniversitySystem(115): Student: VADIM GOLUB, spesiality: ECONOMIST.
INFO  2016-09-29T22:48:13,927 [main] com.roxoft.hierarchy.io.printers.UniversitySystemPrinter:printUniversitySystem(115): Student: MARINA BORISENKO, spesiality: ACCOUNTANT.
INFO  2016-09-29T22:48:13,927 [main] com.roxoft.hierarchy.io.printers.UniversitySystemPrinter:printUniversitySystem(115): Student: ANATILIY YABLOCHKIN, spesiality: ACCOUNTANT.
INFO  2016-09-29T22:48:13,928 [main] com.roxoft.hierarchy.io.printers.UniversitySystemPrinter:printUniversitySystem(115): Student: SERGEY CHERNOV, spesiality: ACCOUNTANT.
INFO  2016-09-29T22:48:13,928 [main] com.roxoft.hierarchy.io.printers.UniversitySystemPrinter:printUniversitySystem(115): Student: EVGENIA SINITSYNA, spesiality: ACCOUNTANT.
INFO  2016-09-29T22:48:13,928 [main] com.roxoft.hierarchy.io.printers.UniversitySystemPrinter:printUniversitySystem(115): Student: ALEXANDER ZOLOTNIKOV, spesiality: ACCOUNTANT.
INFO  2016-09-29T22:48:13,928 [main] com.roxoft.hierarchy.io.printers.UniversitySystemPrinter:printUniversitySystem(115): Student: ANTONINA ULYEVA, spesiality: ECONOMIST.
INFO  2016-09-29T22:48:13,928 [main] com.roxoft.hierarchy.io.printers.UniversitySystemPrinter:printUniversitySystem(115): Student: RUSLAN CHIZHIKOV, spesiality: ACCOUNTANT.
INFO  2016-09-29T22:48:13,928 [main] com.roxoft.hierarchy.io.printers.UniversitySystemPrinter:printUniversitySystem(115): Student: VALERIY LYSENKO, spesiality: ECONOMIST.
INFO  2016-09-29T22:48:13,928 [main] com.roxoft.hierarchy.io.printers.UniversitySystemPrinter:printUniversitySystem(115): Student: EVGENIA DOROFEEVA, spesiality: ECONOMIST.
INFO  2016-09-29T22:48:13,928 [main] com.roxoft.hierarchy.io.printers.UniversitySystemPrinter:printUniversitySystem(120): University BSEU: number of lecturers = 2, number of students = 10.
INFO  2016-09-29T22:48:13,929 [main] com.roxoft.hierarchy.io.printers.UniversitySystemPrinter:printUniversitySystem(103): 
University: BSU.
INFO  2016-09-29T22:48:13,929 [main] com.roxoft.hierarchy.io.printers.UniversitySystemPrinter:printUniversitySystem(104): Address: Independence Av., 4, 220030, Minsk.
INFO  2016-09-29T22:48:13,929 [main] com.roxoft.hierarchy.io.printers.UniversitySystemPrinter:printUniversitySystem(108): Specialities: [ENGINEER-PROGRAMMER, LOGIST].
INFO  2016-09-29T22:48:13,929 [main] com.roxoft.hierarchy.io.printers.UniversitySystemPrinter:printUniversitySystem(110): Lecturer: ROSA OLEGOVA.
INFO  2016-09-29T22:48:13,929 [main] com.roxoft.hierarchy.io.printers.UniversitySystemPrinter:printUniversitySystem(110): Lecturer: ARKADIY TRUBETSKOI.
INFO  2016-09-29T22:48:13,929 [main] com.roxoft.hierarchy.io.printers.UniversitySystemPrinter:printUniversitySystem(110): Lecturer: ALISA BEZMEN.
INFO  2016-09-29T22:48:13,929 [main] com.roxoft.hierarchy.io.printers.UniversitySystemPrinter:printUniversitySystem(110): Lecturer: VERONIKA IZVITSKAYA.
INFO  2016-09-29T22:48:13,929 [main] com.roxoft.hierarchy.io.printers.UniversitySystemPrinter:printUniversitySystem(110): Lecturer: MAKSIM TRUBETSKOI.
INFO  2016-09-29T22:48:13,930 [main] com.roxoft.hierarchy.io.printers.UniversitySystemPrinter:printUniversitySystem(115): Student: VADIM DZHAFAROV, spesiality: ENGINEER-PROGRAMMER.
INFO  2016-09-29T22:48:13,930 [main] com.roxoft.hierarchy.io.printers.UniversitySystemPrinter:printUniversitySystem(115): Student: VADIM SHIROKOV, spesiality: LOGIST.
INFO  2016-09-29T22:48:13,930 [main] com.roxoft.hierarchy.io.printers.UniversitySystemPrinter:printUniversitySystem(115): Student: IRINA SOBOLEVSKAYA, spesiality: LOGIST.
INFO  2016-09-29T22:48:13,930 [main] com.roxoft.hierarchy.io.printers.UniversitySystemPrinter:printUniversitySystem(115): Student: MAKSIM LESYN, spesiality: ENGINEER-PROGRAMMER.
INFO  2016-09-29T22:48:13,930 [main] com.roxoft.hierarchy.io.printers.UniversitySystemPrinter:printUniversitySystem(115): Student: VLADIMIR HAMENYA, spesiality: ENGINEER-PROGRAMMER.
INFO  2016-09-29T22:48:13,930 [main] com.roxoft.hierarchy.io.printers.UniversitySystemPrinter:printUniversitySystem(115): Student: SOFYA KORCHAK, spesiality: LOGIST.
INFO  2016-09-29T22:48:13,930 [main] com.roxoft.hierarchy.io.printers.UniversitySystemPrinter:printUniversitySystem(115): Student: SERGEY PAVLOV, spesiality: LOGIST.
INFO  2016-09-29T22:48:13,930 [main] com.roxoft.hierarchy.io.printers.UniversitySystemPrinter:printUniversitySystem(115): Student: VALENTIN ARKANOV, spesiality: LOGIST.
INFO  2016-09-29T22:48:13,931 [main] com.roxoft.hierarchy.io.printers.UniversitySystemPrinter:printUniversitySystem(115): Student: ELLA BORISENKO, spesiality: ENGINEER-PROGRAMMER.
INFO  2016-09-29T22:48:13,931 [main] com.roxoft.hierarchy.io.printers.UniversitySystemPrinter:printUniversitySystem(115): Student: ANTON PRISCHEPOV, spesiality: ENGINEER-PROGRAMMER.
INFO  2016-09-29T22:48:13,931 [main] com.roxoft.hierarchy.io.printers.UniversitySystemPrinter:printUniversitySystem(120): University BSU: number of lecturers = 5, number of students = 10.
INFO  2016-09-29T22:48:13,931 [main] com.roxoft.hierarchy.io.printers.UniversitySystemPrinter:printUniversitySystem(103): 
University: BSUIR.
INFO  2016-09-29T22:48:13,931 [main] com.roxoft.hierarchy.io.printers.UniversitySystemPrinter:printUniversitySystem(104): Address: P.Brovki st., 4, 220013, Minsk.
INFO  2016-09-29T22:48:13,931 [main] com.roxoft.hierarchy.io.printers.UniversitySystemPrinter:printUniversitySystem(108): Specialities: [ENGINEER-PROGRAMMER, ECONOMIST].
INFO  2016-09-29T22:48:13,931 [main] com.roxoft.hierarchy.io.printers.UniversitySystemPrinter:printUniversitySystem(110): Lecturer: EKATERINA ULYEVA.
INFO  2016-09-29T22:48:13,931 [main] com.roxoft.hierarchy.io.printers.UniversitySystemPrinter:printUniversitySystem(110): Lecturer: MATVEY MARATOV.
INFO  2016-09-29T22:48:13,931 [main] com.roxoft.hierarchy.io.printers.UniversitySystemPrinter:printUniversitySystem(110): Lecturer: EVGENIY DZHAFAROV.
INFO  2016-09-29T22:48:13,932 [main] com.roxoft.hierarchy.io.printers.UniversitySystemPrinter:printUniversitySystem(115): Student: VERA KORCHAK, spesiality: ENGINEER-PROGRAMMER.
INFO  2016-09-29T22:48:13,932 [main] com.roxoft.hierarchy.io.printers.UniversitySystemPrinter:printUniversitySystem(115): Student: NIKITA KOTOV, spesiality: ENGINEER-PROGRAMMER.
INFO  2016-09-29T22:48:13,932 [main] com.roxoft.hierarchy.io.printers.UniversitySystemPrinter:printUniversitySystem(115): Student: RUSLAN ZOLOTNIKOV, spesiality: ENGINEER-PROGRAMMER.
INFO  2016-09-29T22:48:13,932 [main] com.roxoft.hierarchy.io.printers.UniversitySystemPrinter:printUniversitySystem(115): Student: EVGENIY NECHAEV, spesiality: ECONOMIST.
INFO  2016-09-29T22:48:13,932 [main] com.roxoft.hierarchy.io.printers.UniversitySystemPrinter:printUniversitySystem(120): University BSUIR: number of lecturers = 3, number of students = 4.
INFO  2016-09-29T22:48:13,932 [main] com.roxoft.hierarchy.io.printers.UniversitySystemPrinter:purePrint(42): 
University System

INFO  2016-09-29T22:48:13,932 [main] com.roxoft.hierarchy.io.printers.UniversitySystemPrinter:purePrint(43): Number of students: 36.
INFO  2016-09-29T22:48:13,932 [main] com.roxoft.hierarchy.io.printers.UniversitySystemPrinter:purePrint(45): Student 1: VLADIMIR GOLUB, university: BNTU, speciality: ENGINEER-TECHNOLOGIST.
INFO  2016-09-29T22:48:13,933 [main] com.roxoft.hierarchy.io.printers.UniversitySystemPrinter:purePrint(45): Student 2: DANIIL GOLUB, university: BNTU, speciality: ENGINEER-BUILDER.
INFO  2016-09-29T22:48:13,933 [main] com.roxoft.hierarchy.io.printers.UniversitySystemPrinter:purePrint(45): Student 3: TAMARA ULYEVA, university: BNTU, speciality: PETROLEUM-ENGINEER.
INFO  2016-09-29T22:48:13,933 [main] com.roxoft.hierarchy.io.printers.UniversitySystemPrinter:purePrint(45): Student 4: GLEB SHATILO, university: BNTU, speciality: ENGINEER-TECHNOLOGIST.
INFO  2016-09-29T22:48:13,933 [main] com.roxoft.hierarchy.io.printers.UniversitySystemPrinter:purePrint(45): Student 5: KLARA ABRAMOVA, university: BNTU, speciality: ENGINEER-BUILDER.
INFO  2016-09-29T22:48:13,933 [main] com.roxoft.hierarchy.io.printers.UniversitySystemPrinter:purePrint(45): Student 6: SERGEY CHIZHIKOV, university: BNTU, speciality: ENGINEER-TECHNOLOGIST.
INFO  2016-09-29T22:48:13,933 [main] com.roxoft.hierarchy.io.printers.UniversitySystemPrinter:purePrint(45): Student 7: VERONIKA VOROBYOVA, university: BNTU, speciality: ENGINEER-TECHNOLOGIST.
INFO  2016-09-29T22:48:13,933 [main] com.roxoft.hierarchy.io.printers.UniversitySystemPrinter:purePrint(45): Student 8: IVAN NIKONOV, university: BNTU, speciality: ENGINEER-TECHNOLOGIST.
INFO  2016-09-29T22:48:13,933 [main] com.roxoft.hierarchy.io.printers.UniversitySystemPrinter:purePrint(45): Student 9: NIKOLAY ARKANOV, university: BNTU, speciality: PETROLEUM-ENGINEER.
INFO  2016-09-29T22:48:13,933 [main] com.roxoft.hierarchy.io.printers.UniversitySystemPrinter:purePrint(45): Student 10: ALISA SOBOLEVSKAYA, university: BNTU, speciality: ENGINEER-BUILDER.
INFO  2016-09-29T22:48:13,934 [main] com.roxoft.hierarchy.io.printers.UniversitySystemPrinter:purePrint(45): Student 11: ELVIRA ABRAMOVA, university: BNTU, speciality: ENGINEER-TECHNOLOGIST.
INFO  2016-09-29T22:48:13,934 [main] com.roxoft.hierarchy.io.printers.UniversitySystemPrinter:purePrint(45): Student 12: LILIYA KORCHAK, university: BNTU, speciality: ENGINEER-TECHNOLOGIST.
INFO  2016-09-29T22:48:13,934 [main] com.roxoft.hierarchy.io.printers.UniversitySystemPrinter:purePrint(45): Student 13: VADIM GOLUB, university: BSEU, speciality: ECONOMIST.
INFO  2016-09-29T22:48:13,934 [main] com.roxoft.hierarchy.io.printers.UniversitySystemPrinter:purePrint(45): Student 14: MARINA BORISENKO, university: BSEU, speciality: ACCOUNTANT.
INFO  2016-09-29T22:48:13,934 [main] com.roxoft.hierarchy.io.printers.UniversitySystemPrinter:purePrint(45): Student 15: ANATILIY YABLOCHKIN, university: BSEU, speciality: ACCOUNTANT.
INFO  2016-09-29T22:48:13,934 [main] com.roxoft.hierarchy.io.printers.UniversitySystemPrinter:purePrint(45): Student 16: SERGEY CHERNOV, university: BSEU, speciality: ACCOUNTANT.
INFO  2016-09-29T22:48:13,935 [main] com.roxoft.hierarchy.io.printers.UniversitySystemPrinter:purePrint(45): Student 17: EVGENIA SINITSYNA, university: BSEU, speciality: ACCOUNTANT.
INFO  2016-09-29T22:48:13,935 [main] com.roxoft.hierarchy.io.printers.UniversitySystemPrinter:purePrint(45): Student 18: ALEXANDER ZOLOTNIKOV, university: BSEU, speciality: ACCOUNTANT.
INFO  2016-09-29T22:48:13,935 [main] com.roxoft.hierarchy.io.printers.UniversitySystemPrinter:purePrint(45): Student 19: ANTONINA ULYEVA, university: BSEU, speciality: ECONOMIST.
INFO  2016-09-29T22:48:13,935 [main] com.roxoft.hierarchy.io.printers.UniversitySystemPrinter:purePrint(45): Student 20: RUSLAN CHIZHIKOV, university: BSEU, speciality: ACCOUNTANT.
INFO  2016-09-29T22:48:13,936 [main] com.roxoft.hierarchy.io.printers.UniversitySystemPrinter:purePrint(45): Student 21: VALERIY LYSENKO, university: BSEU, speciality: ECONOMIST.
INFO  2016-09-29T22:48:13,936 [main] com.roxoft.hierarchy.io.printers.UniversitySystemPrinter:purePrint(45): Student 22: EVGENIA DOROFEEVA, university: BSEU, speciality: ECONOMIST.
INFO  2016-09-29T22:48:13,936 [main] com.roxoft.hierarchy.io.printers.UniversitySystemPrinter:purePrint(45): Student 23: VADIM DZHAFAROV, university: BSU, speciality: ENGINEER-PROGRAMMER.
INFO  2016-09-29T22:48:13,936 [main] com.roxoft.hierarchy.io.printers.UniversitySystemPrinter:purePrint(45): Student 24: VADIM SHIROKOV, university: BSU, speciality: LOGIST.
INFO  2016-09-29T22:48:13,936 [main] com.roxoft.hierarchy.io.printers.UniversitySystemPrinter:purePrint(45): Student 25: IRINA SOBOLEVSKAYA, university: BSU, speciality: LOGIST.
INFO  2016-09-29T22:48:13,936 [main] com.roxoft.hierarchy.io.printers.UniversitySystemPrinter:purePrint(45): Student 26: MAKSIM LESYN, university: BSU, speciality: ENGINEER-PROGRAMMER.
INFO  2016-09-29T22:48:13,936 [main] com.roxoft.hierarchy.io.printers.UniversitySystemPrinter:purePrint(45): Student 27: VLADIMIR HAMENYA, university: BSU, speciality: ENGINEER-PROGRAMMER.
INFO  2016-09-29T22:48:13,936 [main] com.roxoft.hierarchy.io.printers.UniversitySystemPrinter:purePrint(45): Student 28: SOFYA KORCHAK, university: BSU, speciality: LOGIST.
INFO  2016-09-29T22:48:13,936 [main] com.roxoft.hierarchy.io.printers.UniversitySystemPrinter:purePrint(45): Student 29: SERGEY PAVLOV, university: BSU, speciality: LOGIST.
INFO  2016-09-29T22:48:13,937 [main] com.roxoft.hierarchy.io.printers.UniversitySystemPrinter:purePrint(45): Student 30: VALENTIN ARKANOV, university: BSU, speciality: LOGIST.
INFO  2016-09-29T22:48:13,937 [main] com.roxoft.hierarchy.io.printers.UniversitySystemPrinter:purePrint(45): Student 31: ELLA BORISENKO, university: BSU, speciality: ENGINEER-PROGRAMMER.
INFO  2016-09-29T22:48:13,937 [main] com.roxoft.hierarchy.io.printers.UniversitySystemPrinter:purePrint(45): Student 32: ANTON PRISCHEPOV, university: BSU, speciality: ENGINEER-PROGRAMMER.
INFO  2016-09-29T22:48:13,937 [main] com.roxoft.hierarchy.io.printers.UniversitySystemPrinter:purePrint(45): Student 33: VERA KORCHAK, university: BSUIR, speciality: ENGINEER-PROGRAMMER.
INFO  2016-09-29T22:48:13,937 [main] com.roxoft.hierarchy.io.printers.UniversitySystemPrinter:purePrint(45): Student 34: NIKITA KOTOV, university: BSUIR, speciality: ENGINEER-PROGRAMMER.
INFO  2016-09-29T22:48:13,937 [main] com.roxoft.hierarchy.io.printers.UniversitySystemPrinter:purePrint(45): Student 35: RUSLAN ZOLOTNIKOV, university: BSUIR, speciality: ENGINEER-PROGRAMMER.
INFO  2016-09-29T22:48:13,937 [main] com.roxoft.hierarchy.io.printers.UniversitySystemPrinter:purePrint(45): Student 36: EVGENIY NECHAEV, university: BSUIR, speciality: ECONOMIST.
INFO  2016-09-29T22:48:13,937 [main] com.roxoft.hierarchy.io.printers.UniversitySystemPrinter:purePrint(49): Number of lecturers: 12.
INFO  2016-09-29T22:48:13,937 [main] com.roxoft.hierarchy.io.printers.UniversitySystemPrinter:purePrint(51): Lecturer 1: BORIS ZOLOTNIKOV, university: BNTU.
INFO  2016-09-29T22:48:13,937 [main] com.roxoft.hierarchy.io.printers.UniversitySystemPrinter:purePrint(51): Lecturer 2: BORIS TSYGANKOV, university: BNTU.
INFO  2016-09-29T22:48:13,938 [main] com.roxoft.hierarchy.io.printers.UniversitySystemPrinter:purePrint(51): Lecturer 3: ANTON CHERNOV, university: BSEU.
INFO  2016-09-29T22:48:13,938 [main] com.roxoft.hierarchy.io.printers.UniversitySystemPrinter:purePrint(51): Lecturer 4: IRINA MARATOVA, university: BSEU.
INFO  2016-09-29T22:48:13,938 [main] com.roxoft.hierarchy.io.printers.UniversitySystemPrinter:purePrint(51): Lecturer 5: ROSA OLEGOVA, university: BSU.
INFO  2016-09-29T22:48:13,938 [main] com.roxoft.hierarchy.io.printers.UniversitySystemPrinter:purePrint(51): Lecturer 6: ARKADIY TRUBETSKOI, university: BSU.
INFO  2016-09-29T22:48:13,938 [main] com.roxoft.hierarchy.io.printers.UniversitySystemPrinter:purePrint(51): Lecturer 7: ALISA BEZMEN, university: BSU.
INFO  2016-09-29T22:48:13,938 [main] com.roxoft.hierarchy.io.printers.UniversitySystemPrinter:purePrint(51): Lecturer 8: VERONIKA IZVITSKAYA, university: BSU.
INFO  2016-09-29T22:48:13,938 [main] com.roxoft.hierarchy.io.printers.UniversitySystemPrinter:purePrint(51): Lecturer 9: MAKSIM TRUBETSKOI, university: BSU.
INFO  2016-09-29T22:48:13,938 [main] com.roxoft.hierarchy.io.printers.UniversitySystemPrinter:purePrint(51): Lecturer 10: EKATERINA ULYEVA, university: BSUIR.
INFO  2016-09-29T22:48:13,938 [main] com.roxoft.hierarchy.io.printers.UniversitySystemPrinter:purePrint(51): Lecturer 11: MATVEY MARATOV, university: BSUIR.
INFO  2016-09-29T22:48:13,939 [main] com.roxoft.hierarchy.io.printers.UniversitySystemPrinter:purePrint(51): Lecturer 12: EVGENIY DZHAFAROV, university: BSUIR.
INFO  2016-09-29T22:48:13,939 [main] com.roxoft.hierarchy.io.printers.UniversitySystemPrinter:purePrint(54): Number of universities: 4.
INFO  2016-09-29T22:48:13,939 [main] com.roxoft.hierarchy.io.printers.UniversitySystemPrinter:purePrint(56): University 1: BNTU; address: Independence Av., 65, 220013, Minsk.
INFO  2016-09-29T22:48:13,939 [main] com.roxoft.hierarchy.io.printers.UniversitySystemPrinter:purePrint(56): University 2: BSEU; address: Partisan Av., 26, 220070, Minsk.
INFO  2016-09-29T22:48:13,939 [main] com.roxoft.hierarchy.io.printers.UniversitySystemPrinter:purePrint(56): University 3: BSU; address: Independence Av., 4, 220030, Minsk.
INFO  2016-09-29T22:48:13,939 [main] com.roxoft.hierarchy.io.printers.UniversitySystemPrinter:purePrint(56): University 4: BSUIR; address: P.Brovki st., 4, 220013, Minsk.
INFO  2016-09-29T22:48:13,983 [main] com.roxoft.hierarchy.io.printers.UniversitySystemPrinter:printUniversitySystem(100): 
University System
INFO  2016-09-29T22:48:13,983 [main] com.roxoft.hierarchy.io.printers.UniversitySystemPrinter:printUniversitySystem(103): 
University: BNTU.
INFO  2016-09-29T22:48:13,983 [main] com.roxoft.hierarchy.io.printers.UniversitySystemPrinter:printUniversitySystem(104): Address: Independence Av., 65, 220013, Minsk.
INFO  2016-09-29T22:48:13,983 [main] com.roxoft.hierarchy.io.printers.UniversitySystemPrinter:printUniversitySystem(108): Specialities: [ENGINEER-BUILDER, ENGINEER-TECHNOLOGIST, PETROLEUM-ENGINEER].
INFO  2016-09-29T22:48:13,983 [main] com.roxoft.hierarchy.io.printers.UniversitySystemPrinter:printUniversitySystem(110): Lecturer: BORIS ZOLOTNIKOV.
INFO  2016-09-29T22:48:13,983 [main] com.roxoft.hierarchy.io.printers.UniversitySystemPrinter:printUniversitySystem(110): Lecturer: BORIS TSYGANKOV.
INFO  2016-09-29T22:48:13,983 [main] com.roxoft.hierarchy.io.printers.UniversitySystemPrinter:printUniversitySystem(115): Student: VLADIMIR GOLUB, spesiality: ENGINEER-TECHNOLOGIST.
INFO  2016-09-29T22:48:13,984 [main] com.roxoft.hierarchy.io.printers.UniversitySystemPrinter:printUniversitySystem(115): Student: DANIIL GOLUB, spesiality: ENGINEER-BUILDER.
INFO  2016-09-29T22:48:13,984 [main] com.roxoft.hierarchy.io.printers.UniversitySystemPrinter:printUniversitySystem(115): Student: TAMARA ULYEVA, spesiality: PETROLEUM-ENGINEER.
INFO  2016-09-29T22:48:13,984 [main] com.roxoft.hierarchy.io.printers.UniversitySystemPrinter:printUniversitySystem(115): Student: GLEB SHATILO, spesiality: ENGINEER-TECHNOLOGIST.
INFO  2016-09-29T22:48:13,984 [main] com.roxoft.hierarchy.io.printers.UniversitySystemPrinter:printUniversitySystem(115): Student: KLARA ABRAMOVA, spesiality: ENGINEER-BUILDER.
INFO  2016-09-29T22:48:13,984 [main] com.roxoft.hierarchy.io.printers.UniversitySystemPrinter:printUniversitySystem(115): Student: SERGEY CHIZHIKOV, spesiality: ENGINEER-TECHNOLOGIST.
INFO  2016-09-29T22:48:13,984 [main] com.roxoft.hierarchy.io.printers.UniversitySystemPrinter:printUniversitySystem(115): Student: VERONIKA VOROBYOVA, spesiality: ENGINEER-TECHNOLOGIST.
INFO  2016-09-29T22:48:13,984 [main] com.roxoft.hierarchy.io.printers.UniversitySystemPrinter:printUniversitySystem(115): Student: IVAN NIKONOV, spesiality: ENGINEER-TECHNOLOGIST.
INFO  2016-09-29T22:48:13,984 [main] com.roxoft.hierarchy.io.printers.UniversitySystemPrinter:printUniversitySystem(115): Student: NIKOLAY ARKANOV, spesiality: PETROLEUM-ENGINEER.
INFO  2016-09-29T22:48:13,984 [main] com.roxoft.hierarchy.io.printers.UniversitySystemPrinter:printUniversitySystem(115): Student: ALISA SOBOLEVSKAYA, spesiality: ENGINEER-BUILDER.
INFO  2016-09-29T22:48:13,984 [main] com.roxoft.hierarchy.io.printers.UniversitySystemPrinter:printUniversitySystem(115): Student: ELVIRA ABRAMOVA, spesiality: ENGINEER-TECHNOLOGIST.
INFO  2016-09-29T22:48:13,985 [main] com.roxoft.hierarchy.io.printers.UniversitySystemPrinter:printUniversitySystem(115): Student: LILIYA KORCHAK, spesiality: ENGINEER-TECHNOLOGIST.
INFO  2016-09-29T22:48:13,985 [main] com.roxoft.hierarchy.io.printers.UniversitySystemPrinter:printUniversitySystem(120): University BNTU: number of lecturers = 2, number of students = 12.
INFO  2016-09-29T22:48:13,985 [main] com.roxoft.hierarchy.io.printers.UniversitySystemPrinter:printUniversitySystem(103): 
University: BSEU.
INFO  2016-09-29T22:48:13,985 [main] com.roxoft.hierarchy.io.printers.UniversitySystemPrinter:printUniversitySystem(104): Address: Partisan Av., 26, 220070, Minsk.
INFO  2016-09-29T22:48:13,985 [main] com.roxoft.hierarchy.io.printers.UniversitySystemPrinter:printUniversitySystem(108): Specialities: [ECONOMIST, ACCOUNTANT].
INFO  2016-09-29T22:48:13,985 [main] com.roxoft.hierarchy.io.printers.UniversitySystemPrinter:printUniversitySystem(110): Lecturer: ANTON CHERNOV.
INFO  2016-09-29T22:48:13,985 [main] com.roxoft.hierarchy.io.printers.UniversitySystemPrinter:printUniversitySystem(110): Lecturer: IRINA MARATOVA.
INFO  2016-09-29T22:48:13,985 [main] com.roxoft.hierarchy.io.printers.UniversitySystemPrinter:printUniversitySystem(115): Student: VADIM GOLUB, spesiality: ECONOMIST.
INFO  2016-09-29T22:48:13,985 [main] com.roxoft.hierarchy.io.printers.UniversitySystemPrinter:printUniversitySystem(115): Student: MARINA BORISENKO, spesiality: ACCOUNTANT.
INFO  2016-09-29T22:48:13,986 [main] com.roxoft.hierarchy.io.printers.UniversitySystemPrinter:printUniversitySystem(115): Student: ANATILIY YABLOCHKIN, spesiality: ACCOUNTANT.
INFO  2016-09-29T22:48:13,986 [main] com.roxoft.hierarchy.io.printers.UniversitySystemPrinter:printUniversitySystem(115): Student: SERGEY CHERNOV, spesiality: ACCOUNTANT.
INFO  2016-09-29T22:48:13,986 [main] com.roxoft.hierarchy.io.printers.UniversitySystemPrinter:printUniversitySystem(115): Student: EVGENIA SINITSYNA, spesiality: ACCOUNTANT.
INFO  2016-09-29T22:48:13,986 [main] com.roxoft.hierarchy.io.printers.UniversitySystemPrinter:printUniversitySystem(115): Student: ALEXANDER ZOLOTNIKOV, spesiality: ACCOUNTANT.
INFO  2016-09-29T22:48:13,986 [main] com.roxoft.hierarchy.io.printers.UniversitySystemPrinter:printUniversitySystem(115): Student: ANTONINA ULYEVA, spesiality: ECONOMIST.
INFO  2016-09-29T22:48:13,986 [main] com.roxoft.hierarchy.io.printers.UniversitySystemPrinter:printUniversitySystem(115): Student: RUSLAN CHIZHIKOV, spesiality: ACCOUNTANT.
INFO  2016-09-29T22:48:13,986 [main] com.roxoft.hierarchy.io.printers.UniversitySystemPrinter:printUniversitySystem(115): Student: VALERIY LYSENKO, spesiality: ECONOMIST.
INFO  2016-09-29T22:48:13,986 [main] com.roxoft.hierarchy.io.printers.UniversitySystemPrinter:printUniversitySystem(115): Student: EVGENIA DOROFEEVA, spesiality: ECONOMIST.
INFO  2016-09-29T22:48:13,987 [main] com.roxoft.hierarchy.io.printers.UniversitySystemPrinter:printUniversitySystem(120): University BSEU: number of lecturers = 2, number of students = 10.
INFO  2016-09-29T22:48:13,987 [main] com.roxoft.hierarchy.io.printers.UniversitySystemPrinter:printUniversitySystem(103): 
University: BSU.
INFO  2016-09-29T22:48:13,987 [main] com.roxoft.hierarchy.io.printers.UniversitySystemPrinter:printUniversitySystem(104): Address: Independence Av., 4, 220030, Minsk.
INFO  2016-09-29T22:48:13,987 [main] com.roxoft.hierarchy.io.printers.UniversitySystemPrinter:printUniversitySystem(108): Specialities: [ENGINEER-PROGRAMMER, LOGIST].
INFO  2016-09-29T22:48:13,987 [main] com.roxoft.hierarchy.io.printers.UniversitySystemPrinter:printUniversitySystem(110): Lecturer: ROSA OLEGOVA.
INFO  2016-09-29T22:48:13,987 [main] com.roxoft.hierarchy.io.printers.UniversitySystemPrinter:printUniversitySystem(110): Lecturer: ARKADIY TRUBETSKOI.
INFO  2016-09-29T22:48:13,987 [main] com.roxoft.hierarchy.io.printers.UniversitySystemPrinter:printUniversitySystem(110): Lecturer: ALISA BEZMEN.
INFO  2016-09-29T22:48:13,987 [main] com.roxoft.hierarchy.io.printers.UniversitySystemPrinter:printUniversitySystem(110): Lecturer: VERONIKA IZVITSKAYA.
INFO  2016-09-29T22:48:13,987 [main] com.roxoft.hierarchy.io.printers.UniversitySystemPrinter:printUniversitySystem(110): Lecturer: MAKSIM TRUBETSKOI.
INFO  2016-09-29T22:48:13,988 [main] com.roxoft.hierarchy.io.printers.UniversitySystemPrinter:printUniversitySystem(115): Student: VADIM DZHAFAROV, spesiality: ENGINEER-PROGRAMMER.
INFO  2016-09-29T22:48:13,988 [main] com.roxoft.hierarchy.io.printers.UniversitySystemPrinter:printUniversitySystem(115): Student: VADIM SHIROKOV, spesiality: LOGIST.
INFO  2016-09-29T22:48:13,988 [main] com.roxoft.hierarchy.io.printers.UniversitySystemPrinter:printUniversitySystem(115): Student: IRINA SOBOLEVSKAYA, spesiality: LOGIST.
INFO  2016-09-29T22:48:13,988 [main] com.roxoft.hierarchy.io.printers.UniversitySystemPrinter:printUniversitySystem(115): Student: MAKSIM LESYN, spesiality: ENGINEER-PROGRAMMER.
INFO  2016-09-29T22:48:13,988 [main] com.roxoft.hierarchy.io.printers.UniversitySystemPrinter:printUniversitySystem(115): Student: VLADIMIR HAMENYA, spesiality: ENGINEER-PROGRAMMER.
INFO  2016-09-29T22:48:13,988 [main] com.roxoft.hierarchy.io.printers.UniversitySystemPrinter:printUniversitySystem(115): Student: SOFYA KORCHAK, spesiality: LOGIST.
INFO  2016-09-29T22:48:13,988 [main] com.roxoft.hierarchy.io.printers.UniversitySystemPrinter:printUniversitySystem(115): Student: SERGEY PAVLOV, spesiality: LOGIST.
INFO  2016-09-29T22:48:13,988 [main] com.roxoft.hierarchy.io.printers.UniversitySystemPrinter:printUniversitySystem(115): Student: VALENTIN ARKANOV, spesiality: LOGIST.
INFO  2016-09-29T22:48:13,989 [main] com.roxoft.hierarchy.io.printers.UniversitySystemPrinter:printUniversitySystem(115): Student: ELLA BORISENKO, spesiality: ENGINEER-PROGRAMMER.
INFO  2016-09-29T22:48:13,989 [main] com.roxoft.hierarchy.io.printers.UniversitySystemPrinter:printUniversitySystem(115): Student: ANTON PRISCHEPOV, spesiality: ENGINEER-PROGRAMMER.
INFO  2016-09-29T22:48:13,989 [main] com.roxoft.hierarchy.io.printers.UniversitySystemPrinter:printUniversitySystem(120): University BSU: number of lecturers = 5, number of students = 10.
INFO  2016-09-29T22:48:13,989 [main] com.roxoft.hierarchy.io.printers.UniversitySystemPrinter:printUniversitySystem(103): 
University: BSUIR.
INFO  2016-09-29T22:48:13,989 [main] com.roxoft.hierarchy.io.printers.UniversitySystemPrinter:printUniversitySystem(104): Address: P.Brovki st., 4, 220013, Minsk.
INFO  2016-09-29T22:48:13,989 [main] com.roxoft.hierarchy.io.printers.UniversitySystemPrinter:printUniversitySystem(108): Specialities: [ENGINEER-PROGRAMMER, ECONOMIST].
INFO  2016-09-29T22:48:13,989 [main] com.roxoft.hierarchy.io.printers.UniversitySystemPrinter:printUniversitySystem(110): Lecturer: EKATERINA ULYEVA.
INFO  2016-09-29T22:48:13,989 [main] com.roxoft.hierarchy.io.printers.UniversitySystemPrinter:printUniversitySystem(110): Lecturer: MATVEY MARATOV.
INFO  2016-09-29T22:48:13,989 [main] com.roxoft.hierarchy.io.printers.UniversitySystemPrinter:printUniversitySystem(110): Lecturer: EVGENIY DZHAFAROV.
INFO  2016-09-29T22:48:13,989 [main] com.roxoft.hierarchy.io.printers.UniversitySystemPrinter:printUniversitySystem(115): Student: VERA KORCHAK, spesiality: ENGINEER-PROGRAMMER.
INFO  2016-09-29T22:48:13,990 [main] com.roxoft.hierarchy.io.printers.UniversitySystemPrinter:printUniversitySystem(115): Student: NIKITA KOTOV, spesiality: ENGINEER-PROGRAMMER.
INFO  2016-09-29T22:48:13,990 [main] com.roxoft.hierarchy.io.printers.UniversitySystemPrinter:printUniversitySystem(115): Student: RUSLAN ZOLOTNIKOV, spesiality: ENGINEER-PROGRAMMER.
INFO  2016-09-29T22:48:13,990 [main] com.roxoft.hierarchy.io.printers.UniversitySystemPrinter:printUniversitySystem(115): Student: EVGENIY NECHAEV, spesiality: ECONOMIST.
INFO  2016-09-29T22:48:13,990 [main] com.roxoft.hierarchy.io.printers.UniversitySystemPrinter:printUniversitySystem(120): University BSUIR: number of lecturers = 3, number of students = 4.
INFO  2016-09-29T22:48:13,990 [main] com.roxoft.hierarchy.io.printers.UniversitySystemPrinter:purePrint(42): 
University System

INFO  2016-09-29T22:48:13,990 [main] com.roxoft.hierarchy.io.printers.UniversitySystemPrinter:purePrint(43): Number of students: 36.
INFO  2016-09-29T22:48:13,990 [main] com.roxoft.hierarchy.io.printers.UniversitySystemPrinter:purePrint(45): Student 1: VLADIMIR GOLUB, university: BNTU, speciality: ENGINEER-TECHNOLOGIST.
INFO  2016-09-29T22:48:13,990 [main] com.roxoft.hierarchy.io.printers.UniversitySystemPrinter:purePrint(45): Student 2: DANIIL GOLUB, university: BNTU, speciality: ENGINEER-BUILDER.
INFO  2016-09-29T22:48:13,991 [main] com.roxoft.hierarchy.io.printers.UniversitySystemPrinter:purePrint(45): Student 3: TAMARA ULYEVA, university: BNTU, speciality: PETROLEUM-ENGINEER.
INFO  2016-09-29T22:48:13,991 [main] com.roxoft.hierarchy.io.printers.UniversitySystemPrinter:purePrint(45): Student 4: GLEB SHATILO, university: BNTU, speciality: ENGINEER-TECHNOLOGIST.
INFO  2016-09-29T22:48:13,991 [main] com.roxoft.hierarchy.io.printers.UniversitySystemPrinter:purePrint(45): Student 5: KLARA ABRAMOVA, university: BNTU, speciality: ENGINEER-BUILDER.
INFO  2016-09-29T22:48:13,991 [main] com.roxoft.hierarchy.io.printers.UniversitySystemPrinter:purePrint(45): Student 6: SERGEY CHIZHIKOV, university: BNTU, speciality: ENGINEER-TECHNOLOGIST.
INFO  2016-09-29T22:48:13,991 [main] com.roxoft.hierarchy.io.printers.UniversitySystemPrinter:purePrint(45): Student 7: VERONIKA VOROBYOVA, university: BNTU, speciality: ENGINEER-TECHNOLOGIST.
INFO  2016-09-29T22:48:13,991 [main] com.roxoft.hierarchy.io.printers.UniversitySystemPrinter:purePrint(45): Student 8: IVAN NIKONOV, university: BNTU, speciality: ENGINEER-TECHNOLOGIST.
INFO  2016-09-29T22:48:13,991 [main] com.roxoft.hierarchy.io.printers.UniversitySystemPrinter:purePrint(45): Student 9: NIKOLAY ARKANOV, university: BNTU, speciality: PETROLEUM-ENGINEER.
INFO  2016-09-29T22:48:13,991 [main] com.roxoft.hierarchy.io.printers.UniversitySystemPrinter:purePrint(45): Student 10: ALISA SOBOLEVSKAYA, university: BNTU, speciality: ENGINEER-BUILDER.
INFO  2016-09-29T22:48:13,991 [main] com.roxoft.hierarchy.io.printers.UniversitySystemPrinter:purePrint(45): Student 11: ELVIRA ABRAMOVA, university: BNTU, speciality: ENGINEER-TECHNOLOGIST.
INFO  2016-09-29T22:48:13,992 [main] com.roxoft.hierarchy.io.printers.UniversitySystemPrinter:purePrint(45): Student 12: LILIYA KORCHAK, university: BNTU, speciality: ENGINEER-TECHNOLOGIST.
INFO  2016-09-29T22:48:13,992 [main] com.roxoft.hierarchy.io.printers.UniversitySystemPrinter:purePrint(45): Student 13: VADIM GOLUB, university: BSEU, speciality: ECONOMIST.
INFO  2016-09-29T22:48:13,992 [main] com.roxoft.hierarchy.io.printers.UniversitySystemPrinter:purePrint(45): Student 14: MARINA BORISENKO, university: BSEU, speciality: ACCOUNTANT.
INFO  2016-09-29T22:48:13,992 [main] com.roxoft.hierarchy.io.printers.UniversitySystemPrinter:purePrint(45): Student 15: ANATILIY YABLOCHKIN, university: BSEU, speciality: ACCOUNTANT.
INFO  2016-09-29T22:48:13,992 [main] com.roxoft.hierarchy.io.printers.UniversitySystemPrinter:purePrint(45): Student 16: SERGEY CHERNOV, university: BSEU, speciality: ACCOUNTANT.
INFO  2016-09-29T22:48:13,992 [main] com.roxoft.hierarchy.io.printers.UniversitySystemPrinter:purePrint(45): Student 17: EVGENIA SINITSYNA, university: BSEU, speciality: ACCOUNTANT.
INFO  2016-09-29T22:48:13,992 [main] com.roxoft.hierarchy.io.printers.UniversitySystemPrinter:purePrint(45): Student 18: ALEXANDER ZOLOTNIKOV, university: BSEU, speciality: ACCOUNTANT.
INFO  2016-09-29T22:48:13,992 [main] com.roxoft.hierarchy.io.printers.UniversitySystemPrinter:purePrint(45): Student 19: ANTONINA ULYEVA, university: BSEU, speciality: ECONOMIST.
INFO  2016-09-29T22:48:13,992 [main] com.roxoft.hierarchy.io.printers.UniversitySystemPrinter:purePrint(45): Student 20: RUSLAN CHIZHIKOV, university: BSEU, speciality: ACCOUNTANT.
INFO  2016-09-29T22:48:13,992 [main] com.roxoft.hierarchy.io.printers.UniversitySystemPrinter:purePrint(45): Student 21: VALERIY LYSENKO, university: BSEU, speciality: ECONOMIST.
INFO  2016-09-29T22:48:13,993 [main] com.roxoft.hierarchy.io.printers.UniversitySystemPrinter:purePrint(45): Student 22: EVGENIA DOROFEEVA, university: BSEU, speciality: ECONOMIST.
INFO  2016-09-29T22:48:13,993 [main] com.roxoft.hierarchy.io.printers.UniversitySystemPrinter:purePrint(45): Student 23: VADIM DZHAFAROV, university: BSU, speciality: ENGINEER-PROGRAMMER.
INFO  2016-09-29T22:48:13,993 [main] com.roxoft.hierarchy.io.printers.UniversitySystemPrinter:purePrint(45): Student 24: VADIM SHIROKOV, university: BSU, speciality: LOGIST.
INFO  2016-09-29T22:48:13,994 [main] com.roxoft.hierarchy.io.printers.UniversitySystemPrinter:purePrint(45): Student 25: IRINA SOBOLEVSKAYA, university: BSU, speciality: LOGIST.
INFO  2016-09-29T22:48:13,994 [main] com.roxoft.hierarchy.io.printers.UniversitySystemPrinter:purePrint(45): Student 26: MAKSIM LESYN, university: BSU, speciality: ENGINEER-PROGRAMMER.
INFO  2016-09-29T22:48:13,994 [main] com.roxoft.hierarchy.io.printers.UniversitySystemPrinter:purePrint(45): Student 27: VLADIMIR HAMENYA, university: BSU, speciality: ENGINEER-PROGRAMMER.
INFO  2016-09-29T22:48:13,994 [main] com.roxoft.hierarchy.io.printers.UniversitySystemPrinter:purePrint(45): Student 28: SOFYA KORCHAK, university: BSU, speciality: LOGIST.
INFO  2016-09-29T22:48:13,994 [main] com.roxoft.hierarchy.io.printers.UniversitySystemPrinter:purePrint(45): Student 29: SERGEY PAVLOV, university: BSU, speciality: LOGIST.
INFO  2016-09-29T22:48:13,994 [main] com.roxoft.hierarchy.io.printers.UniversitySystemPrinter:purePrint(45): Student 30: VALENTIN ARKANOV, university: BSU, speciality: LOGIST.
INFO  2016-09-29T22:48:13,994 [main] com.roxoft.hierarchy.io.printers.UniversitySystemPrinter:purePrint(45): Student 31: ELLA BORISENKO, university: BSU, speciality: ENGINEER-PROGRAMMER.
INFO  2016-09-29T22:48:13,994 [main] com.roxoft.hierarchy.io.printers.UniversitySystemPrinter:purePrint(45): Student 32: ANTON PRISCHEPOV, university: BSU, speciality: ENGINEER-PROGRAMMER.
INFO  2016-09-29T22:48:13,995 [main] com.roxoft.hierarchy.io.printers.UniversitySystemPrinter:purePrint(45): Student 33: VERA KORCHAK, university: BSUIR, speciality: ENGINEER-PROGRAMMER.
INFO  2016-09-29T22:48:13,995 [main] com.roxoft.hierarchy.io.printers.UniversitySystemPrinter:purePrint(45): Student 34: NIKITA KOTOV, university: BSUIR, speciality: ENGINEER-PROGRAMMER.
INFO  2016-09-29T22:48:13,995 [main] com.roxoft.hierarchy.io.printers.UniversitySystemPrinter:purePrint(45): Student 35: RUSLAN ZOLOTNIKOV, university: BSUIR, speciality: ENGINEER-PROGRAMMER.
INFO  2016-09-29T22:48:13,995 [main] com.roxoft.hierarchy.io.printers.UniversitySystemPrinter:purePrint(45): Student 36: EVGENIY NECHAEV, university: BSUIR, speciality: ECONOMIST.
INFO  2016-09-29T22:48:13,995 [main] com.roxoft.hierarchy.io.printers.UniversitySystemPrinter:purePrint(49): Number of lecturers: 12.
INFO  2016-09-29T22:48:13,995 [main] com.roxoft.hierarchy.io.printers.UniversitySystemPrinter:purePrint(51): Lecturer 1: BORIS ZOLOTNIKOV, university: BNTU.
INFO  2016-09-29T22:48:13,995 [main] com.roxoft.hierarchy.io.printers.UniversitySystemPrinter:purePrint(51): Lecturer 2: BORIS TSYGANKOV, university: BNTU.
INFO  2016-09-29T22:48:13,997 [main] com.roxoft.hierarchy.io.printers.UniversitySystemPrinter:purePrint(51): Lecturer 3: ANTON CHERNOV, university: BSEU.
INFO  2016-09-29T22:48:13,997 [main] com.roxoft.hierarchy.io.printers.UniversitySystemPrinter:purePrint(51): Lecturer 4: IRINA MARATOVA, university: BSEU.
INFO  2016-09-29T22:48:13,998 [main] com.roxoft.hierarchy.io.printers.UniversitySystemPrinter:purePrint(51): Lecturer 5: ROSA OLEGOVA, university: BSU.
INFO  2016-09-29T22:48:13,998 [main] com.roxoft.hierarchy.io.printers.UniversitySystemPrinter:purePrint(51): Lecturer 6: ARKADIY TRUBETSKOI, university: BSU.
INFO  2016-09-29T22:48:13,998 [main] com.roxoft.hierarchy.io.printers.UniversitySystemPrinter:purePrint(51): Lecturer 7: ALISA BEZMEN, university: BSU.
INFO  2016-09-29T22:48:13,998 [main] com.roxoft.hierarchy.io.printers.UniversitySystemPrinter:purePrint(51): Lecturer 8: VERONIKA IZVITSKAYA, university: BSU.
INFO  2016-09-29T22:48:13,998 [main] com.roxoft.hierarchy.io.printers.UniversitySystemPrinter:purePrint(51): Lecturer 9: MAKSIM TRUBETSKOI, university: BSU.
INFO  2016-09-29T22:48:13,998 [main] com.roxoft.hierarchy.io.printers.UniversitySystemPrinter:purePrint(51): Lecturer 10: EKATERINA ULYEVA, university: BSUIR.
INFO  2016-09-29T22:48:13,998 [main] com.roxoft.hierarchy.io.printers.UniversitySystemPrinter:purePrint(51): Lecturer 11: MATVEY MARATOV, university: BSUIR.
INFO  2016-09-29T22:48:13,998 [main] com.roxoft.hierarchy.io.printers.UniversitySystemPrinter:purePrint(51): Lecturer 12: EVGENIY DZHAFAROV, university: BSUIR.
INFO  2016-09-29T22:48:13,998 [main] com.roxoft.hierarchy.io.printers.UniversitySystemPrinter:purePrint(54): Number of universities: 4.
INFO  2016-09-29T22:48:13,998 [main] com.roxoft.hierarchy.io.printers.UniversitySystemPrinter:purePrint(56): University 1: BNTU; address: Independence Av., 65, 220013, Minsk.
INFO  2016-09-29T22:48:13,999 [main] com.roxoft.hierarchy.io.printers.UniversitySystemPrinter:purePrint(56): University 2: BSEU; address: Partisan Av., 26, 220070, Minsk.
INFO  2016-09-29T22:48:13,999 [main] com.roxoft.hierarchy.io.printers.UniversitySystemPrinter:purePrint(56): University 3: BSU; address: Independence Av., 4, 220030, Minsk.
INFO  2016-09-29T22:48:13,999 [main] com.roxoft.hierarchy.io.printers.UniversitySystemPrinter:purePrint(56): University 4: BSUIR; address: P.Brovki st., 4, 220013, Minsk.
INFO  2016-09-29T22:52:21,348 [main] com.roxoft.hierarchy.io.printers.UniversitySystemPrinter:printUniversitySystem(100): 
University System
INFO  2016-09-29T22:52:21,349 [main] com.roxoft.hierarchy.io.printers.UniversitySystemPrinter:printUniversitySystem(103): 
University: BNTU.
INFO  2016-09-29T22:52:21,349 [main] com.roxoft.hierarchy.io.printers.UniversitySystemPrinter:printUniversitySystem(104): Address: Independence Av., 65, 220013, Minsk.
INFO  2016-09-29T22:52:21,349 [main] com.roxoft.hierarchy.io.printers.UniversitySystemPrinter:printUniversitySystem(108): Specialities: [ENGINEER-BUILDER, ENGINEER-TECHNOLOGIST, PETROLEUM-ENGINEER].
INFO  2016-09-29T22:52:21,349 [main] com.roxoft.hierarchy.io.printers.UniversitySystemPrinter:printUniversitySystem(110): Lecturer: GLEB CHERNOV.
INFO  2016-09-29T22:52:21,349 [main] com.roxoft.hierarchy.io.printers.UniversitySystemPrinter:printUniversitySystem(110): Lecturer: ALISA SOBOLEVSKAYA.
INFO  2016-09-29T22:52:21,349 [main] com.roxoft.hierarchy.io.printers.UniversitySystemPrinter:printUniversitySystem(115): Student: SOFYA MARATOVA, spesiality: ENGINEER-TECHNOLOGIST.
INFO  2016-09-29T22:52:21,349 [main] com.roxoft.hierarchy.io.printers.UniversitySystemPrinter:printUniversitySystem(115): Student: ANTON SHATILO, spesiality: PETROLEUM-ENGINEER.
INFO  2016-09-29T22:52:21,349 [main] com.roxoft.hierarchy.io.printers.UniversitySystemPrinter:printUniversitySystem(115): Student: EVGENIA MALAYA, spesiality: ENGINEER-BUILDER.
INFO  2016-09-29T22:52:21,349 [main] com.roxoft.hierarchy.io.printers.UniversitySystemPrinter:printUniversitySystem(115): Student: SVETLANA MALAYA, spesiality: ENGINEER-TECHNOLOGIST.
INFO  2016-09-29T22:52:21,349 [main] com.roxoft.hierarchy.io.printers.UniversitySystemPrinter:printUniversitySystem(115): Student: IRINA ULYEVA, spesiality: ENGINEER-TECHNOLOGIST.
INFO  2016-09-29T22:52:21,350 [main] com.roxoft.hierarchy.io.printers.UniversitySystemPrinter:printUniversitySystem(115): Student: DENIS PRISCHEPOV, spesiality: ENGINEER-TECHNOLOGIST.
INFO  2016-09-29T22:52:21,350 [main] com.roxoft.hierarchy.io.printers.UniversitySystemPrinter:printUniversitySystem(115): Student: ALEXANDER BABICH, spesiality: PETROLEUM-ENGINEER.
INFO  2016-09-29T22:52:21,350 [main] com.roxoft.hierarchy.io.printers.UniversitySystemPrinter:printUniversitySystem(115): Student: SOFYA BORISENKO, spesiality: ENGINEER-BUILDER.
INFO  2016-09-29T22:52:21,350 [main] com.roxoft.hierarchy.io.printers.UniversitySystemPrinter:printUniversitySystem(115): Student: ANATILIY PAVLOV, spesiality: ENGINEER-BUILDER.
INFO  2016-09-29T22:52:21,350 [main] com.roxoft.hierarchy.io.printers.UniversitySystemPrinter:printUniversitySystem(115): Student: PAVEL CHERNOV, spesiality: ENGINEER-TECHNOLOGIST.
INFO  2016-09-29T22:52:21,350 [main] com.roxoft.hierarchy.io.printers.UniversitySystemPrinter:printUniversitySystem(115): Student: ELVIRA KORYAKA, spesiality: ENGINEER-BUILDER.
INFO  2016-09-29T22:52:21,350 [main] com.roxoft.hierarchy.io.printers.UniversitySystemPrinter:printUniversitySystem(115): Student: OLGA BELYAEVA, spesiality: ENGINEER-TECHNOLOGIST.
INFO  2016-09-29T22:52:21,350 [main] com.roxoft.hierarchy.io.printers.UniversitySystemPrinter:printUniversitySystem(115): Student: VERA SOBOLEVSKAYA, spesiality: ENGINEER-TECHNOLOGIST.
INFO  2016-09-29T22:52:21,350 [main] com.roxoft.hierarchy.io.printers.UniversitySystemPrinter:printUniversitySystem(120): University BNTU: number of lecturers = 2, number of students = 13.
INFO  2016-09-29T22:52:21,351 [main] com.roxoft.hierarchy.io.printers.UniversitySystemPrinter:printUniversitySystem(103): 
University: BSEU.
INFO  2016-09-29T22:52:21,351 [main] com.roxoft.hierarchy.io.printers.UniversitySystemPrinter:printUniversitySystem(104): Address: Partisan Av., 26, 220070, Minsk.
INFO  2016-09-29T22:52:21,351 [main] com.roxoft.hierarchy.io.printers.UniversitySystemPrinter:printUniversitySystem(108): Specialities: [ECONOMIST, ACCOUNTANT].
INFO  2016-09-29T22:52:21,351 [main] com.roxoft.hierarchy.io.printers.UniversitySystemPrinter:printUniversitySystem(110): Lecturer: LILIYA GOLUB.
INFO  2016-09-29T22:52:21,351 [main] com.roxoft.hierarchy.io.printers.UniversitySystemPrinter:printUniversitySystem(110): Lecturer: SERGEY DZHAFAROV.
INFO  2016-09-29T22:52:21,351 [main] com.roxoft.hierarchy.io.printers.UniversitySystemPrinter:printUniversitySystem(110): Lecturer: SVETLANA IZVITSKAYA.
INFO  2016-09-29T22:52:21,351 [main] com.roxoft.hierarchy.io.printers.UniversitySystemPrinter:printUniversitySystem(110): Lecturer: EKATERINA KUZMINA.
INFO  2016-09-29T22:52:21,351 [main] com.roxoft.hierarchy.io.printers.UniversitySystemPrinter:printUniversitySystem(110): Lecturer: VALENTIN LESYN.
INFO  2016-09-29T22:52:21,351 [main] com.roxoft.hierarchy.io.printers.UniversitySystemPrinter:printUniversitySystem(115): Student: MAKSIM PAVLOV, spesiality: ACCOUNTANT.
INFO  2016-09-29T22:52:21,351 [main] com.roxoft.hierarchy.io.printers.UniversitySystemPrinter:printUniversitySystem(115): Student: ALEXANDRA ABRAMOVA, spesiality: ECONOMIST.
INFO  2016-09-29T22:52:21,351 [main] com.roxoft.hierarchy.io.printers.UniversitySystemPrinter:printUniversitySystem(115): Student: EVGENIY KOVAL, spesiality: ACCOUNTANT.
INFO  2016-09-29T22:52:21,352 [main] com.roxoft.hierarchy.io.printers.UniversitySystemPrinter:printUniversitySystem(115): Student: YANA IZVITSKAYA, spesiality: ECONOMIST.
INFO  2016-09-29T22:52:21,352 [main] com.roxoft.hierarchy.io.printers.UniversitySystemPrinter:printUniversitySystem(115): Student: ANATILIY LYSENKO, spesiality: ECONOMIST.
INFO  2016-09-29T22:52:21,352 [main] com.roxoft.hierarchy.io.printers.UniversitySystemPrinter:printUniversitySystem(115): Student: MARINA BELYAEVA, spesiality: ECONOMIST.
INFO  2016-09-29T22:52:21,352 [main] com.roxoft.hierarchy.io.printers.UniversitySystemPrinter:printUniversitySystem(115): Student: BORIS HAMENYA, spesiality: ACCOUNTANT.
INFO  2016-09-29T22:52:21,352 [main] com.roxoft.hierarchy.io.printers.UniversitySystemPrinter:printUniversitySystem(115): Student: VIKTOR BABICH, spesiality: ECONOMIST.
INFO  2016-09-29T22:52:21,352 [main] com.roxoft.hierarchy.io.printers.UniversitySystemPrinter:printUniversitySystem(115): Student: VALENTIN GOLUB, spesiality: ECONOMIST.
INFO  2016-09-29T22:52:21,352 [main] com.roxoft.hierarchy.io.printers.UniversitySystemPrinter:printUniversitySystem(120): University BSEU: number of lecturers = 5, number of students = 9.
INFO  2016-09-29T22:52:21,352 [main] com.roxoft.hierarchy.io.printers.UniversitySystemPrinter:printUniversitySystem(103): 
University: BSU.
INFO  2016-09-29T22:52:21,352 [main] com.roxoft.hierarchy.io.printers.UniversitySystemPrinter:printUniversitySystem(104): Address: Independence Av., 4, 220030, Minsk.
INFO  2016-09-29T22:52:21,353 [main] com.roxoft.hierarchy.io.printers.UniversitySystemPrinter:printUniversitySystem(108): Specialities: [ENGINEER-PROGRAMMER, LOGIST].
INFO  2016-09-29T22:52:21,353 [main] com.roxoft.hierarchy.io.printers.UniversitySystemPrinter:printUniversitySystem(110): Lecturer: EKATERINA TUMANOVA.
INFO  2016-09-29T22:52:21,353 [main] com.roxoft.hierarchy.io.printers.UniversitySystemPrinter:printUniversitySystem(110): Lecturer: ELVIRA TUMANOVA.
INFO  2016-09-29T22:52:21,353 [main] com.roxoft.hierarchy.io.printers.UniversitySystemPrinter:printUniversitySystem(110): Lecturer: VERONIKA FEDOROVA.
INFO  2016-09-29T22:52:21,353 [main] com.roxoft.hierarchy.io.printers.UniversitySystemPrinter:printUniversitySystem(115): Student: VADIM ZUBOV, spesiality: ENGINEER-PROGRAMMER.
INFO  2016-09-29T22:52:21,353 [main] com.roxoft.hierarchy.io.printers.UniversitySystemPrinter:printUniversitySystem(115): Student: ANASTASIA DOROFEEVA, spesiality: ENGINEER-PROGRAMMER.
INFO  2016-09-29T22:52:21,353 [main] com.roxoft.hierarchy.io.printers.UniversitySystemPrinter:printUniversitySystem(115): Student: ALISA ULYEVA, spesiality: LOGIST.
INFO  2016-09-29T22:52:21,353 [main] com.roxoft.hierarchy.io.printers.UniversitySystemPrinter:printUniversitySystem(115): Student: MIKHAIL ARKANOV, spesiality: LOGIST.
INFO  2016-09-29T22:52:21,353 [main] com.roxoft.hierarchy.io.printers.UniversitySystemPrinter:printUniversitySystem(115): Student: ARKADIY CHEPIKOV, spesiality: LOGIST.
INFO  2016-09-29T22:52:21,354 [main] com.roxoft.hierarchy.io.printers.UniversitySystemPrinter:printUniversitySystem(120): University BSU: number of lecturers = 3, number of students = 5.
INFO  2016-09-29T22:52:21,354 [main] com.roxoft.hierarchy.io.printers.UniversitySystemPrinter:printUniversitySystem(103): 
University: BSUIR.
INFO  2016-09-29T22:52:21,354 [main] com.roxoft.hierarchy.io.printers.UniversitySystemPrinter:printUniversitySystem(104): Address: P.Brovki st., 4, 220013, Minsk.
INFO  2016-09-29T22:52:21,354 [main] com.roxoft.hierarchy.io.printers.UniversitySystemPrinter:printUniversitySystem(108): Specialities: [ENGINEER-PROGRAMMER, ECONOMIST].
INFO  2016-09-29T22:52:21,354 [main] com.roxoft.hierarchy.io.printers.UniversitySystemPrinter:printUniversitySystem(110): Lecturer: VADIM FADEYEV.
INFO  2016-09-29T22:52:21,354 [main] com.roxoft.hierarchy.io.printers.UniversitySystemPrinter:printUniversitySystem(110): Lecturer: NINA FEDOROVA.
INFO  2016-09-29T22:52:21,354 [main] com.roxoft.hierarchy.io.printers.UniversitySystemPrinter:printUniversitySystem(115): Student: YANA SHMIDT, spesiality: ECONOMIST.
INFO  2016-09-29T22:52:21,355 [main] com.roxoft.hierarchy.io.printers.UniversitySystemPrinter:printUniversitySystem(115): Student: YULIYA BELYAEVA, spesiality: ENGINEER-PROGRAMMER.
INFO  2016-09-29T22:52:21,355 [main] com.roxoft.hierarchy.io.printers.UniversitySystemPrinter:printUniversitySystem(115): Student: EVGENIY LESYN, spesiality: ECONOMIST.
INFO  2016-09-29T22:52:21,355 [main] com.roxoft.hierarchy.io.printers.UniversitySystemPrinter:printUniversitySystem(115): Student: VADIM DZHAFAROV, spesiality: ECONOMIST.
INFO  2016-09-29T22:52:21,355 [main] com.roxoft.hierarchy.io.printers.UniversitySystemPrinter:printUniversitySystem(115): Student: TAMARA KORCHAK, spesiality: ECONOMIST.
INFO  2016-09-29T22:52:21,355 [main] com.roxoft.hierarchy.io.printers.UniversitySystemPrinter:printUniversitySystem(115): Student: NIKOLAY NECHAEV, spesiality: ENGINEER-PROGRAMMER.
INFO  2016-09-29T22:52:21,355 [main] com.roxoft.hierarchy.io.printers.UniversitySystemPrinter:printUniversitySystem(115): Student: EVGENIY DZHAFAROV, spesiality: ECONOMIST.
INFO  2016-09-29T22:52:21,355 [main] com.roxoft.hierarchy.io.printers.UniversitySystemPrinter:printUniversitySystem(115): Student: SOFYA SOBOLEVSKAYA, spesiality: ECONOMIST.
INFO  2016-09-29T22:52:21,355 [main] com.roxoft.hierarchy.io.printers.UniversitySystemPrinter:printUniversitySystem(115): Student: YANA ULYEVA, spesiality: ECONOMIST.
INFO  2016-09-29T22:52:21,355 [main] com.roxoft.hierarchy.io.printers.UniversitySystemPrinter:printUniversitySystem(120): University BSUIR: number of lecturers = 2, number of students = 9.
INFO  2016-09-29T22:52:21,356 [main] com.roxoft.hierarchy.io.printers.UniversitySystemPrinter:purePrint(42): 
University System

INFO  2016-09-29T22:52:21,356 [main] com.roxoft.hierarchy.io.printers.UniversitySystemPrinter:purePrint(43): Number of students: 36.
INFO  2016-09-29T22:52:21,356 [main] com.roxoft.hierarchy.io.printers.UniversitySystemPrinter:purePrint(45): Student 1: SOFYA MARATOVA, university: BNTU, speciality: ENGINEER-TECHNOLOGIST.
INFO  2016-09-29T22:52:21,356 [main] com.roxoft.hierarchy.io.printers.UniversitySystemPrinter:purePrint(45): Student 2: ANTON SHATILO, university: BNTU, speciality: PETROLEUM-ENGINEER.
INFO  2016-09-29T22:52:21,356 [main] com.roxoft.hierarchy.io.printers.UniversitySystemPrinter:purePrint(45): Student 3: EVGENIA MALAYA, university: BNTU, speciality: ENGINEER-BUILDER.
INFO  2016-09-29T22:52:21,356 [main] com.roxoft.hierarchy.io.printers.UniversitySystemPrinter:purePrint(45): Student 4: SVETLANA MALAYA, university: BNTU, speciality: ENGINEER-TECHNOLOGIST.
INFO  2016-09-29T22:52:21,356 [main] com.roxoft.hierarchy.io.printers.UniversitySystemPrinter:purePrint(45): Student 5: IRINA ULYEVA, university: BNTU, speciality: ENGINEER-TECHNOLOGIST.
INFO  2016-09-29T22:52:21,356 [main] com.roxoft.hierarchy.io.printers.UniversitySystemPrinter:purePrint(45): Student 6: DENIS PRISCHEPOV, university: BNTU, speciality: ENGINEER-TECHNOLOGIST.
INFO  2016-09-29T22:52:21,356 [main] com.roxoft.hierarchy.io.printers.UniversitySystemPrinter:purePrint(45): Student 7: ALEXANDER BABICH, university: BNTU, speciality: PETROLEUM-ENGINEER.
INFO  2016-09-29T22:52:21,356 [main] com.roxoft.hierarchy.io.printers.UniversitySystemPrinter:purePrint(45): Student 8: SOFYA BORISENKO, university: BNTU, speciality: ENGINEER-BUILDER.
INFO  2016-09-29T22:52:21,356 [main] com.roxoft.hierarchy.io.printers.UniversitySystemPrinter:purePrint(45): Student 9: ANATILIY PAVLOV, university: BNTU, speciality: ENGINEER-BUILDER.
INFO  2016-09-29T22:52:21,356 [main] com.roxoft.hierarchy.io.printers.UniversitySystemPrinter:purePrint(45): Student 10: PAVEL CHERNOV, university: BNTU, speciality: ENGINEER-TECHNOLOGIST.
INFO  2016-09-29T22:52:21,357 [main] com.roxoft.hierarchy.io.printers.UniversitySystemPrinter:purePrint(45): Student 11: ELVIRA KORYAKA, university: BNTU, speciality: ENGINEER-BUILDER.
INFO  2016-09-29T22:52:21,357 [main] com.roxoft.hierarchy.io.printers.UniversitySystemPrinter:purePrint(45): Student 12: OLGA BELYAEVA, university: BNTU, speciality: ENGINEER-TECHNOLOGIST.
INFO  2016-09-29T22:52:21,357 [main] com.roxoft.hierarchy.io.printers.UniversitySystemPrinter:purePrint(45): Student 13: VERA SOBOLEVSKAYA, university: BNTU, speciality: ENGINEER-TECHNOLOGIST.
INFO  2016-09-29T22:52:21,357 [main] com.roxoft.hierarchy.io.printers.UniversitySystemPrinter:purePrint(45): Student 14: MAKSIM PAVLOV, university: BSEU, speciality: ACCOUNTANT.
INFO  2016-09-29T22:52:21,357 [main] com.roxoft.hierarchy.io.printers.UniversitySystemPrinter:purePrint(45): Student 15: ALEXANDRA ABRAMOVA, university: BSEU, speciality: ECONOMIST.
INFO  2016-09-29T22:52:21,357 [main] com.roxoft.hierarchy.io.printers.UniversitySystemPrinter:purePrint(45): Student 16: EVGENIY KOVAL, university: BSEU, speciality: ACCOUNTANT.
INFO  2016-09-29T22:52:21,357 [main] com.roxoft.hierarchy.io.printers.UniversitySystemPrinter:purePrint(45): Student 17: YANA IZVITSKAYA, university: BSEU, speciality: ECONOMIST.
INFO  2016-09-29T22:52:21,357 [main] com.roxoft.hierarchy.io.printers.UniversitySystemPrinter:purePrint(45): Student 18: ANATILIY LYSENKO, university: BSEU, speciality: ECONOMIST.
INFO  2016-09-29T22:52:21,357 [main] com.roxoft.hierarchy.io.printers.UniversitySystemPrinter:purePrint(45): Student 19: MARINA BELYAEVA, university: BSEU, speciality: ECONOMIST.
INFO  2016-09-29T22:52:21,357 [main] com.roxoft.hierarchy.io.printers.UniversitySystemPrinter:purePrint(45): Student 20: BORIS HAMENYA, university: BSEU, speciality: ACCOUNTANT.
INFO  2016-09-29T22:52:21,357 [main] com.roxoft.hierarchy.io.printers.UniversitySystemPrinter:purePrint(45): Student 21: VIKTOR BABICH, university: BSEU, speciality: ECONOMIST.
INFO  2016-09-29T22:52:21,357 [main] com.roxoft.hierarchy.io.printers.UniversitySystemPrinter:purePrint(45): Student 22: VALENTIN GOLUB, university: BSEU, speciality: ECONOMIST.
INFO  2016-09-29T22:52:21,358 [main] com.roxoft.hierarchy.io.printers.UniversitySystemPrinter:purePrint(45): Student 23: VADIM ZUBOV, university: BSU, speciality: ENGINEER-PROGRAMMER.
INFO  2016-09-29T22:52:21,358 [main] com.roxoft.hierarchy.io.printers.UniversitySystemPrinter:purePrint(45): Student 24: ANASTASIA DOROFEEVA, university: BSU, speciality: ENGINEER-PROGRAMMER.
INFO  2016-09-29T22:52:21,358 [main] com.roxoft.hierarchy.io.printers.UniversitySystemPrinter:purePrint(45): Student 25: ALISA ULYEVA, university: BSU, speciality: LOGIST.
INFO  2016-09-29T22:52:21,358 [main] com.roxoft.hierarchy.io.printers.UniversitySystemPrinter:purePrint(45): Student 26: MIKHAIL ARKANOV, university: BSU, speciality: LOGIST.
INFO  2016-09-29T22:52:21,358 [main] com.roxoft.hierarchy.io.printers.UniversitySystemPrinter:purePrint(45): Student 27: ARKADIY CHEPIKOV, university: BSU, speciality: LOGIST.
INFO  2016-09-29T22:52:21,358 [main] com.roxoft.hierarchy.io.printers.UniversitySystemPrinter:purePrint(45): Student 28: YANA SHMIDT, university: BSUIR, speciality: ECONOMIST.
INFO  2016-09-29T22:52:21,358 [main] com.roxoft.hierarchy.io.printers.UniversitySystemPrinter:purePrint(45): Student 29: YULIYA BELYAEVA, university: BSUIR, speciality: ENGINEER-PROGRAMMER.
INFO  2016-09-29T22:52:21,358 [main] com.roxoft.hierarchy.io.printers.UniversitySystemPrinter:purePrint(45): Student 30: EVGENIY LESYN, university: BSUIR, speciality: ECONOMIST.
INFO  2016-09-29T22:52:21,358 [main] com.roxoft.hierarchy.io.printers.UniversitySystemPrinter:purePrint(45): Student 31: VADIM DZHAFAROV, university: BSUIR, speciality: ECONOMIST.
INFO  2016-09-29T22:52:21,358 [main] com.roxoft.hierarchy.io.printers.UniversitySystemPrinter:purePrint(45): Student 32: TAMARA KORCHAK, university: BSUIR, speciality: ECONOMIST.
INFO  2016-09-29T22:52:21,359 [main] com.roxoft.hierarchy.io.printers.UniversitySystemPrinter:purePrint(45): Student 33: NIKOLAY NECHAEV, university: BSUIR, speciality: ENGINEER-PROGRAMMER.
INFO  2016-09-29T22:52:21,359 [main] com.roxoft.hierarchy.io.printers.UniversitySystemPrinter:purePrint(45): Student 34: EVGENIY DZHAFAROV, university: BSUIR, speciality: ECONOMIST.
INFO  2016-09-29T22:52:21,359 [main] com.roxoft.hierarchy.io.printers.UniversitySystemPrinter:purePrint(45): Student 35: SOFYA SOBOLEVSKAYA, university: BSUIR, speciality: ECONOMIST.
INFO  2016-09-29T22:52:21,359 [main] com.roxoft.hierarchy.io.printers.UniversitySystemPrinter:purePrint(45): Student 36: YANA ULYEVA, university: BSUIR, speciality: ECONOMIST.
INFO  2016-09-29T22:52:21,359 [main] com.roxoft.hierarchy.io.printers.UniversitySystemPrinter:purePrint(49): Number of lecturers: 12.
INFO  2016-09-29T22:52:21,359 [main] com.roxoft.hierarchy.io.printers.UniversitySystemPrinter:purePrint(51): Lecturer 1: GLEB CHERNOV, university: BNTU.
INFO  2016-09-29T22:52:21,359 [main] com.roxoft.hierarchy.io.printers.UniversitySystemPrinter:purePrint(51): Lecturer 2: ALISA SOBOLEVSKAYA, university: BNTU.
INFO  2016-09-29T22:52:21,359 [main] com.roxoft.hierarchy.io.printers.UniversitySystemPrinter:purePrint(51): Lecturer 3: LILIYA GOLUB, university: BSEU.
INFO  2016-09-29T22:52:21,359 [main] com.roxoft.hierarchy.io.printers.UniversitySystemPrinter:purePrint(51): Lecturer 4: SERGEY DZHAFAROV, university: BSEU.
INFO  2016-09-29T22:52:21,359 [main] com.roxoft.hierarchy.io.printers.UniversitySystemPrinter:purePrint(51): Lecturer 5: SVETLANA IZVITSKAYA, university: BSEU.
INFO  2016-09-29T22:52:21,359 [main] com.roxoft.hierarchy.io.printers.UniversitySystemPrinter:purePrint(51): Lecturer 6: EKATERINA KUZMINA, university: BSEU.
INFO  2016-09-29T22:52:21,360 [main] com.roxoft.hierarchy.io.printers.UniversitySystemPrinter:purePrint(51): Lecturer 7: VALENTIN LESYN, university: BSEU.
INFO  2016-09-29T22:52:21,360 [main] com.roxoft.hierarchy.io.printers.UniversitySystemPrinter:purePrint(51): Lecturer 8: EKATERINA TUMANOVA, university: BSU.
INFO  2016-09-29T22:52:21,360 [main] com.roxoft.hierarchy.io.printers.UniversitySystemPrinter:purePrint(51): Lecturer 9: ELVIRA TUMANOVA, university: BSU.
INFO  2016-09-29T22:52:21,360 [main] com.roxoft.hierarchy.io.printers.UniversitySystemPrinter:purePrint(51): Lecturer 10: VERONIKA FEDOROVA, university: BSU.
INFO  2016-09-29T22:52:21,360 [main] com.roxoft.hierarchy.io.printers.UniversitySystemPrinter:purePrint(51): Lecturer 11: VADIM FADEYEV, university: BSUIR.
INFO  2016-09-29T22:52:21,360 [main] com.roxoft.hierarchy.io.printers.UniversitySystemPrinter:purePrint(51): Lecturer 12: NINA FEDOROVA, university: BSUIR.
INFO  2016-09-29T22:52:21,360 [main] com.roxoft.hierarchy.io.printers.UniversitySystemPrinter:purePrint(54): Number of universities: 4.
INFO  2016-09-29T22:52:21,360 [main] com.roxoft.hierarchy.io.printers.UniversitySystemPrinter:purePrint(56): University 1: BNTU; address: Independence Av., 65, 220013, Minsk.
INFO  2016-09-29T22:52:21,360 [main] com.roxoft.hierarchy.io.printers.UniversitySystemPrinter:purePrint(56): University 2: BSEU; address: Partisan Av., 26, 220070, Minsk.
INFO  2016-09-29T22:52:21,360 [main] com.roxoft.hierarchy.io.printers.UniversitySystemPrinter:purePrint(56): University 3: BSU; address: Independence Av., 4, 220030, Minsk.
INFO  2016-09-29T22:52:21,360 [main] com.roxoft.hierarchy.io.printers.UniversitySystemPrinter:purePrint(56): University 4: BSUIR; address: P.Brovki st., 4, 220013, Minsk.
INFO  2016-09-29T22:52:21,447 [main] com.roxoft.hierarchy.io.printers.UniversitySystemPrinter:printUniversitySystem(100): 
University System
INFO  2016-09-29T22:52:21,447 [main] com.roxoft.hierarchy.io.printers.UniversitySystemPrinter:printUniversitySystem(103): 
University: BNTU.
INFO  2016-09-29T22:52:21,447 [main] com.roxoft.hierarchy.io.printers.UniversitySystemPrinter:printUniversitySystem(104): Address: Independence Av., 65, 220013, Minsk.
INFO  2016-09-29T22:52:21,447 [main] com.roxoft.hierarchy.io.printers.UniversitySystemPrinter:printUniversitySystem(108): Specialities: [ENGINEER-BUILDER, ENGINEER-TECHNOLOGIST, PETROLEUM-ENGINEER].
INFO  2016-09-29T22:52:21,447 [main] com.roxoft.hierarchy.io.printers.UniversitySystemPrinter:printUniversitySystem(110): Lecturer: GLEB CHERNOV.
INFO  2016-09-29T22:52:21,447 [main] com.roxoft.hierarchy.io.printers.UniversitySystemPrinter:printUniversitySystem(110): Lecturer: ALISA SOBOLEVSKAYA.
INFO  2016-09-29T22:52:21,447 [main] com.roxoft.hierarchy.io.printers.UniversitySystemPrinter:printUniversitySystem(115): Student: SOFYA MARATOVA, spesiality: ENGINEER-TECHNOLOGIST.
INFO  2016-09-29T22:52:21,447 [main] com.roxoft.hierarchy.io.printers.UniversitySystemPrinter:printUniversitySystem(115): Student: ANTON SHATILO, spesiality: PETROLEUM-ENGINEER.
INFO  2016-09-29T22:52:21,448 [main] com.roxoft.hierarchy.io.printers.UniversitySystemPrinter:printUniversitySystem(115): Student: EVGENIA MALAYA, spesiality: ENGINEER-BUILDER.
INFO  2016-09-29T22:52:21,448 [main] com.roxoft.hierarchy.io.printers.UniversitySystemPrinter:printUniversitySystem(115): Student: SVETLANA MALAYA, spesiality: ENGINEER-TECHNOLOGIST.
INFO  2016-09-29T22:52:21,448 [main] com.roxoft.hierarchy.io.printers.UniversitySystemPrinter:printUniversitySystem(115): Student: IRINA ULYEVA, spesiality: ENGINEER-TECHNOLOGIST.
INFO  2016-09-29T22:52:21,448 [main] com.roxoft.hierarchy.io.printers.UniversitySystemPrinter:printUniversitySystem(115): Student: DENIS PRISCHEPOV, spesiality: ENGINEER-TECHNOLOGIST.
INFO  2016-09-29T22:52:21,448 [main] com.roxoft.hierarchy.io.printers.UniversitySystemPrinter:printUniversitySystem(115): Student: ALEXANDER BABICH, spesiality: PETROLEUM-ENGINEER.
INFO  2016-09-29T22:52:21,448 [main] com.roxoft.hierarchy.io.printers.UniversitySystemPrinter:printUniversitySystem(115): Student: SOFYA BORISENKO, spesiality: ENGINEER-BUILDER.
INFO  2016-09-29T22:52:21,448 [main] com.roxoft.hierarchy.io.printers.UniversitySystemPrinter:printUniversitySystem(115): Student: ANATILIY PAVLOV, spesiality: ENGINEER-BUILDER.
INFO  2016-09-29T22:52:21,448 [main] com.roxoft.hierarchy.io.printers.UniversitySystemPrinter:printUniversitySystem(115): Student: PAVEL CHERNOV, spesiality: ENGINEER-TECHNOLOGIST.
INFO  2016-09-29T22:52:21,448 [main] com.roxoft.hierarchy.io.printers.UniversitySystemPrinter:printUniversitySystem(115): Student: ELVIRA KORYAKA, spesiality: ENGINEER-BUILDER.
INFO  2016-09-29T22:52:21,448 [main] com.roxoft.hierarchy.io.printers.UniversitySystemPrinter:printUniversitySystem(115): Student: OLGA BELYAEVA, spesiality: ENGINEER-TECHNOLOGIST.
INFO  2016-09-29T22:52:21,448 [main] com.roxoft.hierarchy.io.printers.UniversitySystemPrinter:printUniversitySystem(115): Student: VERA SOBOLEVSKAYA, spesiality: ENGINEER-TECHNOLOGIST.
INFO  2016-09-29T22:52:21,448 [main] com.roxoft.hierarchy.io.printers.UniversitySystemPrinter:printUniversitySystem(120): University BNTU: number of lecturers = 2, number of students = 13.
INFO  2016-09-29T22:52:21,448 [main] com.roxoft.hierarchy.io.printers.UniversitySystemPrinter:printUniversitySystem(103): 
University: BSEU.
INFO  2016-09-29T22:52:21,448 [main] com.roxoft.hierarchy.io.printers.UniversitySystemPrinter:printUniversitySystem(104): Address: Partisan Av., 26, 220070, Minsk.
INFO  2016-09-29T22:52:21,449 [main] com.roxoft.hierarchy.io.printers.UniversitySystemPrinter:printUniversitySystem(108): Specialities: [ECONOMIST, ACCOUNTANT].
INFO  2016-09-29T22:52:21,449 [main] com.roxoft.hierarchy.io.printers.UniversitySystemPrinter:printUniversitySystem(110): Lecturer: LILIYA GOLUB.
INFO  2016-09-29T22:52:21,449 [main] com.roxoft.hierarchy.io.printers.UniversitySystemPrinter:printUniversitySystem(110): Lecturer: SERGEY DZHAFAROV.
INFO  2016-09-29T22:52:21,455 [main] com.roxoft.hierarchy.io.printers.UniversitySystemPrinter:printUniversitySystem(110): Lecturer: SVETLANA IZVITSKAYA.
INFO  2016-09-29T22:52:21,455 [main] com.roxoft.hierarchy.io.printers.UniversitySystemPrinter:printUniversitySystem(110): Lecturer: EKATERINA KUZMINA.
INFO  2016-09-29T22:52:21,455 [main] com.roxoft.hierarchy.io.printers.UniversitySystemPrinter:printUniversitySystem(110): Lecturer: VALENTIN LESYN.
INFO  2016-09-29T22:52:21,455 [main] com.roxoft.hierarchy.io.printers.UniversitySystemPrinter:printUniversitySystem(115): Student: MAKSIM PAVLOV, spesiality: ACCOUNTANT.
INFO  2016-09-29T22:52:21,455 [main] com.roxoft.hierarchy.io.printers.UniversitySystemPrinter:printUniversitySystem(115): Student: ALEXANDRA ABRAMOVA, spesiality: ECONOMIST.
INFO  2016-09-29T22:52:21,455 [main] com.roxoft.hierarchy.io.printers.UniversitySystemPrinter:printUniversitySystem(115): Student: EVGENIY KOVAL, spesiality: ACCOUNTANT.
INFO  2016-09-29T22:52:21,455 [main] com.roxoft.hierarchy.io.printers.UniversitySystemPrinter:printUniversitySystem(115): Student: YANA IZVITSKAYA, spesiality: ECONOMIST.
INFO  2016-09-29T22:52:21,455 [main] com.roxoft.hierarchy.io.printers.UniversitySystemPrinter:printUniversitySystem(115): Student: ANATILIY LYSENKO, spesiality: ECONOMIST.
INFO  2016-09-29T22:52:21,456 [main] com.roxoft.hierarchy.io.printers.UniversitySystemPrinter:printUniversitySystem(115): Student: MARINA BELYAEVA, spesiality: ECONOMIST.
INFO  2016-09-29T22:52:21,456 [main] com.roxoft.hierarchy.io.printers.UniversitySystemPrinter:printUniversitySystem(115): Student: BORIS HAMENYA, spesiality: ACCOUNTANT.
INFO  2016-09-29T22:52:21,456 [main] com.roxoft.hierarchy.io.printers.UniversitySystemPrinter:printUniversitySystem(115): Student: VIKTOR BABICH, spesiality: ECONOMIST.
INFO  2016-09-29T22:52:21,456 [main] com.roxoft.hierarchy.io.printers.UniversitySystemPrinter:printUniversitySystem(115): Student: VALENTIN GOLUB, spesiality: ECONOMIST.
INFO  2016-09-29T22:52:21,456 [main] com.roxoft.hierarchy.io.printers.UniversitySystemPrinter:printUniversitySystem(120): University BSEU: number of lecturers = 5, number of students = 9.
INFO  2016-09-29T22:52:21,456 [main] com.roxoft.hierarchy.io.printers.UniversitySystemPrinter:printUniversitySystem(103): 
University: BSU.
INFO  2016-09-29T22:52:21,456 [main] com.roxoft.hierarchy.io.printers.UniversitySystemPrinter:printUniversitySystem(104): Address: Independence Av., 4, 220030, Minsk.
INFO  2016-09-29T22:52:21,456 [main] com.roxoft.hierarchy.io.printers.UniversitySystemPrinter:printUniversitySystem(108): Specialities: [ENGINEER-PROGRAMMER, LOGIST].
INFO  2016-09-29T22:52:21,456 [main] com.roxoft.hierarchy.io.printers.UniversitySystemPrinter:printUniversitySystem(110): Lecturer: EKATERINA TUMANOVA.
INFO  2016-09-29T22:52:21,456 [main] com.roxoft.hierarchy.io.printers.UniversitySystemPrinter:printUniversitySystem(110): Lecturer: ELVIRA TUMANOVA.
INFO  2016-09-29T22:52:21,457 [main] com.roxoft.hierarchy.io.printers.UniversitySystemPrinter:printUniversitySystem(110): Lecturer: VERONIKA FEDOROVA.
INFO  2016-09-29T22:52:21,457 [main] com.roxoft.hierarchy.io.printers.UniversitySystemPrinter:printUniversitySystem(115): Student: VADIM ZUBOV, spesiality: ENGINEER-PROGRAMMER.
INFO  2016-09-29T22:52:21,457 [main] com.roxoft.hierarchy.io.printers.UniversitySystemPrinter:printUniversitySystem(115): Student: ANASTASIA DOROFEEVA, spesiality: ENGINEER-PROGRAMMER.
INFO  2016-09-29T22:52:21,458 [main] com.roxoft.hierarchy.io.printers.UniversitySystemPrinter:printUniversitySystem(115): Student: ALISA ULYEVA, spesiality: LOGIST.
INFO  2016-09-29T22:52:21,458 [main] com.roxoft.hierarchy.io.printers.UniversitySystemPrinter:printUniversitySystem(115): Student: MIKHAIL ARKANOV, spesiality: LOGIST.
INFO  2016-09-29T22:52:21,458 [main] com.roxoft.hierarchy.io.printers.UniversitySystemPrinter:printUniversitySystem(115): Student: ARKADIY CHEPIKOV, spesiality: LOGIST.
INFO  2016-09-29T22:52:21,458 [main] com.roxoft.hierarchy.io.printers.UniversitySystemPrinter:printUniversitySystem(120): University BSU: number of lecturers = 3, number of students = 5.
INFO  2016-09-29T22:52:21,459 [main] com.roxoft.hierarchy.io.printers.UniversitySystemPrinter:printUniversitySystem(103): 
University: BSUIR.
INFO  2016-09-29T22:52:21,459 [main] com.roxoft.hierarchy.io.printers.UniversitySystemPrinter:printUniversitySystem(104): Address: P.Brovki st., 4, 220013, Minsk.
INFO  2016-09-29T22:52:21,459 [main] com.roxoft.hierarchy.io.printers.UniversitySystemPrinter:printUniversitySystem(108): Specialities: [ENGINEER-PROGRAMMER, ECONOMIST].
INFO  2016-09-29T22:52:21,459 [main] com.roxoft.hierarchy.io.printers.UniversitySystemPrinter:printUniversitySystem(110): Lecturer: VADIM FADEYEV.
INFO  2016-09-29T22:52:21,459 [main] com.roxoft.hierarchy.io.printers.UniversitySystemPrinter:printUniversitySystem(110): Lecturer: NINA FEDOROVA.
INFO  2016-09-29T22:52:21,459 [main] com.roxoft.hierarchy.io.printers.UniversitySystemPrinter:printUniversitySystem(115): Student: YANA SHMIDT, spesiality: ECONOMIST.
INFO  2016-09-29T22:52:21,459 [main] com.roxoft.hierarchy.io.printers.UniversitySystemPrinter:printUniversitySystem(115): Student: YULIYA BELYAEVA, spesiality: ENGINEER-PROGRAMMER.
INFO  2016-09-29T22:52:21,459 [main] com.roxoft.hierarchy.io.printers.UniversitySystemPrinter:printUniversitySystem(115): Student: EVGENIY LESYN, spesiality: ECONOMIST.
INFO  2016-09-29T22:52:21,459 [main] com.roxoft.hierarchy.io.printers.UniversitySystemPrinter:printUniversitySystem(115): Student: VADIM DZHAFAROV, spesiality: ECONOMIST.
INFO  2016-09-29T22:52:21,459 [main] com.roxoft.hierarchy.io.printers.UniversitySystemPrinter:printUniversitySystem(115): Student: TAMARA KORCHAK, spesiality: ECONOMIST.
INFO  2016-09-29T22:52:21,460 [main] com.roxoft.hierarchy.io.printers.UniversitySystemPrinter:printUniversitySystem(115): Student: NIKOLAY NECHAEV, spesiality: ENGINEER-PROGRAMMER.
INFO  2016-09-29T22:52:21,460 [main] com.roxoft.hierarchy.io.printers.UniversitySystemPrinter:printUniversitySystem(115): Student: EVGENIY DZHAFAROV, spesiality: ECONOMIST.
INFO  2016-09-29T22:52:21,460 [main] com.roxoft.hierarchy.io.printers.UniversitySystemPrinter:printUniversitySystem(115): Student: SOFYA SOBOLEVSKAYA, spesiality: ECONOMIST.
INFO  2016-09-29T22:52:21,460 [main] com.roxoft.hierarchy.io.printers.UniversitySystemPrinter:printUniversitySystem(115): Student: YANA ULYEVA, spesiality: ECONOMIST.
INFO  2016-09-29T22:52:21,460 [main] com.roxoft.hierarchy.io.printers.UniversitySystemPrinter:printUniversitySystem(120): University BSUIR: number of lecturers = 2, number of students = 9.
INFO  2016-09-29T22:52:21,460 [main] com.roxoft.hierarchy.io.printers.UniversitySystemPrinter:purePrint(42): 
University System

INFO  2016-09-29T22:52:21,460 [main] com.roxoft.hierarchy.io.printers.UniversitySystemPrinter:purePrint(43): Number of students: 36.
INFO  2016-09-29T22:52:21,460 [main] com.roxoft.hierarchy.io.printers.UniversitySystemPrinter:purePrint(45): Student 1: SOFYA MARATOVA, university: BNTU, speciality: ENGINEER-TECHNOLOGIST.
INFO  2016-09-29T22:52:21,460 [main] com.roxoft.hierarchy.io.printers.UniversitySystemPrinter:purePrint(45): Student 2: ANTON SHATILO, university: BNTU, speciality: PETROLEUM-ENGINEER.
INFO  2016-09-29T22:52:21,460 [main] com.roxoft.hierarchy.io.printers.UniversitySystemPrinter:purePrint(45): Student 3: EVGENIA MALAYA, university: BNTU, speciality: ENGINEER-BUILDER.
INFO  2016-09-29T22:52:21,460 [main] com.roxoft.hierarchy.io.printers.UniversitySystemPrinter:purePrint(45): Student 4: SVETLANA MALAYA, university: BNTU, speciality: ENGINEER-TECHNOLOGIST.
INFO  2016-09-29T22:52:21,461 [main] com.roxoft.hierarchy.io.printers.UniversitySystemPrinter:purePrint(45): Student 5: IRINA ULYEVA, university: BNTU, speciality: ENGINEER-TECHNOLOGIST.
INFO  2016-09-29T22:52:21,461 [main] com.roxoft.hierarchy.io.printers.UniversitySystemPrinter:purePrint(45): Student 6: DENIS PRISCHEPOV, university: BNTU, speciality: ENGINEER-TECHNOLOGIST.
INFO  2016-09-29T22:52:21,461 [main] com.roxoft.hierarchy.io.printers.UniversitySystemPrinter:purePrint(45): Student 7: ALEXANDER BABICH, university: BNTU, speciality: PETROLEUM-ENGINEER.
INFO  2016-09-29T22:52:21,461 [main] com.roxoft.hierarchy.io.printers.UniversitySystemPrinter:purePrint(45): Student 8: SOFYA BORISENKO, university: BNTU, speciality: ENGINEER-BUILDER.
INFO  2016-09-29T22:52:21,461 [main] com.roxoft.hierarchy.io.printers.UniversitySystemPrinter:purePrint(45): Student 9: ANATILIY PAVLOV, university: BNTU, speciality: ENGINEER-BUILDER.
INFO  2016-09-29T22:52:21,461 [main] com.roxoft.hierarchy.io.printers.UniversitySystemPrinter:purePrint(45): Student 10: PAVEL CHERNOV, university: BNTU, speciality: ENGINEER-TECHNOLOGIST.
INFO  2016-09-29T22:52:21,461 [main] com.roxoft.hierarchy.io.printers.UniversitySystemPrinter:purePrint(45): Student 11: ELVIRA KORYAKA, university: BNTU, speciality: ENGINEER-BUILDER.
INFO  2016-09-29T22:52:21,461 [main] com.roxoft.hierarchy.io.printers.UniversitySystemPrinter:purePrint(45): Student 12: OLGA BELYAEVA, university: BNTU, speciality: ENGINEER-TECHNOLOGIST.
INFO  2016-09-29T22:52:21,461 [main] com.roxoft.hierarchy.io.printers.UniversitySystemPrinter:purePrint(45): Student 13: VERA SOBOLEVSKAYA, university: BNTU, speciality: ENGINEER-TECHNOLOGIST.
INFO  2016-09-29T22:52:21,461 [main] com.roxoft.hierarchy.io.printers.UniversitySystemPrinter:purePrint(45): Student 14: MAKSIM PAVLOV, university: BSEU, speciality: ACCOUNTANT.
INFO  2016-09-29T22:52:21,463 [main] com.roxoft.hierarchy.io.printers.UniversitySystemPrinter:purePrint(45): Student 15: ALEXANDRA ABRAMOVA, university: BSEU, speciality: ECONOMIST.
INFO  2016-09-29T22:52:21,463 [main] com.roxoft.hierarchy.io.printers.UniversitySystemPrinter:purePrint(45): Student 16: EVGENIY KOVAL, university: BSEU, speciality: ACCOUNTANT.
INFO  2016-09-29T22:52:21,463 [main] com.roxoft.hierarchy.io.printers.UniversitySystemPrinter:purePrint(45): Student 17: YANA IZVITSKAYA, university: BSEU, speciality: ECONOMIST.
INFO  2016-09-29T22:52:21,463 [main] com.roxoft.hierarchy.io.printers.UniversitySystemPrinter:purePrint(45): Student 18: ANATILIY LYSENKO, university: BSEU, speciality: ECONOMIST.
INFO  2016-09-29T22:52:21,463 [main] com.roxoft.hierarchy.io.printers.UniversitySystemPrinter:purePrint(45): Student 19: MARINA BELYAEVA, university: BSEU, speciality: ECONOMIST.
INFO  2016-09-29T22:52:21,463 [main] com.roxoft.hierarchy.io.printers.UniversitySystemPrinter:purePrint(45): Student 20: BORIS HAMENYA, university: BSEU, speciality: ACCOUNTANT.
INFO  2016-09-29T22:52:21,463 [main] com.roxoft.hierarchy.io.printers.UniversitySystemPrinter:purePrint(45): Student 21: VIKTOR BABICH, university: BSEU, speciality: ECONOMIST.
INFO  2016-09-29T22:52:21,463 [main] com.roxoft.hierarchy.io.printers.UniversitySystemPrinter:purePrint(45): Student 22: VALENTIN GOLUB, university: BSEU, speciality: ECONOMIST.
INFO  2016-09-29T22:52:21,463 [main] com.roxoft.hierarchy.io.printers.UniversitySystemPrinter:purePrint(45): Student 23: VADIM ZUBOV, university: BSU, speciality: ENGINEER-PROGRAMMER.
INFO  2016-09-29T22:52:21,463 [main] com.roxoft.hierarchy.io.printers.UniversitySystemPrinter:purePrint(45): Student 24: ANASTASIA DOROFEEVA, university: BSU, speciality: ENGINEER-PROGRAMMER.
INFO  2016-09-29T22:52:21,464 [main] com.roxoft.hierarchy.io.printers.UniversitySystemPrinter:purePrint(45): Student 25: ALISA ULYEVA, university: BSU, speciality: LOGIST.
INFO  2016-09-29T22:52:21,464 [main] com.roxoft.hierarchy.io.printers.UniversitySystemPrinter:purePrint(45): Student 26: MIKHAIL ARKANOV, university: BSU, speciality: LOGIST.
INFO  2016-09-29T22:52:21,465 [main] com.roxoft.hierarchy.io.printers.UniversitySystemPrinter:purePrint(45): Student 27: ARKADIY CHEPIKOV, university: BSU, speciality: LOGIST.
INFO  2016-09-29T22:52:21,465 [main] com.roxoft.hierarchy.io.printers.UniversitySystemPrinter:purePrint(45): Student 28: YANA SHMIDT, university: BSUIR, speciality: ECONOMIST.
INFO  2016-09-29T22:52:21,465 [main] com.roxoft.hierarchy.io.printers.UniversitySystemPrinter:purePrint(45): Student 29: YULIYA BELYAEVA, university: BSUIR, speciality: ENGINEER-PROGRAMMER.
INFO  2016-09-29T22:52:21,465 [main] com.roxoft.hierarchy.io.printers.UniversitySystemPrinter:purePrint(45): Student 30: EVGENIY LESYN, university: BSUIR, speciality: ECONOMIST.
INFO  2016-09-29T22:52:21,465 [main] com.roxoft.hierarchy.io.printers.UniversitySystemPrinter:purePrint(45): Student 31: VADIM DZHAFAROV, university: BSUIR, speciality: ECONOMIST.
INFO  2016-09-29T22:52:21,465 [main] com.roxoft.hierarchy.io.printers.UniversitySystemPrinter:purePrint(45): Student 32: TAMARA KORCHAK, university: BSUIR, speciality: ECONOMIST.
INFO  2016-09-29T22:52:21,465 [main] com.roxoft.hierarchy.io.printers.UniversitySystemPrinter:purePrint(45): Student 33: NIKOLAY NECHAEV, university: BSUIR, speciality: ENGINEER-PROGRAMMER.
INFO  2016-09-29T22:52:21,465 [main] com.roxoft.hierarchy.io.printers.UniversitySystemPrinter:purePrint(45): Student 34: EVGENIY DZHAFAROV, university: BSUIR, speciality: ECONOMIST.
INFO  2016-09-29T22:52:21,466 [main] com.roxoft.hierarchy.io.printers.UniversitySystemPrinter:purePrint(45): Student 35: SOFYA SOBOLEVSKAYA, university: BSUIR, speciality: ECONOMIST.
INFO  2016-09-29T22:52:21,466 [main] com.roxoft.hierarchy.io.printers.UniversitySystemPrinter:purePrint(45): Student 36: YANA ULYEVA, university: BSUIR, speciality: ECONOMIST.
INFO  2016-09-29T22:52:21,466 [main] com.roxoft.hierarchy.io.printers.UniversitySystemPrinter:purePrint(49): Number of lecturers: 12.
INFO  2016-09-29T22:52:21,466 [main] com.roxoft.hierarchy.io.printers.UniversitySystemPrinter:purePrint(51): Lecturer 1: GLEB CHERNOV, university: BNTU.
INFO  2016-09-29T22:52:21,466 [main] com.roxoft.hierarchy.io.printers.UniversitySystemPrinter:purePrint(51): Lecturer 2: ALISA SOBOLEVSKAYA, university: BNTU.
INFO  2016-09-29T22:52:21,471 [main] com.roxoft.hierarchy.io.printers.UniversitySystemPrinter:purePrint(51): Lecturer 3: LILIYA GOLUB, university: BSEU.
INFO  2016-09-29T22:52:21,471 [main] com.roxoft.hierarchy.io.printers.UniversitySystemPrinter:purePrint(51): Lecturer 4: SERGEY DZHAFAROV, university: BSEU.
INFO  2016-09-29T22:52:21,471 [main] com.roxoft.hierarchy.io.printers.UniversitySystemPrinter:purePrint(51): Lecturer 5: SVETLANA IZVITSKAYA, university: BSEU.
INFO  2016-09-29T22:52:21,471 [main] com.roxoft.hierarchy.io.printers.UniversitySystemPrinter:purePrint(51): Lecturer 6: EKATERINA KUZMINA, university: BSEU.
INFO  2016-09-29T22:52:21,471 [main] com.roxoft.hierarchy.io.printers.UniversitySystemPrinter:purePrint(51): Lecturer 7: VALENTIN LESYN, university: BSEU.
INFO  2016-09-29T22:52:21,471 [main] com.roxoft.hierarchy.io.printers.UniversitySystemPrinter:purePrint(51): Lecturer 8: EKATERINA TUMANOVA, university: BSU.
INFO  2016-09-29T22:52:21,472 [main] com.roxoft.hierarchy.io.printers.UniversitySystemPrinter:purePrint(51): Lecturer 9: ELVIRA TUMANOVA, university: BSU.
INFO  2016-09-29T22:52:21,472 [main] com.roxoft.hierarchy.io.printers.UniversitySystemPrinter:purePrint(51): Lecturer 10: VERONIKA FEDOROVA, university: BSU.
INFO  2016-09-29T22:52:21,472 [main] com.roxoft.hierarchy.io.printers.UniversitySystemPrinter:purePrint(51): Lecturer 11: VADIM FADEYEV, university: BSUIR.
INFO  2016-09-29T22:52:21,472 [main] com.roxoft.hierarchy.io.printers.UniversitySystemPrinter:purePrint(51): Lecturer 12: NINA FEDOROVA, university: BSUIR.
INFO  2016-09-29T22:52:21,472 [main] com.roxoft.hierarchy.io.printers.UniversitySystemPrinter:purePrint(54): Number of universities: 4.
INFO  2016-09-29T22:52:21,472 [main] com.roxoft.hierarchy.io.printers.UniversitySystemPrinter:purePrint(56): University 1: BNTU; address: Independence Av., 65, 220013, Minsk.
INFO  2016-09-29T22:52:21,472 [main] com.roxoft.hierarchy.io.printers.UniversitySystemPrinter:purePrint(56): University 2: BSEU; address: Partisan Av., 26, 220070, Minsk.
INFO  2016-09-29T22:52:21,472 [main] com.roxoft.hierarchy.io.printers.UniversitySystemPrinter:purePrint(56): University 3: BSU; address: Independence Av., 4, 220030, Minsk.
INFO  2016-09-29T22:52:21,472 [main] com.roxoft.hierarchy.io.printers.UniversitySystemPrinter:purePrint(56): University 4: BSUIR; address: P.Brovki st., 4, 220013, Minsk.
